[ 2016-04-09T15:04:44+08:00 ] ::1 /index.php/Home/Help/index
INFO: [ app_init ] --START--
INFO: Run Behavior\BuildLiteBehavior [ RunTime:0.000020s ]
INFO: [ app_init ] --END-- [ RunTime:0.001397s ]
INFO: [ app_begin ] --START--
INFO: Run Behavior\ReadHtmlCacheBehavior [ RunTime:0.000570s ]
INFO: [ app_begin ] --END-- [ RunTime:0.000621s ]
SQL: SHOW COLUMNS FROM `user` [ RunTime:0.0069s ]
SQL: SELECT * FROM `user`  [ RunTime:0.0004s ]
INFO: [ view_parse ] --START--
INFO: [ template_filter ] --START--
INFO: Run Behavior\ContentReplaceBehavior [ RunTime:0.000097s ]
INFO: [ template_filter ] --END-- [ RunTime:0.000171s ]
NOTIC: [8] Undefined index: clientname C:\Users\Administrator\Desktop\MCMS\Index\Runtime\Cache\Home\c88f9a24ff9af64699922839bf7203ff.php 第 83 行.
NOTIC: [8] Undefined index: addr C:\Users\Administrator\Desktop\MCMS\Index\Runtime\Cache\Home\c88f9a24ff9af64699922839bf7203ff.php 第 84 行.
NOTIC: [8] Undefined index: contact C:\Users\Administrator\Desktop\MCMS\Index\Runtime\Cache\Home\c88f9a24ff9af64699922839bf7203ff.php 第 86 行.
NOTIC: [8] Undefined index: last_time C:\Users\Administrator\Desktop\MCMS\Index\Runtime\Cache\Home\c88f9a24ff9af64699922839bf7203ff.php 第 87 行.
NOTIC: [8] Undefined index: clientname C:\Users\Administrator\Desktop\MCMS\Index\Runtime\Cache\Home\c88f9a24ff9af64699922839bf7203ff.php 第 83 行.
NOTIC: [8] Undefined index: addr C:\Users\Administrator\Desktop\MCMS\Index\Runtime\Cache\Home\c88f9a24ff9af64699922839bf7203ff.php 第 84 行.
NOTIC: [8] Undefined index: contact C:\Users\Administrator\Desktop\MCMS\Index\Runtime\Cache\Home\c88f9a24ff9af64699922839bf7203ff.php 第 86 行.
NOTIC: [8] Undefined index: last_time C:\Users\Administrator\Desktop\MCMS\Index\Runtime\Cache\Home\c88f9a24ff9af64699922839bf7203ff.php 第 87 行.
INFO: Run Behavior\ParseTemplateBehavior [ RunTime:0.024373s ]
INFO: [ view_parse ] --END-- [ RunTime:0.024442s ]
INFO: [ view_filter ] --START--
INFO: Run Behavior\WriteHtmlCacheBehavior [ RunTime:0.000854s ]
INFO: [ view_filter ] --END-- [ RunTime:0.000914s ]
INFO: [ app_end ] --START--
INFO: Run Behavior\ShowPageTraceBehavior [ RunTime:0.001361s ]
INFO: [ app_end ] --END-- [ RunTime:0.001441s ]

[ 2016-04-09T15:05:15+08:00 ] ::1 /index.php/Home/Help/index
INFO: [ app_init ] --START--
INFO: Run Behavior\BuildLiteBehavior [ RunTime:0.000015s ]
INFO: [ app_init ] --END-- [ RunTime:0.000342s ]
INFO: [ app_begin ] --START--
INFO: Run Behavior\ReadHtmlCacheBehavior [ RunTime:0.000419s ]
INFO: [ app_begin ] --END-- [ RunTime:0.000475s ]
SQL: SHOW COLUMNS FROM `user` [ RunTime:0.0043s ]
SQL: SELECT * FROM `user`  [ RunTime:0.0003s ]
INFO: [ view_parse ] --START--
INFO: [ template_filter ] --START--
INFO: Run Behavior\ContentReplaceBehavior [ RunTime:0.000097s ]
INFO: [ template_filter ] --END-- [ RunTime:0.000181s ]
NOTIC: [8] Undefined index: clientname C:\Users\Administrator\Desktop\MCMS\Index\Runtime\Cache\Home\c88f9a24ff9af64699922839bf7203ff.php 第 83 行.
NOTIC: [8] Undefined index: addr C:\Users\Administrator\Desktop\MCMS\Index\Runtime\Cache\Home\c88f9a24ff9af64699922839bf7203ff.php 第 84 行.
NOTIC: [8] Undefined index: contact C:\Users\Administrator\Desktop\MCMS\Index\Runtime\Cache\Home\c88f9a24ff9af64699922839bf7203ff.php 第 86 行.
NOTIC: [8] Undefined index: last_time C:\Users\Administrator\Desktop\MCMS\Index\Runtime\Cache\Home\c88f9a24ff9af64699922839bf7203ff.php 第 87 行.
NOTIC: [8] Undefined index: clientname C:\Users\Administrator\Desktop\MCMS\Index\Runtime\Cache\Home\c88f9a24ff9af64699922839bf7203ff.php 第 83 行.
NOTIC: [8] Undefined index: addr C:\Users\Administrator\Desktop\MCMS\Index\Runtime\Cache\Home\c88f9a24ff9af64699922839bf7203ff.php 第 84 行.
NOTIC: [8] Undefined index: contact C:\Users\Administrator\Desktop\MCMS\Index\Runtime\Cache\Home\c88f9a24ff9af64699922839bf7203ff.php 第 86 行.
NOTIC: [8] Undefined index: last_time C:\Users\Administrator\Desktop\MCMS\Index\Runtime\Cache\Home\c88f9a24ff9af64699922839bf7203ff.php 第 87 行.
INFO: Run Behavior\ParseTemplateBehavior [ RunTime:0.010253s ]
INFO: [ view_parse ] --END-- [ RunTime:0.010322s ]
INFO: [ view_filter ] --START--
INFO: Run Behavior\WriteHtmlCacheBehavior [ RunTime:0.000361s ]
INFO: [ view_filter ] --END-- [ RunTime:0.000414s ]
INFO: [ app_end ] --START--
INFO: Run Behavior\ShowPageTraceBehavior [ RunTime:0.000604s ]
INFO: [ app_end ] --END-- [ RunTime:0.000781s ]

[ 2016-04-09T15:05:26+08:00 ] ::1 /index.php/Home/Help/index
INFO: [ app_init ] --START--
INFO: Run Behavior\BuildLiteBehavior [ RunTime:0.000029s ]
INFO: [ app_init ] --END-- [ RunTime:0.000514s ]
INFO: [ app_begin ] --START--
INFO: Run Behavior\ReadHtmlCacheBehavior [ RunTime:0.000640s ]
INFO: [ app_begin ] --END-- [ RunTime:0.000722s ]
SQL: SHOW COLUMNS FROM `user` [ RunTime:0.0056s ]
SQL: SELECT * FROM `user`  [ RunTime:0.0003s ]
INFO: [ view_parse ] --START--
INFO: [ template_filter ] --START--
INFO: Run Behavior\ContentReplaceBehavior [ RunTime:0.000089s ]
INFO: [ template_filter ] --END-- [ RunTime:0.000166s ]
NOTIC: [8] Undefined index: clientname C:\Users\Administrator\Desktop\MCMS\Index\Runtime\Cache\Home\c88f9a24ff9af64699922839bf7203ff.php 第 83 行.
NOTIC: [8] Undefined index: addr C:\Users\Administrator\Desktop\MCMS\Index\Runtime\Cache\Home\c88f9a24ff9af64699922839bf7203ff.php 第 84 行.
NOTIC: [8] Undefined index: contact C:\Users\Administrator\Desktop\MCMS\Index\Runtime\Cache\Home\c88f9a24ff9af64699922839bf7203ff.php 第 86 行.
NOTIC: [8] Undefined index: last_time C:\Users\Administrator\Desktop\MCMS\Index\Runtime\Cache\Home\c88f9a24ff9af64699922839bf7203ff.php 第 87 行.
NOTIC: [8] Undefined index: clientname C:\Users\Administrator\Desktop\MCMS\Index\Runtime\Cache\Home\c88f9a24ff9af64699922839bf7203ff.php 第 83 行.
NOTIC: [8] Undefined index: addr C:\Users\Administrator\Desktop\MCMS\Index\Runtime\Cache\Home\c88f9a24ff9af64699922839bf7203ff.php 第 84 行.
NOTIC: [8] Undefined index: contact C:\Users\Administrator\Desktop\MCMS\Index\Runtime\Cache\Home\c88f9a24ff9af64699922839bf7203ff.php 第 86 行.
NOTIC: [8] Undefined index: last_time C:\Users\Administrator\Desktop\MCMS\Index\Runtime\Cache\Home\c88f9a24ff9af64699922839bf7203ff.php 第 87 行.
INFO: Run Behavior\ParseTemplateBehavior [ RunTime:0.009298s ]
INFO: [ view_parse ] --END-- [ RunTime:0.009360s ]
INFO: [ view_filter ] --START--
INFO: Run Behavior\WriteHtmlCacheBehavior [ RunTime:0.000301s ]
INFO: [ view_filter ] --END-- [ RunTime:0.000345s ]
INFO: [ app_end ] --START--
INFO: Run Behavior\ShowPageTraceBehavior [ RunTime:0.000538s ]
INFO: [ app_end ] --END-- [ RunTime:0.000590s ]

[ 2016-04-09T15:06:32+08:00 ] ::1 /index.php/Home/Help/index
INFO: [ app_init ] --START--
INFO: Run Behavior\BuildLiteBehavior [ RunTime:0.000017s ]
INFO: [ app_init ] --END-- [ RunTime:0.000375s ]
INFO: [ app_begin ] --START--
INFO: Run Behavior\ReadHtmlCacheBehavior [ RunTime:0.000422s ]
INFO: [ app_begin ] --END-- [ RunTime:0.000471s ]
SQL: SHOW COLUMNS FROM `user` [ RunTime:0.0051s ]
SQL: SELECT * FROM `user`  [ RunTime:0.0003s ]
INFO: [ view_parse ] --START--
INFO: [ template_filter ] --START--
INFO: Run Behavior\ContentReplaceBehavior [ RunTime:0.000073s ]
INFO: [ template_filter ] --END-- [ RunTime:0.000132s ]
NOTIC: [8] Undefined index: clientname C:\Users\Administrator\Desktop\MCMS\Index\Runtime\Cache\Home\c88f9a24ff9af64699922839bf7203ff.php 第 83 行.
NOTIC: [8] Undefined index: addr C:\Users\Administrator\Desktop\MCMS\Index\Runtime\Cache\Home\c88f9a24ff9af64699922839bf7203ff.php 第 84 行.
NOTIC: [8] Undefined index: contact C:\Users\Administrator\Desktop\MCMS\Index\Runtime\Cache\Home\c88f9a24ff9af64699922839bf7203ff.php 第 86 行.
NOTIC: [8] Undefined index: last_time C:\Users\Administrator\Desktop\MCMS\Index\Runtime\Cache\Home\c88f9a24ff9af64699922839bf7203ff.php 第 87 行.
NOTIC: [8] Undefined index: clientname C:\Users\Administrator\Desktop\MCMS\Index\Runtime\Cache\Home\c88f9a24ff9af64699922839bf7203ff.php 第 83 行.
NOTIC: [8] Undefined index: addr C:\Users\Administrator\Desktop\MCMS\Index\Runtime\Cache\Home\c88f9a24ff9af64699922839bf7203ff.php 第 84 行.
NOTIC: [8] Undefined index: contact C:\Users\Administrator\Desktop\MCMS\Index\Runtime\Cache\Home\c88f9a24ff9af64699922839bf7203ff.php 第 86 行.
NOTIC: [8] Undefined index: last_time C:\Users\Administrator\Desktop\MCMS\Index\Runtime\Cache\Home\c88f9a24ff9af64699922839bf7203ff.php 第 87 行.
INFO: Run Behavior\ParseTemplateBehavior [ RunTime:0.007938s ]
INFO: [ view_parse ] --END-- [ RunTime:0.007986s ]
INFO: [ view_filter ] --START--
INFO: Run Behavior\WriteHtmlCacheBehavior [ RunTime:0.000258s ]
INFO: [ view_filter ] --END-- [ RunTime:0.000295s ]
INFO: [ app_end ] --START--
INFO: Run Behavior\ShowPageTraceBehavior [ RunTime:0.000466s ]
INFO: [ app_end ] --END-- [ RunTime:0.000512s ]

[ 2016-04-09T15:12:01+08:00 ] ::1 /index.php/Home/Help/index
INFO: [ app_init ] --START--
INFO: Run Behavior\BuildLiteBehavior [ RunTime:0.000040s ]
INFO: [ app_init ] --END-- [ RunTime:0.000501s ]
INFO: [ app_begin ] --START--
INFO: Run Behavior\ReadHtmlCacheBehavior [ RunTime:0.000460s ]
INFO: [ app_begin ] --END-- [ RunTime:0.000521s ]
SQL: SHOW COLUMNS FROM `user` [ RunTime:0.0056s ]
SQL: SELECT * FROM `user`  [ RunTime:0.0003s ]
INFO: [ view_parse ] --START--
INFO: [ template_filter ] --START--
INFO: Run Behavior\ContentReplaceBehavior [ RunTime:0.000070s ]
INFO: [ template_filter ] --END-- [ RunTime:0.000124s ]
NOTIC: [8] Undefined index: clientname C:\Users\Administrator\Desktop\MCMS\Index\Runtime\Cache\Home\c88f9a24ff9af64699922839bf7203ff.php 第 83 行.
NOTIC: [8] Undefined index: addr C:\Users\Administrator\Desktop\MCMS\Index\Runtime\Cache\Home\c88f9a24ff9af64699922839bf7203ff.php 第 84 行.
NOTIC: [8] Undefined index: contact C:\Users\Administrator\Desktop\MCMS\Index\Runtime\Cache\Home\c88f9a24ff9af64699922839bf7203ff.php 第 86 行.
NOTIC: [8] Undefined index: last_time C:\Users\Administrator\Desktop\MCMS\Index\Runtime\Cache\Home\c88f9a24ff9af64699922839bf7203ff.php 第 87 行.
NOTIC: [8] Undefined index: clientname C:\Users\Administrator\Desktop\MCMS\Index\Runtime\Cache\Home\c88f9a24ff9af64699922839bf7203ff.php 第 83 行.
NOTIC: [8] Undefined index: addr C:\Users\Administrator\Desktop\MCMS\Index\Runtime\Cache\Home\c88f9a24ff9af64699922839bf7203ff.php 第 84 行.
NOTIC: [8] Undefined index: contact C:\Users\Administrator\Desktop\MCMS\Index\Runtime\Cache\Home\c88f9a24ff9af64699922839bf7203ff.php 第 86 行.
NOTIC: [8] Undefined index: last_time C:\Users\Administrator\Desktop\MCMS\Index\Runtime\Cache\Home\c88f9a24ff9af64699922839bf7203ff.php 第 87 行.
INFO: Run Behavior\ParseTemplateBehavior [ RunTime:0.008400s ]
INFO: [ view_parse ] --END-- [ RunTime:0.008454s ]
INFO: [ view_filter ] --START--
INFO: Run Behavior\WriteHtmlCacheBehavior [ RunTime:0.000294s ]
INFO: [ view_filter ] --END-- [ RunTime:0.000340s ]
INFO: [ app_end ] --START--
INFO: Run Behavior\ShowPageTraceBehavior [ RunTime:0.000497s ]
INFO: [ app_end ] --END-- [ RunTime:0.000540s ]

[ 2016-04-09T15:13:27+08:00 ] ::1 /index.php/Home/Help/index
INFO: [ app_init ] --START--
INFO: Run Behavior\BuildLiteBehavior [ RunTime:0.000016s ]
INFO: [ app_init ] --END-- [ RunTime:0.000800s ]
INFO: [ app_begin ] --START--
INFO: Run Behavior\ReadHtmlCacheBehavior [ RunTime:0.000399s ]
INFO: [ app_begin ] --END-- [ RunTime:0.000448s ]
SQL: SHOW COLUMNS FROM `user` [ RunTime:0.0083s ]
SQL: SELECT * FROM `user`  [ RunTime:0.0004s ]
INFO: [ view_parse ] --START--
INFO: [ template_filter ] --START--
INFO: Run Behavior\ContentReplaceBehavior [ RunTime:0.000083s ]
INFO: [ template_filter ] --END-- [ RunTime:0.000149s ]
NOTIC: [8] Undefined index: clientname C:\Users\Administrator\Desktop\MCMS\Index\Runtime\Cache\Home\c88f9a24ff9af64699922839bf7203ff.php 第 83 行.
NOTIC: [8] Undefined index: addr C:\Users\Administrator\Desktop\MCMS\Index\Runtime\Cache\Home\c88f9a24ff9af64699922839bf7203ff.php 第 84 行.
NOTIC: [8] Undefined index: contact C:\Users\Administrator\Desktop\MCMS\Index\Runtime\Cache\Home\c88f9a24ff9af64699922839bf7203ff.php 第 86 行.
NOTIC: [8] Undefined index: last_time C:\Users\Administrator\Desktop\MCMS\Index\Runtime\Cache\Home\c88f9a24ff9af64699922839bf7203ff.php 第 87 行.
NOTIC: [8] Undefined index: clientname C:\Users\Administrator\Desktop\MCMS\Index\Runtime\Cache\Home\c88f9a24ff9af64699922839bf7203ff.php 第 83 行.
NOTIC: [8] Undefined index: addr C:\Users\Administrator\Desktop\MCMS\Index\Runtime\Cache\Home\c88f9a24ff9af64699922839bf7203ff.php 第 84 行.
NOTIC: [8] Undefined index: contact C:\Users\Administrator\Desktop\MCMS\Index\Runtime\Cache\Home\c88f9a24ff9af64699922839bf7203ff.php 第 86 行.
NOTIC: [8] Undefined index: last_time C:\Users\Administrator\Desktop\MCMS\Index\Runtime\Cache\Home\c88f9a24ff9af64699922839bf7203ff.php 第 87 行.
INFO: Run Behavior\ParseTemplateBehavior [ RunTime:0.017022s ]
INFO: [ view_parse ] --END-- [ RunTime:0.017096s ]
INFO: [ view_filter ] --START--
INFO: Run Behavior\WriteHtmlCacheBehavior [ RunTime:0.000338s ]
INFO: [ view_filter ] --END-- [ RunTime:0.000383s ]
INFO: [ app_end ] --START--
INFO: Run Behavior\ShowPageTraceBehavior [ RunTime:0.000673s ]
INFO: [ app_end ] --END-- [ RunTime:0.000761s ]

[ 2016-04-09T15:13:59+08:00 ] ::1 /index.php/Home/Help/index
INFO: [ app_init ] --START--
INFO: Run Behavior\BuildLiteBehavior [ RunTime:0.000026s ]
INFO: [ app_init ] --END-- [ RunTime:0.000427s ]
INFO: [ app_begin ] --START--
INFO: Run Behavior\ReadHtmlCacheBehavior [ RunTime:0.000355s ]
INFO: [ app_begin ] --END-- [ RunTime:0.000402s ]
SQL: SHOW COLUMNS FROM `user` [ RunTime:0.0052s ]
SQL: SELECT * FROM `user`  [ RunTime:0.0003s ]
INFO: [ view_parse ] --START--
INFO: [ template_filter ] --START--
INFO: Run Behavior\ContentReplaceBehavior [ RunTime:0.000075s ]
INFO: [ template_filter ] --END-- [ RunTime:0.000137s ]
NOTIC: [8] Undefined index: clientname C:\Users\Administrator\Desktop\MCMS\Index\Runtime\Cache\Home\c88f9a24ff9af64699922839bf7203ff.php 第 83 行.
NOTIC: [8] Undefined index: addr C:\Users\Administrator\Desktop\MCMS\Index\Runtime\Cache\Home\c88f9a24ff9af64699922839bf7203ff.php 第 84 行.
NOTIC: [8] Undefined index: contact C:\Users\Administrator\Desktop\MCMS\Index\Runtime\Cache\Home\c88f9a24ff9af64699922839bf7203ff.php 第 86 行.
NOTIC: [8] Undefined index: last_time C:\Users\Administrator\Desktop\MCMS\Index\Runtime\Cache\Home\c88f9a24ff9af64699922839bf7203ff.php 第 87 行.
NOTIC: [8] Undefined index: clientname C:\Users\Administrator\Desktop\MCMS\Index\Runtime\Cache\Home\c88f9a24ff9af64699922839bf7203ff.php 第 83 行.
NOTIC: [8] Undefined index: addr C:\Users\Administrator\Desktop\MCMS\Index\Runtime\Cache\Home\c88f9a24ff9af64699922839bf7203ff.php 第 84 行.
NOTIC: [8] Undefined index: contact C:\Users\Administrator\Desktop\MCMS\Index\Runtime\Cache\Home\c88f9a24ff9af64699922839bf7203ff.php 第 86 行.
NOTIC: [8] Undefined index: last_time C:\Users\Administrator\Desktop\MCMS\Index\Runtime\Cache\Home\c88f9a24ff9af64699922839bf7203ff.php 第 87 行.
INFO: Run Behavior\ParseTemplateBehavior [ RunTime:0.007475s ]
INFO: [ view_parse ] --END-- [ RunTime:0.007529s ]
INFO: [ view_filter ] --START--
INFO: Run Behavior\WriteHtmlCacheBehavior [ RunTime:0.000352s ]
INFO: [ view_filter ] --END-- [ RunTime:0.000393s ]
INFO: [ app_end ] --START--
INFO: Run Behavior\ShowPageTraceBehavior [ RunTime:0.000573s ]
INFO: [ app_end ] --END-- [ RunTime:0.000650s ]

[ 2016-04-09T15:14:39+08:00 ] ::1 /index.php/Home/Help/index
INFO: [ app_init ] --START--
INFO: Run Behavior\BuildLiteBehavior [ RunTime:0.000013s ]
INFO: [ app_init ] --END-- [ RunTime:0.000268s ]
INFO: [ app_begin ] --START--
INFO: Run Behavior\ReadHtmlCacheBehavior [ RunTime:0.000356s ]
INFO: [ app_begin ] --END-- [ RunTime:0.000401s ]
SQL: SHOW COLUMNS FROM `user` [ RunTime:0.0036s ]
SQL: SELECT * FROM `user`  [ RunTime:0.0003s ]
INFO: [ view_parse ] --START--
INFO: [ template_filter ] --START--
INFO: Run Behavior\ContentReplaceBehavior [ RunTime:0.000076s ]
INFO: [ template_filter ] --END-- [ RunTime:0.000128s ]
NOTIC: [8] Undefined index: clientname C:\Users\Administrator\Desktop\MCMS\Index\Runtime\Cache\Home\c88f9a24ff9af64699922839bf7203ff.php 第 83 行.
NOTIC: [8] Undefined index: addr C:\Users\Administrator\Desktop\MCMS\Index\Runtime\Cache\Home\c88f9a24ff9af64699922839bf7203ff.php 第 84 行.
NOTIC: [8] Undefined index: contact C:\Users\Administrator\Desktop\MCMS\Index\Runtime\Cache\Home\c88f9a24ff9af64699922839bf7203ff.php 第 86 行.
NOTIC: [8] Undefined index: last_time C:\Users\Administrator\Desktop\MCMS\Index\Runtime\Cache\Home\c88f9a24ff9af64699922839bf7203ff.php 第 87 行.
NOTIC: [8] Undefined index: clientname C:\Users\Administrator\Desktop\MCMS\Index\Runtime\Cache\Home\c88f9a24ff9af64699922839bf7203ff.php 第 83 行.
NOTIC: [8] Undefined index: addr C:\Users\Administrator\Desktop\MCMS\Index\Runtime\Cache\Home\c88f9a24ff9af64699922839bf7203ff.php 第 84 行.
NOTIC: [8] Undefined index: contact C:\Users\Administrator\Desktop\MCMS\Index\Runtime\Cache\Home\c88f9a24ff9af64699922839bf7203ff.php 第 86 行.
NOTIC: [8] Undefined index: last_time C:\Users\Administrator\Desktop\MCMS\Index\Runtime\Cache\Home\c88f9a24ff9af64699922839bf7203ff.php 第 87 行.
INFO: Run Behavior\ParseTemplateBehavior [ RunTime:0.007059s ]
INFO: [ view_parse ] --END-- [ RunTime:0.007111s ]
INFO: [ view_filter ] --START--
INFO: Run Behavior\WriteHtmlCacheBehavior [ RunTime:0.000247s ]
INFO: [ view_filter ] --END-- [ RunTime:0.000282s ]
INFO: [ app_end ] --START--
INFO: Run Behavior\ShowPageTraceBehavior [ RunTime:0.000450s ]
INFO: [ app_end ] --END-- [ RunTime:0.000494s ]

[ 2016-04-09T15:15:24+08:00 ] ::1 /index.php/Home/Help/index
INFO: [ app_init ] --START--
INFO: Run Behavior\BuildLiteBehavior [ RunTime:0.000011s ]
INFO: [ app_init ] --END-- [ RunTime:0.000267s ]
INFO: [ app_begin ] --START--
INFO: Run Behavior\ReadHtmlCacheBehavior [ RunTime:0.000363s ]
INFO: [ app_begin ] --END-- [ RunTime:0.000419s ]
SQL: SHOW COLUMNS FROM `user` [ RunTime:0.0058s ]
SQL: SELECT * FROM `user`  [ RunTime:0.0003s ]
INFO: [ view_parse ] --START--
INFO: [ template_filter ] --START--
INFO: Run Behavior\ContentReplaceBehavior [ RunTime:0.000099s ]
INFO: [ template_filter ] --END-- [ RunTime:0.000177s ]
NOTIC: [8] Undefined index: clientname C:\Users\Administrator\Desktop\MCMS\Index\Runtime\Cache\Home\c88f9a24ff9af64699922839bf7203ff.php 第 83 行.
NOTIC: [8] Undefined index: addr C:\Users\Administrator\Desktop\MCMS\Index\Runtime\Cache\Home\c88f9a24ff9af64699922839bf7203ff.php 第 84 行.
NOTIC: [8] Undefined index: contact C:\Users\Administrator\Desktop\MCMS\Index\Runtime\Cache\Home\c88f9a24ff9af64699922839bf7203ff.php 第 86 行.
NOTIC: [8] Undefined index: last_time C:\Users\Administrator\Desktop\MCMS\Index\Runtime\Cache\Home\c88f9a24ff9af64699922839bf7203ff.php 第 87 行.
NOTIC: [8] Undefined index: clientname C:\Users\Administrator\Desktop\MCMS\Index\Runtime\Cache\Home\c88f9a24ff9af64699922839bf7203ff.php 第 83 行.
NOTIC: [8] Undefined index: addr C:\Users\Administrator\Desktop\MCMS\Index\Runtime\Cache\Home\c88f9a24ff9af64699922839bf7203ff.php 第 84 行.
NOTIC: [8] Undefined index: contact C:\Users\Administrator\Desktop\MCMS\Index\Runtime\Cache\Home\c88f9a24ff9af64699922839bf7203ff.php 第 86 行.
NOTIC: [8] Undefined index: last_time C:\Users\Administrator\Desktop\MCMS\Index\Runtime\Cache\Home\c88f9a24ff9af64699922839bf7203ff.php 第 87 行.
INFO: Run Behavior\ParseTemplateBehavior [ RunTime:0.010514s ]
INFO: [ view_parse ] --END-- [ RunTime:0.010580s ]
INFO: [ view_filter ] --START--
INFO: Run Behavior\WriteHtmlCacheBehavior [ RunTime:0.000332s ]
INFO: [ view_filter ] --END-- [ RunTime:0.000382s ]
INFO: [ app_end ] --START--
INFO: Run Behavior\ShowPageTraceBehavior [ RunTime:0.000602s ]
INFO: [ app_end ] --END-- [ RunTime:0.000796s ]

[ 2016-04-09T15:16:37+08:00 ] ::1 /index.php/Home/Help/index
INFO: [ app_init ] --START--
INFO: Run Behavior\BuildLiteBehavior [ RunTime:0.000012s ]
INFO: [ app_init ] --END-- [ RunTime:0.000297s ]
INFO: [ app_begin ] --START--
INFO: Run Behavior\ReadHtmlCacheBehavior [ RunTime:0.000388s ]
INFO: [ app_begin ] --END-- [ RunTime:0.000439s ]
SQL: SHOW COLUMNS FROM `user` [ RunTime:0.0082s ]
SQL: SELECT * FROM `user`  [ RunTime:0.0005s ]
INFO: [ view_parse ] --START--
INFO: [ template_filter ] --START--
INFO: Run Behavior\ContentReplaceBehavior [ RunTime:0.000158s ]
INFO: [ template_filter ] --END-- [ RunTime:0.000277s ]
NOTIC: [8] Undefined index: clientname C:\Users\Administrator\Desktop\MCMS\Index\Runtime\Cache\Home\c88f9a24ff9af64699922839bf7203ff.php 第 83 行.
NOTIC: [8] Undefined index: addr C:\Users\Administrator\Desktop\MCMS\Index\Runtime\Cache\Home\c88f9a24ff9af64699922839bf7203ff.php 第 84 行.
NOTIC: [8] Undefined index: contact C:\Users\Administrator\Desktop\MCMS\Index\Runtime\Cache\Home\c88f9a24ff9af64699922839bf7203ff.php 第 86 行.
NOTIC: [8] Undefined index: last_time C:\Users\Administrator\Desktop\MCMS\Index\Runtime\Cache\Home\c88f9a24ff9af64699922839bf7203ff.php 第 87 行.
NOTIC: [8] Undefined index: clientname C:\Users\Administrator\Desktop\MCMS\Index\Runtime\Cache\Home\c88f9a24ff9af64699922839bf7203ff.php 第 83 行.
NOTIC: [8] Undefined index: addr C:\Users\Administrator\Desktop\MCMS\Index\Runtime\Cache\Home\c88f9a24ff9af64699922839bf7203ff.php 第 84 行.
NOTIC: [8] Undefined index: contact C:\Users\Administrator\Desktop\MCMS\Index\Runtime\Cache\Home\c88f9a24ff9af64699922839bf7203ff.php 第 86 行.
NOTIC: [8] Undefined index: last_time C:\Users\Administrator\Desktop\MCMS\Index\Runtime\Cache\Home\c88f9a24ff9af64699922839bf7203ff.php 第 87 行.
INFO: Run Behavior\ParseTemplateBehavior [ RunTime:0.017755s ]
INFO: [ view_parse ] --END-- [ RunTime:0.017869s ]
INFO: [ view_filter ] --START--
INFO: Run Behavior\WriteHtmlCacheBehavior [ RunTime:0.000626s ]
INFO: [ view_filter ] --END-- [ RunTime:0.000707s ]
INFO: [ app_end ] --START--
INFO: Run Behavior\ShowPageTraceBehavior [ RunTime:0.001275s ]
INFO: [ app_end ] --END-- [ RunTime:0.001557s ]

[ 2016-04-09T15:17:14+08:00 ] ::1 /index.php/Home/Help/index
INFO: [ app_init ] --START--
INFO: Run Behavior\BuildLiteBehavior [ RunTime:0.000015s ]
INFO: [ app_init ] --END-- [ RunTime:0.000308s ]
INFO: [ app_begin ] --START--
INFO: Run Behavior\ReadHtmlCacheBehavior [ RunTime:0.000370s ]
INFO: [ app_begin ] --END-- [ RunTime:0.000420s ]
SQL: SHOW COLUMNS FROM `user` [ RunTime:0.0082s ]
SQL: SELECT * FROM `user`  [ RunTime:0.0004s ]
INFO: [ view_parse ] --START--
INFO: [ template_filter ] --START--
INFO: Run Behavior\ContentReplaceBehavior [ RunTime:0.000141s ]
INFO: [ template_filter ] --END-- [ RunTime:0.000246s ]
NOTIC: [8] Undefined index: clientname C:\Users\Administrator\Desktop\MCMS\Index\Runtime\Cache\Home\c88f9a24ff9af64699922839bf7203ff.php 第 83 行.
NOTIC: [8] Undefined index: addr C:\Users\Administrator\Desktop\MCMS\Index\Runtime\Cache\Home\c88f9a24ff9af64699922839bf7203ff.php 第 84 行.
NOTIC: [8] Undefined index: contact C:\Users\Administrator\Desktop\MCMS\Index\Runtime\Cache\Home\c88f9a24ff9af64699922839bf7203ff.php 第 86 行.
NOTIC: [8] Undefined index: last_time C:\Users\Administrator\Desktop\MCMS\Index\Runtime\Cache\Home\c88f9a24ff9af64699922839bf7203ff.php 第 87 行.
NOTIC: [8] Undefined index: clientname C:\Users\Administrator\Desktop\MCMS\Index\Runtime\Cache\Home\c88f9a24ff9af64699922839bf7203ff.php 第 83 行.
NOTIC: [8] Undefined index: addr C:\Users\Administrator\Desktop\MCMS\Index\Runtime\Cache\Home\c88f9a24ff9af64699922839bf7203ff.php 第 84 行.
NOTIC: [8] Undefined index: contact C:\Users\Administrator\Desktop\MCMS\Index\Runtime\Cache\Home\c88f9a24ff9af64699922839bf7203ff.php 第 86 行.
NOTIC: [8] Undefined index: last_time C:\Users\Administrator\Desktop\MCMS\Index\Runtime\Cache\Home\c88f9a24ff9af64699922839bf7203ff.php 第 87 行.
INFO: Run Behavior\ParseTemplateBehavior [ RunTime:0.014788s ]
INFO: [ view_parse ] --END-- [ RunTime:0.014882s ]
INFO: [ view_filter ] --START--
INFO: Run Behavior\WriteHtmlCacheBehavior [ RunTime:0.000429s ]
INFO: [ view_filter ] --END-- [ RunTime:0.000502s ]
INFO: [ app_end ] --START--
INFO: Run Behavior\ShowPageTraceBehavior [ RunTime:0.001011s ]
INFO: [ app_end ] --END-- [ RunTime:0.001139s ]

[ 2016-04-09T15:17:59+08:00 ] ::1 /index.php/Home/Help/index
INFO: [ app_init ] --START--
INFO: Run Behavior\BuildLiteBehavior [ RunTime:0.000016s ]
INFO: [ app_init ] --END-- [ RunTime:0.000417s ]
INFO: [ app_begin ] --START--
INFO: Run Behavior\ReadHtmlCacheBehavior [ RunTime:0.000421s ]
INFO: [ app_begin ] --END-- [ RunTime:0.000475s ]
SQL: SHOW COLUMNS FROM `user` [ RunTime:0.0059s ]
SQL: SELECT * FROM `user`  [ RunTime:0.0003s ]
INFO: [ view_parse ] --START--
INFO: [ template_filter ] --START--
INFO: Run Behavior\ContentReplaceBehavior [ RunTime:0.000092s ]
INFO: [ template_filter ] --END-- [ RunTime:0.000189s ]
NOTIC: [8] Undefined index: clientname C:\Users\Administrator\Desktop\MCMS\Index\Runtime\Cache\Home\c88f9a24ff9af64699922839bf7203ff.php 第 83 行.
NOTIC: [8] Undefined index: addr C:\Users\Administrator\Desktop\MCMS\Index\Runtime\Cache\Home\c88f9a24ff9af64699922839bf7203ff.php 第 84 行.
NOTIC: [8] Undefined index: contact C:\Users\Administrator\Desktop\MCMS\Index\Runtime\Cache\Home\c88f9a24ff9af64699922839bf7203ff.php 第 86 行.
NOTIC: [8] Undefined index: last_time C:\Users\Administrator\Desktop\MCMS\Index\Runtime\Cache\Home\c88f9a24ff9af64699922839bf7203ff.php 第 87 行.
NOTIC: [8] Undefined index: clientname C:\Users\Administrator\Desktop\MCMS\Index\Runtime\Cache\Home\c88f9a24ff9af64699922839bf7203ff.php 第 83 行.
NOTIC: [8] Undefined index: addr C:\Users\Administrator\Desktop\MCMS\Index\Runtime\Cache\Home\c88f9a24ff9af64699922839bf7203ff.php 第 84 行.
NOTIC: [8] Undefined index: contact C:\Users\Administrator\Desktop\MCMS\Index\Runtime\Cache\Home\c88f9a24ff9af64699922839bf7203ff.php 第 86 行.
NOTIC: [8] Undefined index: last_time C:\Users\Administrator\Desktop\MCMS\Index\Runtime\Cache\Home\c88f9a24ff9af64699922839bf7203ff.php 第 87 行.
INFO: Run Behavior\ParseTemplateBehavior [ RunTime:0.008540s ]
INFO: [ view_parse ] --END-- [ RunTime:0.008600s ]
INFO: [ view_filter ] --START--
INFO: Run Behavior\WriteHtmlCacheBehavior [ RunTime:0.000282s ]
INFO: [ view_filter ] --END-- [ RunTime:0.000324s ]
INFO: [ app_end ] --START--
INFO: Run Behavior\ShowPageTraceBehavior [ RunTime:0.000720s ]
INFO: [ app_end ] --END-- [ RunTime:0.000807s ]

[ 2016-04-09T15:22:22+08:00 ] ::1 /index.php/Home/Help/index
INFO: [ app_init ] --START--
INFO: Run Behavior\BuildLiteBehavior [ RunTime:0.000017s ]
INFO: [ app_init ] --END-- [ RunTime:0.000393s ]
INFO: [ app_begin ] --START--
INFO: Run Behavior\ReadHtmlCacheBehavior [ RunTime:0.000511s ]
INFO: [ app_begin ] --END-- [ RunTime:0.000582s ]
SQL: SHOW COLUMNS FROM `user` [ RunTime:0.0060s ]
SQL: SELECT * FROM `user`  [ RunTime:0.0005s ]
INFO: [ view_parse ] --START--
INFO: [ template_filter ] --START--
INFO: Run Behavior\ContentReplaceBehavior [ RunTime:0.000099s ]
INFO: [ template_filter ] --END-- [ RunTime:0.000170s ]
NOTIC: [8] Undefined index: clientname C:\Users\Administrator\Desktop\MCMS\Index\Runtime\Cache\Home\c88f9a24ff9af64699922839bf7203ff.php 第 83 行.
NOTIC: [8] Undefined index: addr C:\Users\Administrator\Desktop\MCMS\Index\Runtime\Cache\Home\c88f9a24ff9af64699922839bf7203ff.php 第 84 行.
NOTIC: [8] Undefined index: contact C:\Users\Administrator\Desktop\MCMS\Index\Runtime\Cache\Home\c88f9a24ff9af64699922839bf7203ff.php 第 86 行.
NOTIC: [8] Undefined index: last_time C:\Users\Administrator\Desktop\MCMS\Index\Runtime\Cache\Home\c88f9a24ff9af64699922839bf7203ff.php 第 87 行.
NOTIC: [8] Undefined index: clientname C:\Users\Administrator\Desktop\MCMS\Index\Runtime\Cache\Home\c88f9a24ff9af64699922839bf7203ff.php 第 83 行.
NOTIC: [8] Undefined index: addr C:\Users\Administrator\Desktop\MCMS\Index\Runtime\Cache\Home\c88f9a24ff9af64699922839bf7203ff.php 第 84 行.
NOTIC: [8] Undefined index: contact C:\Users\Administrator\Desktop\MCMS\Index\Runtime\Cache\Home\c88f9a24ff9af64699922839bf7203ff.php 第 86 行.
NOTIC: [8] Undefined index: last_time C:\Users\Administrator\Desktop\MCMS\Index\Runtime\Cache\Home\c88f9a24ff9af64699922839bf7203ff.php 第 87 行.
INFO: Run Behavior\ParseTemplateBehavior [ RunTime:0.019045s ]
INFO: [ view_parse ] --END-- [ RunTime:0.019119s ]
INFO: [ view_filter ] --START--
INFO: Run Behavior\WriteHtmlCacheBehavior [ RunTime:0.000419s ]
INFO: [ view_filter ] --END-- [ RunTime:0.000474s ]
INFO: [ app_end ] --START--
INFO: Run Behavior\ShowPageTraceBehavior [ RunTime:0.000799s ]
INFO: [ app_end ] --END-- [ RunTime:0.000890s ]

[ 2016-04-09T15:23:52+08:00 ] ::1 /index.php/Home/Help/index
INFO: [ app_init ] --START--
INFO: Run Behavior\BuildLiteBehavior [ RunTime:0.000014s ]
INFO: [ app_init ] --END-- [ RunTime:0.000291s ]
INFO: [ app_begin ] --START--
INFO: Run Behavior\ReadHtmlCacheBehavior [ RunTime:0.000347s ]
INFO: [ app_begin ] --END-- [ RunTime:0.000526s ]
SQL: SHOW COLUMNS FROM `user` [ RunTime:0.0048s ]
SQL: SELECT * FROM `user`  [ RunTime:0.0003s ]
INFO: [ view_parse ] --START--
INFO: [ template_filter ] --START--
INFO: Run Behavior\ContentReplaceBehavior [ RunTime:0.000073s ]
INFO: [ template_filter ] --END-- [ RunTime:0.000126s ]
NOTIC: [8] Undefined index: clientname C:\Users\Administrator\Desktop\MCMS\Index\Runtime\Cache\Home\c88f9a24ff9af64699922839bf7203ff.php 第 83 行.
NOTIC: [8] Undefined index: addr C:\Users\Administrator\Desktop\MCMS\Index\Runtime\Cache\Home\c88f9a24ff9af64699922839bf7203ff.php 第 84 行.
NOTIC: [8] Undefined index: contact C:\Users\Administrator\Desktop\MCMS\Index\Runtime\Cache\Home\c88f9a24ff9af64699922839bf7203ff.php 第 86 行.
NOTIC: [8] Undefined index: last_time C:\Users\Administrator\Desktop\MCMS\Index\Runtime\Cache\Home\c88f9a24ff9af64699922839bf7203ff.php 第 87 行.
NOTIC: [8] Undefined index: clientname C:\Users\Administrator\Desktop\MCMS\Index\Runtime\Cache\Home\c88f9a24ff9af64699922839bf7203ff.php 第 83 行.
NOTIC: [8] Undefined index: addr C:\Users\Administrator\Desktop\MCMS\Index\Runtime\Cache\Home\c88f9a24ff9af64699922839bf7203ff.php 第 84 行.
NOTIC: [8] Undefined index: contact C:\Users\Administrator\Desktop\MCMS\Index\Runtime\Cache\Home\c88f9a24ff9af64699922839bf7203ff.php 第 86 行.
NOTIC: [8] Undefined index: last_time C:\Users\Administrator\Desktop\MCMS\Index\Runtime\Cache\Home\c88f9a24ff9af64699922839bf7203ff.php 第 87 行.
INFO: Run Behavior\ParseTemplateBehavior [ RunTime:0.007284s ]
INFO: [ view_parse ] --END-- [ RunTime:0.007338s ]
INFO: [ view_filter ] --START--
INFO: Run Behavior\WriteHtmlCacheBehavior [ RunTime:0.000411s ]
INFO: [ view_filter ] --END-- [ RunTime:0.000457s ]
INFO: [ app_end ] --START--
INFO: Run Behavior\ShowPageTraceBehavior [ RunTime:0.000459s ]
INFO: [ app_end ] --END-- [ RunTime:0.000581s ]

[ 2016-04-09T15:25:53+08:00 ] ::1 /index.php/Home/Help/index
INFO: [ app_init ] --START--
INFO: Run Behavior\BuildLiteBehavior [ RunTime:0.000014s ]
INFO: [ app_init ] --END-- [ RunTime:0.000311s ]
INFO: [ app_begin ] --START--
INFO: Run Behavior\ReadHtmlCacheBehavior [ RunTime:0.000367s ]
INFO: [ app_begin ] --END-- [ RunTime:0.000414s ]
SQL: SHOW COLUMNS FROM `user` [ RunTime:0.0042s ]
SQL: SELECT * FROM `user`  [ RunTime:0.0003s ]
INFO: [ view_parse ] --START--
INFO: [ template_filter ] --START--
INFO: Run Behavior\ContentReplaceBehavior [ RunTime:0.000074s ]
INFO: [ template_filter ] --END-- [ RunTime:0.000132s ]
NOTIC: [8] Undefined index: clientname C:\Users\Administrator\Desktop\MCMS\Index\Runtime\Cache\Home\c88f9a24ff9af64699922839bf7203ff.php 第 83 行.
NOTIC: [8] Undefined index: addr C:\Users\Administrator\Desktop\MCMS\Index\Runtime\Cache\Home\c88f9a24ff9af64699922839bf7203ff.php 第 84 行.
NOTIC: [8] Undefined index: contact C:\Users\Administrator\Desktop\MCMS\Index\Runtime\Cache\Home\c88f9a24ff9af64699922839bf7203ff.php 第 86 行.
NOTIC: [8] Undefined index: last_time C:\Users\Administrator\Desktop\MCMS\Index\Runtime\Cache\Home\c88f9a24ff9af64699922839bf7203ff.php 第 87 行.
NOTIC: [8] Undefined index: clientname C:\Users\Administrator\Desktop\MCMS\Index\Runtime\Cache\Home\c88f9a24ff9af64699922839bf7203ff.php 第 83 行.
NOTIC: [8] Undefined index: addr C:\Users\Administrator\Desktop\MCMS\Index\Runtime\Cache\Home\c88f9a24ff9af64699922839bf7203ff.php 第 84 行.
NOTIC: [8] Undefined index: contact C:\Users\Administrator\Desktop\MCMS\Index\Runtime\Cache\Home\c88f9a24ff9af64699922839bf7203ff.php 第 86 行.
NOTIC: [8] Undefined index: last_time C:\Users\Administrator\Desktop\MCMS\Index\Runtime\Cache\Home\c88f9a24ff9af64699922839bf7203ff.php 第 87 行.
INFO: Run Behavior\ParseTemplateBehavior [ RunTime:0.007439s ]
INFO: [ view_parse ] --END-- [ RunTime:0.007496s ]
INFO: [ view_filter ] --START--
INFO: Run Behavior\WriteHtmlCacheBehavior [ RunTime:0.000280s ]
INFO: [ view_filter ] --END-- [ RunTime:0.000316s ]
INFO: [ app_end ] --START--
INFO: Run Behavior\ShowPageTraceBehavior [ RunTime:0.000580s ]
INFO: [ app_end ] --END-- [ RunTime:0.000659s ]

[ 2016-04-09T15:26:40+08:00 ] ::1 /index.php/Home/Help/index
INFO: [ app_init ] --START--
INFO: Run Behavior\BuildLiteBehavior [ RunTime:0.000014s ]
INFO: [ app_init ] --END-- [ RunTime:0.000311s ]
INFO: [ app_begin ] --START--
INFO: Run Behavior\ReadHtmlCacheBehavior [ RunTime:0.000360s ]
INFO: [ app_begin ] --END-- [ RunTime:0.000409s ]
SQL: SHOW COLUMNS FROM `user` [ RunTime:0.0049s ]
SQL: SELECT * FROM `user`  [ RunTime:0.0003s ]
INFO: [ view_parse ] --START--
INFO: [ template_filter ] --START--
INFO: Run Behavior\ContentReplaceBehavior [ RunTime:0.000089s ]
INFO: [ template_filter ] --END-- [ RunTime:0.000189s ]
NOTIC: [8] Undefined index: clientname C:\Users\Administrator\Desktop\MCMS\Index\Runtime\Cache\Home\c88f9a24ff9af64699922839bf7203ff.php 第 83 行.
NOTIC: [8] Undefined index: addr C:\Users\Administrator\Desktop\MCMS\Index\Runtime\Cache\Home\c88f9a24ff9af64699922839bf7203ff.php 第 84 行.
NOTIC: [8] Undefined index: contact C:\Users\Administrator\Desktop\MCMS\Index\Runtime\Cache\Home\c88f9a24ff9af64699922839bf7203ff.php 第 86 行.
NOTIC: [8] Undefined index: last_time C:\Users\Administrator\Desktop\MCMS\Index\Runtime\Cache\Home\c88f9a24ff9af64699922839bf7203ff.php 第 87 行.
NOTIC: [8] Undefined index: clientname C:\Users\Administrator\Desktop\MCMS\Index\Runtime\Cache\Home\c88f9a24ff9af64699922839bf7203ff.php 第 83 行.
NOTIC: [8] Undefined index: addr C:\Users\Administrator\Desktop\MCMS\Index\Runtime\Cache\Home\c88f9a24ff9af64699922839bf7203ff.php 第 84 行.
NOTIC: [8] Undefined index: contact C:\Users\Administrator\Desktop\MCMS\Index\Runtime\Cache\Home\c88f9a24ff9af64699922839bf7203ff.php 第 86 行.
NOTIC: [8] Undefined index: last_time C:\Users\Administrator\Desktop\MCMS\Index\Runtime\Cache\Home\c88f9a24ff9af64699922839bf7203ff.php 第 87 行.
INFO: Run Behavior\ParseTemplateBehavior [ RunTime:0.007173s ]
INFO: [ view_parse ] --END-- [ RunTime:0.007221s ]
INFO: [ view_filter ] --START--
INFO: Run Behavior\WriteHtmlCacheBehavior [ RunTime:0.000251s ]
INFO: [ view_filter ] --END-- [ RunTime:0.000289s ]
INFO: [ app_end ] --START--
INFO: Run Behavior\ShowPageTraceBehavior [ RunTime:0.000503s ]
INFO: [ app_end ] --END-- [ RunTime:0.000547s ]

[ 2016-04-09T15:28:00+08:00 ] ::1 /index.php/Home/Help/index
INFO: [ app_init ] --START--
INFO: Run Behavior\BuildLiteBehavior [ RunTime:0.000016s ]
INFO: [ app_init ] --END-- [ RunTime:0.000356s ]
INFO: [ app_begin ] --START--
INFO: Run Behavior\ReadHtmlCacheBehavior [ RunTime:0.000416s ]
INFO: [ app_begin ] --END-- [ RunTime:0.000472s ]
SQL: SHOW COLUMNS FROM `user` [ RunTime:0.0089s ]
SQL: SELECT * FROM `user`  [ RunTime:0.0011s ]
INFO: [ view_parse ] --START--
INFO: [ template_filter ] --START--
INFO: Run Behavior\ContentReplaceBehavior [ RunTime:0.000170s ]
INFO: [ template_filter ] --END-- [ RunTime:0.000283s ]
NOTIC: [8] Undefined index: clientname C:\Users\Administrator\Desktop\MCMS\Index\Runtime\Cache\Home\c88f9a24ff9af64699922839bf7203ff.php 第 83 行.
NOTIC: [8] Undefined index: addr C:\Users\Administrator\Desktop\MCMS\Index\Runtime\Cache\Home\c88f9a24ff9af64699922839bf7203ff.php 第 84 行.
NOTIC: [8] Undefined index: contact C:\Users\Administrator\Desktop\MCMS\Index\Runtime\Cache\Home\c88f9a24ff9af64699922839bf7203ff.php 第 86 行.
NOTIC: [8] Undefined index: last_time C:\Users\Administrator\Desktop\MCMS\Index\Runtime\Cache\Home\c88f9a24ff9af64699922839bf7203ff.php 第 87 行.
NOTIC: [8] Undefined index: clientname C:\Users\Administrator\Desktop\MCMS\Index\Runtime\Cache\Home\c88f9a24ff9af64699922839bf7203ff.php 第 83 行.
NOTIC: [8] Undefined index: addr C:\Users\Administrator\Desktop\MCMS\Index\Runtime\Cache\Home\c88f9a24ff9af64699922839bf7203ff.php 第 84 行.
NOTIC: [8] Undefined index: contact C:\Users\Administrator\Desktop\MCMS\Index\Runtime\Cache\Home\c88f9a24ff9af64699922839bf7203ff.php 第 86 行.
NOTIC: [8] Undefined index: last_time C:\Users\Administrator\Desktop\MCMS\Index\Runtime\Cache\Home\c88f9a24ff9af64699922839bf7203ff.php 第 87 行.
INFO: Run Behavior\ParseTemplateBehavior [ RunTime:0.016520s ]
INFO: [ view_parse ] --END-- [ RunTime:0.016602s ]
INFO: [ view_filter ] --START--
INFO: Run Behavior\WriteHtmlCacheBehavior [ RunTime:0.000309s ]
INFO: [ view_filter ] --END-- [ RunTime:0.000348s ]
INFO: [ app_end ] --START--
INFO: Run Behavior\ShowPageTraceBehavior [ RunTime:0.000559s ]
INFO: [ app_end ] --END-- [ RunTime:0.000640s ]

[ 2016-04-09T15:30:44+08:00 ] ::1 /index.php/Home/Help/index
INFO: [ app_init ] --START--
INFO: Run Behavior\BuildLiteBehavior [ RunTime:0.000016s ]
INFO: [ app_init ] --END-- [ RunTime:0.000354s ]
INFO: [ app_begin ] --START--
INFO: Run Behavior\ReadHtmlCacheBehavior [ RunTime:0.000400s ]
INFO: [ app_begin ] --END-- [ RunTime:0.000454s ]
SQL: SHOW COLUMNS FROM `user` [ RunTime:0.0051s ]
SQL: SELECT * FROM `user`  [ RunTime:0.0004s ]
INFO: [ view_parse ] --START--
INFO: [ template_filter ] --START--
INFO: Run Behavior\ContentReplaceBehavior [ RunTime:0.000076s ]
INFO: [ template_filter ] --END-- [ RunTime:0.000135s ]
NOTIC: [8] Undefined index: clientname C:\Users\Administrator\Desktop\MCMS\Index\Runtime\Cache\Home\c88f9a24ff9af64699922839bf7203ff.php 第 83 行.
NOTIC: [8] Undefined index: addr C:\Users\Administrator\Desktop\MCMS\Index\Runtime\Cache\Home\c88f9a24ff9af64699922839bf7203ff.php 第 84 行.
NOTIC: [8] Undefined index: contact C:\Users\Administrator\Desktop\MCMS\Index\Runtime\Cache\Home\c88f9a24ff9af64699922839bf7203ff.php 第 86 行.
NOTIC: [8] Undefined index: last_time C:\Users\Administrator\Desktop\MCMS\Index\Runtime\Cache\Home\c88f9a24ff9af64699922839bf7203ff.php 第 87 行.
NOTIC: [8] Undefined index: clientname C:\Users\Administrator\Desktop\MCMS\Index\Runtime\Cache\Home\c88f9a24ff9af64699922839bf7203ff.php 第 83 行.
NOTIC: [8] Undefined index: addr C:\Users\Administrator\Desktop\MCMS\Index\Runtime\Cache\Home\c88f9a24ff9af64699922839bf7203ff.php 第 84 行.
NOTIC: [8] Undefined index: contact C:\Users\Administrator\Desktop\MCMS\Index\Runtime\Cache\Home\c88f9a24ff9af64699922839bf7203ff.php 第 86 行.
NOTIC: [8] Undefined index: last_time C:\Users\Administrator\Desktop\MCMS\Index\Runtime\Cache\Home\c88f9a24ff9af64699922839bf7203ff.php 第 87 行.
INFO: Run Behavior\ParseTemplateBehavior [ RunTime:0.014878s ]
INFO: [ view_parse ] --END-- [ RunTime:0.014936s ]
INFO: [ view_filter ] --START--
INFO: Run Behavior\WriteHtmlCacheBehavior [ RunTime:0.000306s ]
INFO: [ view_filter ] --END-- [ RunTime:0.000350s ]
INFO: [ app_end ] --START--
INFO: Run Behavior\ShowPageTraceBehavior [ RunTime:0.000605s ]
INFO: [ app_end ] --END-- [ RunTime:0.000685s ]

[ 2016-04-09T15:32:09+08:00 ] ::1 /index.php/Home/Help/index
INFO: [ app_init ] --START--
INFO: Run Behavior\BuildLiteBehavior [ RunTime:0.000017s ]
INFO: [ app_init ] --END-- [ RunTime:0.000389s ]
INFO: [ app_begin ] --START--
INFO: Run Behavior\ReadHtmlCacheBehavior [ RunTime:0.000357s ]
INFO: [ app_begin ] --END-- [ RunTime:0.000405s ]
SQL: SHOW COLUMNS FROM `user` [ RunTime:0.0089s ]
SQL: SELECT * FROM `user`  [ RunTime:0.0004s ]
INFO: [ view_parse ] --START--
INFO: [ template_filter ] --START--
INFO: Run Behavior\ContentReplaceBehavior [ RunTime:0.000134s ]
INFO: [ template_filter ] --END-- [ RunTime:0.000279s ]
NOTIC: [8] Undefined index: clientname C:\Users\Administrator\Desktop\MCMS\Index\Runtime\Cache\Home\c88f9a24ff9af64699922839bf7203ff.php 第 83 行.
NOTIC: [8] Undefined index: addr C:\Users\Administrator\Desktop\MCMS\Index\Runtime\Cache\Home\c88f9a24ff9af64699922839bf7203ff.php 第 84 行.
NOTIC: [8] Undefined index: contact C:\Users\Administrator\Desktop\MCMS\Index\Runtime\Cache\Home\c88f9a24ff9af64699922839bf7203ff.php 第 86 行.
NOTIC: [8] Undefined index: last_time C:\Users\Administrator\Desktop\MCMS\Index\Runtime\Cache\Home\c88f9a24ff9af64699922839bf7203ff.php 第 87 行.
NOTIC: [8] Undefined index: clientname C:\Users\Administrator\Desktop\MCMS\Index\Runtime\Cache\Home\c88f9a24ff9af64699922839bf7203ff.php 第 83 行.
NOTIC: [8] Undefined index: addr C:\Users\Administrator\Desktop\MCMS\Index\Runtime\Cache\Home\c88f9a24ff9af64699922839bf7203ff.php 第 84 行.
NOTIC: [8] Undefined index: contact C:\Users\Administrator\Desktop\MCMS\Index\Runtime\Cache\Home\c88f9a24ff9af64699922839bf7203ff.php 第 86 行.
NOTIC: [8] Undefined index: last_time C:\Users\Administrator\Desktop\MCMS\Index\Runtime\Cache\Home\c88f9a24ff9af64699922839bf7203ff.php 第 87 行.
INFO: Run Behavior\ParseTemplateBehavior [ RunTime:0.012921s ]
INFO: [ view_parse ] --END-- [ RunTime:0.013005s ]
INFO: [ view_filter ] --START--
INFO: Run Behavior\WriteHtmlCacheBehavior [ RunTime:0.000413s ]
INFO: [ view_filter ] --END-- [ RunTime:0.000478s ]
INFO: [ app_end ] --START--
INFO: Run Behavior\ShowPageTraceBehavior [ RunTime:0.002011s ]
INFO: [ app_end ] --END-- [ RunTime:0.004742s ]

[ 2016-04-09T15:32:31+08:00 ] ::1 /index.php/Home/Help/index
INFO: [ app_init ] --START--
INFO: Run Behavior\BuildLiteBehavior [ RunTime:0.000021s ]
INFO: [ app_init ] --END-- [ RunTime:0.000422s ]
INFO: [ app_begin ] --START--
INFO: Run Behavior\ReadHtmlCacheBehavior [ RunTime:0.000499s ]
INFO: [ app_begin ] --END-- [ RunTime:0.000569s ]
SQL: SHOW COLUMNS FROM `user` [ RunTime:0.0045s ]
SQL: SELECT * FROM `user`  [ RunTime:0.0003s ]
INFO: [ view_parse ] --START--
INFO: [ template_filter ] --START--
INFO: Run Behavior\ContentReplaceBehavior [ RunTime:0.000104s ]
INFO: [ template_filter ] --END-- [ RunTime:0.000185s ]
NOTIC: [8] Undefined index: clientname C:\Users\Administrator\Desktop\MCMS\Index\Runtime\Cache\Home\c88f9a24ff9af64699922839bf7203ff.php 第 83 行.
NOTIC: [8] Undefined index: addr C:\Users\Administrator\Desktop\MCMS\Index\Runtime\Cache\Home\c88f9a24ff9af64699922839bf7203ff.php 第 84 行.
NOTIC: [8] Undefined index: contact C:\Users\Administrator\Desktop\MCMS\Index\Runtime\Cache\Home\c88f9a24ff9af64699922839bf7203ff.php 第 86 行.
NOTIC: [8] Undefined index: last_time C:\Users\Administrator\Desktop\MCMS\Index\Runtime\Cache\Home\c88f9a24ff9af64699922839bf7203ff.php 第 87 行.
NOTIC: [8] Undefined index: clientname C:\Users\Administrator\Desktop\MCMS\Index\Runtime\Cache\Home\c88f9a24ff9af64699922839bf7203ff.php 第 83 行.
NOTIC: [8] Undefined index: addr C:\Users\Administrator\Desktop\MCMS\Index\Runtime\Cache\Home\c88f9a24ff9af64699922839bf7203ff.php 第 84 行.
NOTIC: [8] Undefined index: contact C:\Users\Administrator\Desktop\MCMS\Index\Runtime\Cache\Home\c88f9a24ff9af64699922839bf7203ff.php 第 86 行.
NOTIC: [8] Undefined index: last_time C:\Users\Administrator\Desktop\MCMS\Index\Runtime\Cache\Home\c88f9a24ff9af64699922839bf7203ff.php 第 87 行.
INFO: Run Behavior\ParseTemplateBehavior [ RunTime:0.010762s ]
INFO: [ view_parse ] --END-- [ RunTime:0.010828s ]
INFO: [ view_filter ] --START--
INFO: Run Behavior\WriteHtmlCacheBehavior [ RunTime:0.000337s ]
INFO: [ view_filter ] --END-- [ RunTime:0.000389s ]
INFO: [ app_end ] --START--
INFO: Run Behavior\ShowPageTraceBehavior [ RunTime:0.000713s ]
INFO: [ app_end ] --END-- [ RunTime:0.000829s ]

[ 2016-04-09T15:33:59+08:00 ] ::1 /index.php/Home/Help/index
INFO: [ app_init ] --START--
INFO: Run Behavior\BuildLiteBehavior [ RunTime:0.000017s ]
INFO: [ app_init ] --END-- [ RunTime:0.000419s ]
INFO: [ app_begin ] --START--
INFO: Run Behavior\ReadHtmlCacheBehavior [ RunTime:0.000500s ]
INFO: [ app_begin ] --END-- [ RunTime:0.000566s ]
SQL: SHOW COLUMNS FROM `user` [ RunTime:0.0059s ]
SQL: SELECT * FROM `user`  [ RunTime:0.0003s ]
INFO: [ view_parse ] --START--
INFO: [ template_filter ] --START--
INFO: Run Behavior\ContentReplaceBehavior [ RunTime:0.000113s ]
INFO: [ template_filter ] --END-- [ RunTime:0.000221s ]
NOTIC: [8] Undefined index: clientname C:\Users\Administrator\Desktop\MCMS\Index\Runtime\Cache\Home\c88f9a24ff9af64699922839bf7203ff.php 第 83 行.
NOTIC: [8] Undefined index: addr C:\Users\Administrator\Desktop\MCMS\Index\Runtime\Cache\Home\c88f9a24ff9af64699922839bf7203ff.php 第 84 行.
NOTIC: [8] Undefined index: contact C:\Users\Administrator\Desktop\MCMS\Index\Runtime\Cache\Home\c88f9a24ff9af64699922839bf7203ff.php 第 86 行.
NOTIC: [8] Undefined index: last_time C:\Users\Administrator\Desktop\MCMS\Index\Runtime\Cache\Home\c88f9a24ff9af64699922839bf7203ff.php 第 87 行.
NOTIC: [8] Undefined index: clientname C:\Users\Administrator\Desktop\MCMS\Index\Runtime\Cache\Home\c88f9a24ff9af64699922839bf7203ff.php 第 83 行.
NOTIC: [8] Undefined index: addr C:\Users\Administrator\Desktop\MCMS\Index\Runtime\Cache\Home\c88f9a24ff9af64699922839bf7203ff.php 第 84 行.
NOTIC: [8] Undefined index: contact C:\Users\Administrator\Desktop\MCMS\Index\Runtime\Cache\Home\c88f9a24ff9af64699922839bf7203ff.php 第 86 行.
NOTIC: [8] Undefined index: last_time C:\Users\Administrator\Desktop\MCMS\Index\Runtime\Cache\Home\c88f9a24ff9af64699922839bf7203ff.php 第 87 行.
INFO: Run Behavior\ParseTemplateBehavior [ RunTime:0.011574s ]
INFO: [ view_parse ] --END-- [ RunTime:0.011639s ]
INFO: [ view_filter ] --START--
INFO: Run Behavior\WriteHtmlCacheBehavior [ RunTime:0.000430s ]
INFO: [ view_filter ] --END-- [ RunTime:0.000485s ]
INFO: [ app_end ] --START--
INFO: Run Behavior\ShowPageTraceBehavior [ RunTime:0.000896s ]
INFO: [ app_end ] --END-- [ RunTime:0.000964s ]

[ 2016-04-09T15:34:24+08:00 ] ::1 /index.php/Home/Help/index
INFO: [ app_init ] --START--
INFO: Run Behavior\BuildLiteBehavior [ RunTime:0.000021s ]
INFO: [ app_init ] --END-- [ RunTime:0.000443s ]
INFO: [ app_begin ] --START--
INFO: Run Behavior\ReadHtmlCacheBehavior [ RunTime:0.000511s ]
INFO: [ app_begin ] --END-- [ RunTime:0.000581s ]
SQL: SHOW COLUMNS FROM `user` [ RunTime:0.0050s ]
SQL: SELECT * FROM `user`  [ RunTime:0.0006s ]
INFO: [ view_parse ] --START--
INFO: [ template_filter ] --START--
INFO: Run Behavior\ContentReplaceBehavior [ RunTime:0.000073s ]
INFO: [ template_filter ] --END-- [ RunTime:0.000126s ]
NOTIC: [8] Undefined index: clientname C:\Users\Administrator\Desktop\MCMS\Index\Runtime\Cache\Home\c88f9a24ff9af64699922839bf7203ff.php 第 83 行.
NOTIC: [8] Undefined index: addr C:\Users\Administrator\Desktop\MCMS\Index\Runtime\Cache\Home\c88f9a24ff9af64699922839bf7203ff.php 第 84 行.
NOTIC: [8] Undefined index: contact C:\Users\Administrator\Desktop\MCMS\Index\Runtime\Cache\Home\c88f9a24ff9af64699922839bf7203ff.php 第 86 行.
NOTIC: [8] Undefined index: last_time C:\Users\Administrator\Desktop\MCMS\Index\Runtime\Cache\Home\c88f9a24ff9af64699922839bf7203ff.php 第 87 行.
NOTIC: [8] Undefined index: clientname C:\Users\Administrator\Desktop\MCMS\Index\Runtime\Cache\Home\c88f9a24ff9af64699922839bf7203ff.php 第 83 行.
NOTIC: [8] Undefined index: addr C:\Users\Administrator\Desktop\MCMS\Index\Runtime\Cache\Home\c88f9a24ff9af64699922839bf7203ff.php 第 84 行.
NOTIC: [8] Undefined index: contact C:\Users\Administrator\Desktop\MCMS\Index\Runtime\Cache\Home\c88f9a24ff9af64699922839bf7203ff.php 第 86 行.
NOTIC: [8] Undefined index: last_time C:\Users\Administrator\Desktop\MCMS\Index\Runtime\Cache\Home\c88f9a24ff9af64699922839bf7203ff.php 第 87 行.
INFO: Run Behavior\ParseTemplateBehavior [ RunTime:0.007265s ]
INFO: [ view_parse ] --END-- [ RunTime:0.007323s ]
INFO: [ view_filter ] --START--
INFO: Run Behavior\WriteHtmlCacheBehavior [ RunTime:0.000252s ]
INFO: [ view_filter ] --END-- [ RunTime:0.000290s ]
INFO: [ app_end ] --START--
INFO: Run Behavior\ShowPageTraceBehavior [ RunTime:0.000458s ]
INFO: [ app_end ] --END-- [ RunTime:0.000602s ]

[ 2016-04-09T15:34:44+08:00 ] ::1 /index.php/Home/Help/index
INFO: [ app_init ] --START--
INFO: Run Behavior\BuildLiteBehavior [ RunTime:0.000016s ]
INFO: [ app_init ] --END-- [ RunTime:0.000310s ]
INFO: [ app_begin ] --START--
INFO: Run Behavior\ReadHtmlCacheBehavior [ RunTime:0.000358s ]
INFO: [ app_begin ] --END-- [ RunTime:0.000406s ]
SQL: SHOW COLUMNS FROM `user` [ RunTime:0.0041s ]
SQL: SELECT * FROM `user`  [ RunTime:0.0003s ]
INFO: [ view_parse ] --START--
INFO: [ template_filter ] --START--
INFO: Run Behavior\ContentReplaceBehavior [ RunTime:0.000074s ]
INFO: [ template_filter ] --END-- [ RunTime:0.000133s ]
NOTIC: [8] Undefined index: clientname C:\Users\Administrator\Desktop\MCMS\Index\Runtime\Cache\Home\c88f9a24ff9af64699922839bf7203ff.php 第 83 行.
NOTIC: [8] Undefined index: addr C:\Users\Administrator\Desktop\MCMS\Index\Runtime\Cache\Home\c88f9a24ff9af64699922839bf7203ff.php 第 84 行.
NOTIC: [8] Undefined index: contact C:\Users\Administrator\Desktop\MCMS\Index\Runtime\Cache\Home\c88f9a24ff9af64699922839bf7203ff.php 第 86 行.
NOTIC: [8] Undefined index: last_time C:\Users\Administrator\Desktop\MCMS\Index\Runtime\Cache\Home\c88f9a24ff9af64699922839bf7203ff.php 第 87 行.
NOTIC: [8] Undefined index: clientname C:\Users\Administrator\Desktop\MCMS\Index\Runtime\Cache\Home\c88f9a24ff9af64699922839bf7203ff.php 第 83 行.
NOTIC: [8] Undefined index: addr C:\Users\Administrator\Desktop\MCMS\Index\Runtime\Cache\Home\c88f9a24ff9af64699922839bf7203ff.php 第 84 行.
NOTIC: [8] Undefined index: contact C:\Users\Administrator\Desktop\MCMS\Index\Runtime\Cache\Home\c88f9a24ff9af64699922839bf7203ff.php 第 86 行.
NOTIC: [8] Undefined index: last_time C:\Users\Administrator\Desktop\MCMS\Index\Runtime\Cache\Home\c88f9a24ff9af64699922839bf7203ff.php 第 87 行.
INFO: Run Behavior\ParseTemplateBehavior [ RunTime:0.007081s ]
INFO: [ view_parse ] --END-- [ RunTime:0.007134s ]
INFO: [ view_filter ] --START--
INFO: Run Behavior\WriteHtmlCacheBehavior [ RunTime:0.000264s ]
INFO: [ view_filter ] --END-- [ RunTime:0.000305s ]
INFO: [ app_end ] --START--
INFO: Run Behavior\ShowPageTraceBehavior [ RunTime:0.000460s ]
INFO: [ app_end ] --END-- [ RunTime:0.000503s ]

[ 2016-04-09T15:35:11+08:00 ] ::1 /index.php/Home/Help/index
INFO: [ app_init ] --START--
INFO: Run Behavior\BuildLiteBehavior [ RunTime:0.000014s ]
INFO: [ app_init ] --END-- [ RunTime:0.000298s ]
INFO: [ app_begin ] --START--
INFO: Run Behavior\ReadHtmlCacheBehavior [ RunTime:0.000358s ]
INFO: [ app_begin ] --END-- [ RunTime:0.000405s ]
SQL: SHOW COLUMNS FROM `user` [ RunTime:0.0072s ]
SQL: SELECT * FROM `user`  [ RunTime:0.0005s ]
INFO: [ view_parse ] --START--
INFO: [ template_filter ] --START--
INFO: Run Behavior\ContentReplaceBehavior [ RunTime:0.000217s ]
INFO: [ template_filter ] --END-- [ RunTime:0.000362s ]
NOTIC: [8] Undefined index: clientname C:\Users\Administrator\Desktop\MCMS\Index\Runtime\Cache\Home\c88f9a24ff9af64699922839bf7203ff.php 第 83 行.
NOTIC: [8] Undefined index: addr C:\Users\Administrator\Desktop\MCMS\Index\Runtime\Cache\Home\c88f9a24ff9af64699922839bf7203ff.php 第 84 行.
NOTIC: [8] Undefined index: contact C:\Users\Administrator\Desktop\MCMS\Index\Runtime\Cache\Home\c88f9a24ff9af64699922839bf7203ff.php 第 86 行.
NOTIC: [8] Undefined index: last_time C:\Users\Administrator\Desktop\MCMS\Index\Runtime\Cache\Home\c88f9a24ff9af64699922839bf7203ff.php 第 87 行.
NOTIC: [8] Undefined index: clientname C:\Users\Administrator\Desktop\MCMS\Index\Runtime\Cache\Home\c88f9a24ff9af64699922839bf7203ff.php 第 83 行.
NOTIC: [8] Undefined index: addr C:\Users\Administrator\Desktop\MCMS\Index\Runtime\Cache\Home\c88f9a24ff9af64699922839bf7203ff.php 第 84 行.
NOTIC: [8] Undefined index: contact C:\Users\Administrator\Desktop\MCMS\Index\Runtime\Cache\Home\c88f9a24ff9af64699922839bf7203ff.php 第 86 行.
NOTIC: [8] Undefined index: last_time C:\Users\Administrator\Desktop\MCMS\Index\Runtime\Cache\Home\c88f9a24ff9af64699922839bf7203ff.php 第 87 行.
INFO: Run Behavior\ParseTemplateBehavior [ RunTime:0.020192s ]
INFO: [ view_parse ] --END-- [ RunTime:0.020359s ]
INFO: [ view_filter ] --START--
INFO: Run Behavior\WriteHtmlCacheBehavior [ RunTime:0.000601s ]
INFO: [ view_filter ] --END-- [ RunTime:0.000698s ]
INFO: [ app_end ] --START--
INFO: Run Behavior\ShowPageTraceBehavior [ RunTime:0.000504s ]
INFO: [ app_end ] --END-- [ RunTime:0.000556s ]

[ 2016-04-09T15:35:48+08:00 ] ::1 /index.php/Home/Help/index
INFO: [ app_init ] --START--
INFO: Run Behavior\BuildLiteBehavior [ RunTime:0.000023s ]
INFO: [ app_init ] --END-- [ RunTime:0.000421s ]
INFO: [ app_begin ] --START--
INFO: Run Behavior\ReadHtmlCacheBehavior [ RunTime:0.000478s ]
INFO: [ app_begin ] --END-- [ RunTime:0.000541s ]
SQL: SHOW COLUMNS FROM `user` [ RunTime:0.0099s ]
SQL: SELECT * FROM `user`  [ RunTime:0.0005s ]
INFO: [ view_parse ] --START--
INFO: [ template_filter ] --START--
INFO: Run Behavior\ContentReplaceBehavior [ RunTime:0.000193s ]
INFO: [ template_filter ] --END-- [ RunTime:0.000330s ]
NOTIC: [8] Undefined index: clientname C:\Users\Administrator\Desktop\MCMS\Index\Runtime\Cache\Home\c88f9a24ff9af64699922839bf7203ff.php 第 83 行.
NOTIC: [8] Undefined index: addr C:\Users\Administrator\Desktop\MCMS\Index\Runtime\Cache\Home\c88f9a24ff9af64699922839bf7203ff.php 第 84 行.
NOTIC: [8] Undefined index: contact C:\Users\Administrator\Desktop\MCMS\Index\Runtime\Cache\Home\c88f9a24ff9af64699922839bf7203ff.php 第 86 行.
NOTIC: [8] Undefined index: last_time C:\Users\Administrator\Desktop\MCMS\Index\Runtime\Cache\Home\c88f9a24ff9af64699922839bf7203ff.php 第 87 行.
NOTIC: [8] Undefined index: clientname C:\Users\Administrator\Desktop\MCMS\Index\Runtime\Cache\Home\c88f9a24ff9af64699922839bf7203ff.php 第 83 行.
NOTIC: [8] Undefined index: addr C:\Users\Administrator\Desktop\MCMS\Index\Runtime\Cache\Home\c88f9a24ff9af64699922839bf7203ff.php 第 84 行.
NOTIC: [8] Undefined index: contact C:\Users\Administrator\Desktop\MCMS\Index\Runtime\Cache\Home\c88f9a24ff9af64699922839bf7203ff.php 第 86 行.
NOTIC: [8] Undefined index: last_time C:\Users\Administrator\Desktop\MCMS\Index\Runtime\Cache\Home\c88f9a24ff9af64699922839bf7203ff.php 第 87 行.
INFO: Run Behavior\ParseTemplateBehavior [ RunTime:0.017731s ]
INFO: [ view_parse ] --END-- [ RunTime:0.017817s ]
INFO: [ view_filter ] --START--
INFO: Run Behavior\WriteHtmlCacheBehavior [ RunTime:0.000294s ]
INFO: [ view_filter ] --END-- [ RunTime:0.000337s ]
INFO: [ app_end ] --START--
INFO: Run Behavior\ShowPageTraceBehavior [ RunTime:0.000527s ]
INFO: [ app_end ] --END-- [ RunTime:0.000579s ]

[ 2016-04-09T15:35:59+08:00 ] ::1 /index.php/Home/Help/index
INFO: [ app_init ] --START--
INFO: Run Behavior\BuildLiteBehavior [ RunTime:0.000013s ]
INFO: [ app_init ] --END-- [ RunTime:0.000272s ]
INFO: [ app_begin ] --START--
INFO: Run Behavior\ReadHtmlCacheBehavior [ RunTime:0.000337s ]
INFO: [ app_begin ] --END-- [ RunTime:0.000384s ]
SQL: SHOW COLUMNS FROM `user` [ RunTime:0.0054s ]
SQL: SELECT * FROM `user`  [ RunTime:0.0004s ]
INFO: [ view_parse ] --START--
INFO: [ template_filter ] --START--
INFO: Run Behavior\ContentReplaceBehavior [ RunTime:0.000124s ]
INFO: [ template_filter ] --END-- [ RunTime:0.000212s ]
NOTIC: [8] Undefined index: clientname C:\Users\Administrator\Desktop\MCMS\Index\Runtime\Cache\Home\c88f9a24ff9af64699922839bf7203ff.php 第 83 行.
NOTIC: [8] Undefined index: addr C:\Users\Administrator\Desktop\MCMS\Index\Runtime\Cache\Home\c88f9a24ff9af64699922839bf7203ff.php 第 84 行.
NOTIC: [8] Undefined index: contact C:\Users\Administrator\Desktop\MCMS\Index\Runtime\Cache\Home\c88f9a24ff9af64699922839bf7203ff.php 第 86 行.
NOTIC: [8] Undefined index: last_time C:\Users\Administrator\Desktop\MCMS\Index\Runtime\Cache\Home\c88f9a24ff9af64699922839bf7203ff.php 第 87 行.
NOTIC: [8] Undefined index: clientname C:\Users\Administrator\Desktop\MCMS\Index\Runtime\Cache\Home\c88f9a24ff9af64699922839bf7203ff.php 第 83 行.
NOTIC: [8] Undefined index: addr C:\Users\Administrator\Desktop\MCMS\Index\Runtime\Cache\Home\c88f9a24ff9af64699922839bf7203ff.php 第 84 行.
NOTIC: [8] Undefined index: contact C:\Users\Administrator\Desktop\MCMS\Index\Runtime\Cache\Home\c88f9a24ff9af64699922839bf7203ff.php 第 86 行.
NOTIC: [8] Undefined index: last_time C:\Users\Administrator\Desktop\MCMS\Index\Runtime\Cache\Home\c88f9a24ff9af64699922839bf7203ff.php 第 87 行.
INFO: Run Behavior\ParseTemplateBehavior [ RunTime:0.011510s ]
INFO: [ view_parse ] --END-- [ RunTime:0.011590s ]
INFO: [ view_filter ] --START--
INFO: Run Behavior\WriteHtmlCacheBehavior [ RunTime:0.000375s ]
INFO: [ view_filter ] --END-- [ RunTime:0.000434s ]
INFO: [ app_end ] --START--
INFO: Run Behavior\ShowPageTraceBehavior [ RunTime:0.000785s ]
INFO: [ app_end ] --END-- [ RunTime:0.000911s ]

[ 2016-04-09T15:36:01+08:00 ] ::1 /index.php/Home/Help/index
INFO: [ app_init ] --START--
INFO: Run Behavior\BuildLiteBehavior [ RunTime:0.000014s ]
INFO: [ app_init ] --END-- [ RunTime:0.000308s ]
INFO: [ app_begin ] --START--
INFO: Run Behavior\ReadHtmlCacheBehavior [ RunTime:0.000365s ]
INFO: [ app_begin ] --END-- [ RunTime:0.000411s ]
SQL: SHOW COLUMNS FROM `user` [ RunTime:0.0062s ]
SQL: SELECT * FROM `user`  [ RunTime:0.0003s ]
INFO: [ view_parse ] --START--
INFO: [ template_filter ] --START--
INFO: Run Behavior\ContentReplaceBehavior [ RunTime:0.000079s ]
INFO: [ template_filter ] --END-- [ RunTime:0.000141s ]
NOTIC: [8] Undefined index: clientname C:\Users\Administrator\Desktop\MCMS\Index\Runtime\Cache\Home\c88f9a24ff9af64699922839bf7203ff.php 第 83 行.
NOTIC: [8] Undefined index: addr C:\Users\Administrator\Desktop\MCMS\Index\Runtime\Cache\Home\c88f9a24ff9af64699922839bf7203ff.php 第 84 行.
NOTIC: [8] Undefined index: contact C:\Users\Administrator\Desktop\MCMS\Index\Runtime\Cache\Home\c88f9a24ff9af64699922839bf7203ff.php 第 86 行.
NOTIC: [8] Undefined index: last_time C:\Users\Administrator\Desktop\MCMS\Index\Runtime\Cache\Home\c88f9a24ff9af64699922839bf7203ff.php 第 87 行.
NOTIC: [8] Undefined index: clientname C:\Users\Administrator\Desktop\MCMS\Index\Runtime\Cache\Home\c88f9a24ff9af64699922839bf7203ff.php 第 83 行.
NOTIC: [8] Undefined index: addr C:\Users\Administrator\Desktop\MCMS\Index\Runtime\Cache\Home\c88f9a24ff9af64699922839bf7203ff.php 第 84 行.
NOTIC: [8] Undefined index: contact C:\Users\Administrator\Desktop\MCMS\Index\Runtime\Cache\Home\c88f9a24ff9af64699922839bf7203ff.php 第 86 行.
NOTIC: [8] Undefined index: last_time C:\Users\Administrator\Desktop\MCMS\Index\Runtime\Cache\Home\c88f9a24ff9af64699922839bf7203ff.php 第 87 行.
INFO: Run Behavior\ParseTemplateBehavior [ RunTime:0.007672s ]
INFO: [ view_parse ] --END-- [ RunTime:0.007725s ]
INFO: [ view_filter ] --START--
INFO: Run Behavior\WriteHtmlCacheBehavior [ RunTime:0.000298s ]
INFO: [ view_filter ] --END-- [ RunTime:0.000339s ]
INFO: [ app_end ] --START--
INFO: Run Behavior\ShowPageTraceBehavior [ RunTime:0.000589s ]
INFO: [ app_end ] --END-- [ RunTime:0.000671s ]

[ 2016-04-09T15:36:26+08:00 ] ::1 /index.php/Home/Help/index
INFO: [ app_init ] --START--
INFO: Run Behavior\BuildLiteBehavior [ RunTime:0.000012s ]
INFO: [ app_init ] --END-- [ RunTime:0.000264s ]
INFO: [ app_begin ] --START--
INFO: Run Behavior\ReadHtmlCacheBehavior [ RunTime:0.000506s ]
INFO: [ app_begin ] --END-- [ RunTime:0.000557s ]
SQL: SHOW COLUMNS FROM `user` [ RunTime:0.0101s ]
SQL: SELECT * FROM `user`  [ RunTime:0.0006s ]
INFO: [ view_parse ] --START--
INFO: [ template_filter ] --START--
INFO: Run Behavior\ContentReplaceBehavior [ RunTime:0.000089s ]
INFO: [ template_filter ] --END-- [ RunTime:0.000629s ]
NOTIC: [8] Undefined index: clientname C:\Users\Administrator\Desktop\MCMS\Index\Runtime\Cache\Home\c88f9a24ff9af64699922839bf7203ff.php 第 83 行.
NOTIC: [8] Undefined index: addr C:\Users\Administrator\Desktop\MCMS\Index\Runtime\Cache\Home\c88f9a24ff9af64699922839bf7203ff.php 第 84 行.
NOTIC: [8] Undefined index: contact C:\Users\Administrator\Desktop\MCMS\Index\Runtime\Cache\Home\c88f9a24ff9af64699922839bf7203ff.php 第 86 行.
NOTIC: [8] Undefined index: last_time C:\Users\Administrator\Desktop\MCMS\Index\Runtime\Cache\Home\c88f9a24ff9af64699922839bf7203ff.php 第 87 行.
NOTIC: [8] Undefined index: clientname C:\Users\Administrator\Desktop\MCMS\Index\Runtime\Cache\Home\c88f9a24ff9af64699922839bf7203ff.php 第 83 行.
NOTIC: [8] Undefined index: addr C:\Users\Administrator\Desktop\MCMS\Index\Runtime\Cache\Home\c88f9a24ff9af64699922839bf7203ff.php 第 84 行.
NOTIC: [8] Undefined index: contact C:\Users\Administrator\Desktop\MCMS\Index\Runtime\Cache\Home\c88f9a24ff9af64699922839bf7203ff.php 第 86 行.
NOTIC: [8] Undefined index: last_time C:\Users\Administrator\Desktop\MCMS\Index\Runtime\Cache\Home\c88f9a24ff9af64699922839bf7203ff.php 第 87 行.
INFO: Run Behavior\ParseTemplateBehavior [ RunTime:0.018633s ]
INFO: [ view_parse ] --END-- [ RunTime:0.018722s ]
INFO: [ view_filter ] --START--
INFO: Run Behavior\WriteHtmlCacheBehavior [ RunTime:0.000296s ]
INFO: [ view_filter ] --END-- [ RunTime:0.000339s ]
INFO: [ app_end ] --START--
INFO: Run Behavior\ShowPageTraceBehavior [ RunTime:0.000791s ]
INFO: [ app_end ] --END-- [ RunTime:0.000850s ]

[ 2016-04-09T15:38:23+08:00 ] ::1 /index.php/Home/Help/index
INFO: [ app_init ] --START--
INFO: Run Behavior\BuildLiteBehavior [ RunTime:0.000016s ]
INFO: [ app_init ] --END-- [ RunTime:0.000333s ]
INFO: [ app_begin ] --START--
INFO: Run Behavior\ReadHtmlCacheBehavior [ RunTime:0.000471s ]
INFO: [ app_begin ] --END-- [ RunTime:0.000534s ]
SQL: SHOW COLUMNS FROM `user` [ RunTime:0.0035s ]
SQL: SELECT * FROM `user`  [ RunTime:0.0002s ]
INFO: [ view_parse ] --START--
INFO: [ template_filter ] --START--
INFO: Run Behavior\ContentReplaceBehavior [ RunTime:0.000076s ]
INFO: [ template_filter ] --END-- [ RunTime:0.000133s ]
NOTIC: [8] Undefined index: clientname C:\Users\Administrator\Desktop\MCMS\Index\Runtime\Cache\Home\c88f9a24ff9af64699922839bf7203ff.php 第 83 行.
NOTIC: [8] Undefined index: addr C:\Users\Administrator\Desktop\MCMS\Index\Runtime\Cache\Home\c88f9a24ff9af64699922839bf7203ff.php 第 84 行.
NOTIC: [8] Undefined index: contact C:\Users\Administrator\Desktop\MCMS\Index\Runtime\Cache\Home\c88f9a24ff9af64699922839bf7203ff.php 第 86 行.
NOTIC: [8] Undefined index: last_time C:\Users\Administrator\Desktop\MCMS\Index\Runtime\Cache\Home\c88f9a24ff9af64699922839bf7203ff.php 第 87 行.
NOTIC: [8] Undefined index: clientname C:\Users\Administrator\Desktop\MCMS\Index\Runtime\Cache\Home\c88f9a24ff9af64699922839bf7203ff.php 第 83 行.
NOTIC: [8] Undefined index: addr C:\Users\Administrator\Desktop\MCMS\Index\Runtime\Cache\Home\c88f9a24ff9af64699922839bf7203ff.php 第 84 行.
NOTIC: [8] Undefined index: contact C:\Users\Administrator\Desktop\MCMS\Index\Runtime\Cache\Home\c88f9a24ff9af64699922839bf7203ff.php 第 86 行.
NOTIC: [8] Undefined index: last_time C:\Users\Administrator\Desktop\MCMS\Index\Runtime\Cache\Home\c88f9a24ff9af64699922839bf7203ff.php 第 87 行.
INFO: Run Behavior\ParseTemplateBehavior [ RunTime:0.016157s ]
INFO: [ view_parse ] --END-- [ RunTime:0.016212s ]
INFO: [ view_filter ] --START--
INFO: Run Behavior\WriteHtmlCacheBehavior [ RunTime:0.000330s ]
INFO: [ view_filter ] --END-- [ RunTime:0.000369s ]
INFO: [ app_end ] --START--
INFO: Run Behavior\ShowPageTraceBehavior [ RunTime:0.005042s ]
INFO: [ app_end ] --END-- [ RunTime:0.005109s ]

[ 2016-04-09T15:38:56+08:00 ] ::1 /index.php/Home/Help/index
INFO: [ app_init ] --START--
INFO: Run Behavior\BuildLiteBehavior [ RunTime:0.000015s ]
INFO: [ app_init ] --END-- [ RunTime:0.000313s ]
INFO: [ app_begin ] --START--
INFO: Run Behavior\ReadHtmlCacheBehavior [ RunTime:0.000377s ]
INFO: [ app_begin ] --END-- [ RunTime:0.000430s ]
SQL: SHOW COLUMNS FROM `user` [ RunTime:0.0064s ]
SQL: SELECT * FROM `user`  [ RunTime:0.0004s ]
INFO: [ view_parse ] --START--
INFO: [ template_filter ] --START--
INFO: Run Behavior\ContentReplaceBehavior [ RunTime:0.000105s ]
INFO: [ template_filter ] --END-- [ RunTime:0.000184s ]
NOTIC: [8] Undefined index: clientname C:\Users\Administrator\Desktop\MCMS\Index\Runtime\Cache\Home\c88f9a24ff9af64699922839bf7203ff.php 第 83 行.
NOTIC: [8] Undefined index: addr C:\Users\Administrator\Desktop\MCMS\Index\Runtime\Cache\Home\c88f9a24ff9af64699922839bf7203ff.php 第 84 行.
NOTIC: [8] Undefined index: contact C:\Users\Administrator\Desktop\MCMS\Index\Runtime\Cache\Home\c88f9a24ff9af64699922839bf7203ff.php 第 86 行.
NOTIC: [8] Undefined index: last_time C:\Users\Administrator\Desktop\MCMS\Index\Runtime\Cache\Home\c88f9a24ff9af64699922839bf7203ff.php 第 87 行.
NOTIC: [8] Undefined index: clientname C:\Users\Administrator\Desktop\MCMS\Index\Runtime\Cache\Home\c88f9a24ff9af64699922839bf7203ff.php 第 83 行.
NOTIC: [8] Undefined index: addr C:\Users\Administrator\Desktop\MCMS\Index\Runtime\Cache\Home\c88f9a24ff9af64699922839bf7203ff.php 第 84 行.
NOTIC: [8] Undefined index: contact C:\Users\Administrator\Desktop\MCMS\Index\Runtime\Cache\Home\c88f9a24ff9af64699922839bf7203ff.php 第 86 行.
NOTIC: [8] Undefined index: last_time C:\Users\Administrator\Desktop\MCMS\Index\Runtime\Cache\Home\c88f9a24ff9af64699922839bf7203ff.php 第 87 行.
INFO: Run Behavior\ParseTemplateBehavior [ RunTime:0.009922s ]
INFO: [ view_parse ] --END-- [ RunTime:0.009990s ]
INFO: [ view_filter ] --START--
INFO: Run Behavior\WriteHtmlCacheBehavior [ RunTime:0.000337s ]
INFO: [ view_filter ] --END-- [ RunTime:0.000386s ]
INFO: [ app_end ] --START--
INFO: Run Behavior\ShowPageTraceBehavior [ RunTime:0.001124s ]
INFO: [ app_end ] --END-- [ RunTime:0.001192s ]

[ 2016-04-09T15:40:04+08:00 ] ::1 /index.php/Home/Help/index
INFO: [ app_init ] --START--
INFO: Run Behavior\BuildLiteBehavior [ RunTime:0.000016s ]
INFO: [ app_init ] --END-- [ RunTime:0.000319s ]
INFO: [ app_begin ] --START--
INFO: Run Behavior\ReadHtmlCacheBehavior [ RunTime:0.000376s ]
INFO: [ app_begin ] --END-- [ RunTime:0.000430s ]
SQL: SHOW COLUMNS FROM `user` [ RunTime:0.0049s ]
SQL: SELECT * FROM `user`  [ RunTime:0.0004s ]
INFO: [ view_parse ] --START--
INFO: [ template_filter ] --START--
INFO: Run Behavior\ContentReplaceBehavior [ RunTime:0.000128s ]
INFO: [ template_filter ] --END-- [ RunTime:0.000245s ]
NOTIC: [8] Undefined index: clientname C:\Users\Administrator\Desktop\MCMS\Index\Runtime\Cache\Home\c88f9a24ff9af64699922839bf7203ff.php 第 83 行.
NOTIC: [8] Undefined index: addr C:\Users\Administrator\Desktop\MCMS\Index\Runtime\Cache\Home\c88f9a24ff9af64699922839bf7203ff.php 第 84 行.
NOTIC: [8] Undefined index: contact C:\Users\Administrator\Desktop\MCMS\Index\Runtime\Cache\Home\c88f9a24ff9af64699922839bf7203ff.php 第 86 行.
NOTIC: [8] Undefined index: last_time C:\Users\Administrator\Desktop\MCMS\Index\Runtime\Cache\Home\c88f9a24ff9af64699922839bf7203ff.php 第 87 行.
NOTIC: [8] Undefined index: clientname C:\Users\Administrator\Desktop\MCMS\Index\Runtime\Cache\Home\c88f9a24ff9af64699922839bf7203ff.php 第 83 行.
NOTIC: [8] Undefined index: addr C:\Users\Administrator\Desktop\MCMS\Index\Runtime\Cache\Home\c88f9a24ff9af64699922839bf7203ff.php 第 84 行.
NOTIC: [8] Undefined index: contact C:\Users\Administrator\Desktop\MCMS\Index\Runtime\Cache\Home\c88f9a24ff9af64699922839bf7203ff.php 第 86 行.
NOTIC: [8] Undefined index: last_time C:\Users\Administrator\Desktop\MCMS\Index\Runtime\Cache\Home\c88f9a24ff9af64699922839bf7203ff.php 第 87 行.
INFO: Run Behavior\ParseTemplateBehavior [ RunTime:0.010396s ]
INFO: [ view_parse ] --END-- [ RunTime:0.010467s ]
INFO: [ view_filter ] --START--
INFO: Run Behavior\WriteHtmlCacheBehavior [ RunTime:0.000355s ]
INFO: [ view_filter ] --END-- [ RunTime:0.000411s ]
INFO: [ app_end ] --START--
INFO: Run Behavior\ShowPageTraceBehavior [ RunTime:0.000698s ]
INFO: [ app_end ] --END-- [ RunTime:0.000808s ]

[ 2016-04-09T15:41:09+08:00 ] ::1 /index.php/Home/Help/index
INFO: [ app_init ] --START--
INFO: Run Behavior\BuildLiteBehavior [ RunTime:0.000013s ]
INFO: [ app_init ] --END-- [ RunTime:0.000307s ]
INFO: [ app_begin ] --START--
INFO: Run Behavior\ReadHtmlCacheBehavior [ RunTime:0.000413s ]
INFO: [ app_begin ] --END-- [ RunTime:0.000467s ]
SQL: SHOW COLUMNS FROM `user` [ RunTime:0.0069s ]
SQL: SELECT * FROM `user`  [ RunTime:0.0005s ]
INFO: [ view_parse ] --START--
INFO: [ template_filter ] --START--
INFO: Run Behavior\ContentReplaceBehavior [ RunTime:0.000306s ]
INFO: [ template_filter ] --END-- [ RunTime:0.000497s ]
NOTIC: [8] Undefined index: clientname C:\Users\Administrator\Desktop\MCMS\Index\Runtime\Cache\Home\c88f9a24ff9af64699922839bf7203ff.php 第 83 行.
NOTIC: [8] Undefined index: addr C:\Users\Administrator\Desktop\MCMS\Index\Runtime\Cache\Home\c88f9a24ff9af64699922839bf7203ff.php 第 84 行.
NOTIC: [8] Undefined index: contact C:\Users\Administrator\Desktop\MCMS\Index\Runtime\Cache\Home\c88f9a24ff9af64699922839bf7203ff.php 第 86 行.
NOTIC: [8] Undefined index: last_time C:\Users\Administrator\Desktop\MCMS\Index\Runtime\Cache\Home\c88f9a24ff9af64699922839bf7203ff.php 第 87 行.
NOTIC: [8] Undefined index: clientname C:\Users\Administrator\Desktop\MCMS\Index\Runtime\Cache\Home\c88f9a24ff9af64699922839bf7203ff.php 第 83 行.
NOTIC: [8] Undefined index: addr C:\Users\Administrator\Desktop\MCMS\Index\Runtime\Cache\Home\c88f9a24ff9af64699922839bf7203ff.php 第 84 行.
NOTIC: [8] Undefined index: contact C:\Users\Administrator\Desktop\MCMS\Index\Runtime\Cache\Home\c88f9a24ff9af64699922839bf7203ff.php 第 86 行.
NOTIC: [8] Undefined index: last_time C:\Users\Administrator\Desktop\MCMS\Index\Runtime\Cache\Home\c88f9a24ff9af64699922839bf7203ff.php 第 87 行.
INFO: Run Behavior\ParseTemplateBehavior [ RunTime:0.018101s ]
INFO: [ view_parse ] --END-- [ RunTime:0.018205s ]
INFO: [ view_filter ] --START--
INFO: Run Behavior\WriteHtmlCacheBehavior [ RunTime:0.000617s ]
INFO: [ view_filter ] --END-- [ RunTime:0.000699s ]
INFO: [ app_end ] --START--
INFO: Run Behavior\ShowPageTraceBehavior [ RunTime:0.001407s ]
INFO: [ app_end ] --END-- [ RunTime:0.001529s ]

[ 2016-04-09T15:44:11+08:00 ] ::1 /index.php/Home/Help/index
INFO: [ app_init ] --START--
INFO: Run Behavior\BuildLiteBehavior [ RunTime:0.000014s ]
INFO: [ app_init ] --END-- [ RunTime:0.000319s ]
INFO: [ app_begin ] --START--
INFO: Run Behavior\ReadHtmlCacheBehavior [ RunTime:0.000399s ]
INFO: [ app_begin ] --END-- [ RunTime:0.000476s ]
SQL: SHOW COLUMNS FROM `user` [ RunTime:0.0084s ]
SQL: SELECT * FROM `user`  [ RunTime:0.0005s ]
INFO: [ view_parse ] --START--
INFO: [ template_filter ] --START--
INFO: Run Behavior\ContentReplaceBehavior [ RunTime:0.000149s ]
INFO: [ template_filter ] --END-- [ RunTime:0.000255s ]
NOTIC: [8] Undefined index: clientname C:\Users\Administrator\Desktop\MCMS\Index\Runtime\Cache\Home\c88f9a24ff9af64699922839bf7203ff.php 第 83 行.
NOTIC: [8] Undefined index: addr C:\Users\Administrator\Desktop\MCMS\Index\Runtime\Cache\Home\c88f9a24ff9af64699922839bf7203ff.php 第 84 行.
NOTIC: [8] Undefined index: contact C:\Users\Administrator\Desktop\MCMS\Index\Runtime\Cache\Home\c88f9a24ff9af64699922839bf7203ff.php 第 86 行.
NOTIC: [8] Undefined index: last_time C:\Users\Administrator\Desktop\MCMS\Index\Runtime\Cache\Home\c88f9a24ff9af64699922839bf7203ff.php 第 87 行.
NOTIC: [8] Undefined index: clientname C:\Users\Administrator\Desktop\MCMS\Index\Runtime\Cache\Home\c88f9a24ff9af64699922839bf7203ff.php 第 83 行.
NOTIC: [8] Undefined index: addr C:\Users\Administrator\Desktop\MCMS\Index\Runtime\Cache\Home\c88f9a24ff9af64699922839bf7203ff.php 第 84 行.
NOTIC: [8] Undefined index: contact C:\Users\Administrator\Desktop\MCMS\Index\Runtime\Cache\Home\c88f9a24ff9af64699922839bf7203ff.php 第 86 行.
NOTIC: [8] Undefined index: last_time C:\Users\Administrator\Desktop\MCMS\Index\Runtime\Cache\Home\c88f9a24ff9af64699922839bf7203ff.php 第 87 行.
INFO: Run Behavior\ParseTemplateBehavior [ RunTime:0.010240s ]
INFO: [ view_parse ] --END-- [ RunTime:0.010349s ]
INFO: [ view_filter ] --START--
INFO: Run Behavior\WriteHtmlCacheBehavior [ RunTime:0.000636s ]
INFO: [ view_filter ] --END-- [ RunTime:0.000691s ]
INFO: [ app_end ] --START--
INFO: Run Behavior\ShowPageTraceBehavior [ RunTime:0.000737s ]
INFO: [ app_end ] --END-- [ RunTime:0.000835s ]

