[ 2016-04-21T12:19:29+08:00 ] ::1 /MCMS/
INFO: [ app_init ] --START--
INFO: Run Behavior\BuildLiteBehavior [ RunTime:0.000015s ]
INFO: [ app_init ] --END-- [ RunTime:0.000403s ]
INFO: [ app_begin ] --START--
INFO: Run Behavior\ReadHtmlCacheBehavior [ RunTime:0.000633s ]
INFO: [ app_begin ] --END-- [ RunTime:0.000691s ]

[ 2016-04-21T12:19:29+08:00 ] ::1 /MCMS/index.php/Home/Login/index
INFO: [ app_init ] --START--
INFO: Run Behavior\BuildLiteBehavior [ RunTime:0.000015s ]
INFO: [ app_init ] --END-- [ RunTime:0.000330s ]
INFO: [ app_begin ] --START--
INFO: Run Behavior\ReadHtmlCacheBehavior [ RunTime:0.000799s ]
INFO: [ app_begin ] --END-- [ RunTime:0.000867s ]
NOTIC: [2] Missing argument 1 for Think\Controller::show(), called in C:\phpStudy\WWW\MCMS\Index\Home\Controller\LoginController.class.php on line 6 and defined C:\phpStudy\WWW\MCMS\ThinkPHP\Library\Think\Controller.class.php 第 68 行.
NOTIC: [8] Undefined variable: content C:\phpStudy\WWW\MCMS\ThinkPHP\Library\Think\Controller.class.php 第 69 行.
INFO: [ view_parse ] --START--
INFO: [ template_filter ] --START--
INFO: Run Behavior\ContentReplaceBehavior [ RunTime:0.000052s ]
INFO: [ template_filter ] --END-- [ RunTime:0.000234s ]
NOTIC: [8] Undefined variable: login C:\phpStudy\WWW\MCMS\Index\Runtime\Cache\Home\8568c9968b5b48cb7715112de401a702.php 第 15 行.
INFO: Run Behavior\ParseTemplateBehavior [ RunTime:0.007739s ]
INFO: [ view_parse ] --END-- [ RunTime:0.007791s ]
INFO: [ view_filter ] --START--
INFO: Run Behavior\WriteHtmlCacheBehavior [ RunTime:0.000385s ]
INFO: [ view_filter ] --END-- [ RunTime:0.000426s ]
INFO: [ app_end ] --START--
INFO: Run Behavior\ShowPageTraceBehavior [ RunTime:0.000635s ]
INFO: [ app_end ] --END-- [ RunTime:0.000684s ]

[ 2016-04-21T12:19:40+08:00 ] ::1 /MCMS/index.php/Home/Login/login
INFO: [ app_init ] --START--
INFO: Run Behavior\BuildLiteBehavior [ RunTime:0.000015s ]
INFO: [ app_init ] --END-- [ RunTime:0.000431s ]
INFO: [ app_begin ] --START--
INFO: Run Behavior\ReadHtmlCacheBehavior [ RunTime:0.000549s ]
INFO: [ app_begin ] --END-- [ RunTime:0.000599s ]
SQL: SHOW COLUMNS FROM `user` [ RunTime:0.0082s ]
SQL: SELECT * FROM `user` WHERE ( username='admin' and password='21232f297a57a5a743894a0e4a801fc3' ) LIMIT 1   [ RunTime:0.0007s ]

[ 2016-04-21T12:19:41+08:00 ] ::1 /MCMS/index.php/Home/Index/index
INFO: [ app_init ] --START--
INFO: Run Behavior\BuildLiteBehavior [ RunTime:0.000019s ]
INFO: [ app_init ] --END-- [ RunTime:0.000450s ]
INFO: [ app_begin ] --START--
INFO: Run Behavior\ReadHtmlCacheBehavior [ RunTime:0.001166s ]
INFO: [ app_begin ] --END-- [ RunTime:0.001259s ]
SQL: SHOW COLUMNS FROM `task` [ RunTime:0.0070s ]
SQL: SHOW COLUMNS FROM `client` [ RunTime:0.0064s ]
SQL: SELECT * FROM `task` WHERE ( accepter = '1' )  [ RunTime:0.0006s ]
INFO: [ view_parse ] --START--
INFO: [ template_filter ] --START--
INFO: Run Behavior\ContentReplaceBehavior [ RunTime:0.000057s ]
INFO: [ template_filter ] --END-- [ RunTime:0.000118s ]
NOTIC: [8] Undefined variable: listtask C:\phpStudy\WWW\MCMS\Index\Runtime\Cache\Home\f8cf203eb98c60ed9cec339b90173a5c.php 第 108 行.
INFO: Run Behavior\ParseTemplateBehavior [ RunTime:0.011828s ]
INFO: [ view_parse ] --END-- [ RunTime:0.011913s ]
INFO: [ view_filter ] --START--
INFO: Run Behavior\WriteHtmlCacheBehavior [ RunTime:0.000441s ]
INFO: [ view_filter ] --END-- [ RunTime:0.000487s ]
INFO: [ app_end ] --START--
INFO: Run Behavior\ShowPageTraceBehavior [ RunTime:0.000690s ]
INFO: [ app_end ] --END-- [ RunTime:0.000878s ]

[ 2016-04-21T12:19:46+08:00 ] ::1 /MCMS/index.php/Home/Task/mytask
INFO: [ app_init ] --START--
INFO: Run Behavior\BuildLiteBehavior [ RunTime:0.000019s ]
INFO: [ app_init ] --END-- [ RunTime:0.000462s ]
INFO: [ app_begin ] --START--
INFO: Run Behavior\ReadHtmlCacheBehavior [ RunTime:0.000820s ]
INFO: [ app_begin ] --END-- [ RunTime:0.000896s ]
INFO: [ view_parse ] --START--
INFO: [ template_filter ] --START--
INFO: Run Behavior\ContentReplaceBehavior [ RunTime:0.000128s ]
INFO: [ template_filter ] --END-- [ RunTime:0.000227s ]
NOTIC: [8] Undefined variable: pg C:\phpStudy\WWW\MCMS\Index\Runtime\Cache\Home\84c646aedc90e6e698b68611ac1ef4a7.php 第 47 行.
NOTIC: [8] Undefined variable: pg C:\phpStudy\WWW\MCMS\Index\Runtime\Cache\Home\84c646aedc90e6e698b68611ac1ef4a7.php 第 48 行.
NOTIC: [8] Undefined variable: pg C:\phpStudy\WWW\MCMS\Index\Runtime\Cache\Home\84c646aedc90e6e698b68611ac1ef4a7.php 第 49 行.
NOTIC: [8] Undefined variable: pg C:\phpStudy\WWW\MCMS\Index\Runtime\Cache\Home\84c646aedc90e6e698b68611ac1ef4a7.php 第 50 行.
NOTIC: [8] Undefined variable: pg C:\phpStudy\WWW\MCMS\Index\Runtime\Cache\Home\84c646aedc90e6e698b68611ac1ef4a7.php 第 51 行.
NOTIC: [8] Undefined variable: pg C:\phpStudy\WWW\MCMS\Index\Runtime\Cache\Home\84c646aedc90e6e698b68611ac1ef4a7.php 第 52 行.
NOTIC: [8] Undefined variable: pg C:\phpStudy\WWW\MCMS\Index\Runtime\Cache\Home\84c646aedc90e6e698b68611ac1ef4a7.php 第 53 行.
NOTIC: [8] Undefined variable: list C:\phpStudy\WWW\MCMS\Index\Runtime\Cache\Home\84c646aedc90e6e698b68611ac1ef4a7.php 第 89 行.
INFO: Run Behavior\ParseTemplateBehavior [ RunTime:0.010141s ]
INFO: [ view_parse ] --END-- [ RunTime:0.010203s ]
INFO: [ view_filter ] --START--
INFO: Run Behavior\WriteHtmlCacheBehavior [ RunTime:0.000411s ]
INFO: [ view_filter ] --END-- [ RunTime:0.000473s ]
INFO: [ app_end ] --START--
INFO: Run Behavior\ShowPageTraceBehavior [ RunTime:0.001137s ]
INFO: [ app_end ] --END-- [ RunTime:0.001223s ]

[ 2016-04-21T12:19:50+08:00 ] ::1 /MCMS/index.php/Home/Task/mytask
INFO: [ app_init ] --START--
INFO: Run Behavior\BuildLiteBehavior [ RunTime:0.000014s ]
INFO: [ app_init ] --END-- [ RunTime:0.000318s ]
INFO: [ app_begin ] --START--
INFO: Run Behavior\ReadHtmlCacheBehavior [ RunTime:0.000548s ]
INFO: [ app_begin ] --END-- [ RunTime:0.000600s ]
INFO: [ view_parse ] --START--
INFO: [ template_filter ] --START--
INFO: Run Behavior\ContentReplaceBehavior [ RunTime:0.000096s ]
INFO: [ template_filter ] --END-- [ RunTime:0.000155s ]
NOTIC: [8] Undefined variable: pg C:\phpStudy\WWW\MCMS\Index\Runtime\Cache\Home\84c646aedc90e6e698b68611ac1ef4a7.php 第 47 行.
NOTIC: [8] Undefined variable: pg C:\phpStudy\WWW\MCMS\Index\Runtime\Cache\Home\84c646aedc90e6e698b68611ac1ef4a7.php 第 48 行.
NOTIC: [8] Undefined variable: pg C:\phpStudy\WWW\MCMS\Index\Runtime\Cache\Home\84c646aedc90e6e698b68611ac1ef4a7.php 第 49 行.
NOTIC: [8] Undefined variable: pg C:\phpStudy\WWW\MCMS\Index\Runtime\Cache\Home\84c646aedc90e6e698b68611ac1ef4a7.php 第 50 行.
NOTIC: [8] Undefined variable: pg C:\phpStudy\WWW\MCMS\Index\Runtime\Cache\Home\84c646aedc90e6e698b68611ac1ef4a7.php 第 51 行.
NOTIC: [8] Undefined variable: pg C:\phpStudy\WWW\MCMS\Index\Runtime\Cache\Home\84c646aedc90e6e698b68611ac1ef4a7.php 第 52 行.
NOTIC: [8] Undefined variable: pg C:\phpStudy\WWW\MCMS\Index\Runtime\Cache\Home\84c646aedc90e6e698b68611ac1ef4a7.php 第 53 行.
NOTIC: [8] Undefined variable: list C:\phpStudy\WWW\MCMS\Index\Runtime\Cache\Home\84c646aedc90e6e698b68611ac1ef4a7.php 第 89 行.
INFO: Run Behavior\ParseTemplateBehavior [ RunTime:0.009605s ]
INFO: [ view_parse ] --END-- [ RunTime:0.009654s ]
INFO: [ view_filter ] --START--
INFO: Run Behavior\WriteHtmlCacheBehavior [ RunTime:0.000405s ]
INFO: [ view_filter ] --END-- [ RunTime:0.000448s ]
INFO: [ app_end ] --START--
INFO: Run Behavior\ShowPageTraceBehavior [ RunTime:0.000887s ]
INFO: [ app_end ] --END-- [ RunTime:0.000953s ]

[ 2016-04-21T12:19:52+08:00 ] ::1 /MCMS/index.php/Home/Task/mytask
INFO: [ app_init ] --START--
INFO: Run Behavior\BuildLiteBehavior [ RunTime:0.000014s ]
INFO: [ app_init ] --END-- [ RunTime:0.000323s ]
INFO: [ app_begin ] --START--
INFO: Run Behavior\ReadHtmlCacheBehavior [ RunTime:0.000770s ]
INFO: [ app_begin ] --END-- [ RunTime:0.000832s ]
INFO: [ view_parse ] --START--
INFO: [ template_filter ] --START--
INFO: Run Behavior\ContentReplaceBehavior [ RunTime:0.000091s ]
INFO: [ template_filter ] --END-- [ RunTime:0.000149s ]
NOTIC: [8] Undefined variable: pg C:\phpStudy\WWW\MCMS\Index\Runtime\Cache\Home\84c646aedc90e6e698b68611ac1ef4a7.php 第 47 行.
NOTIC: [8] Undefined variable: pg C:\phpStudy\WWW\MCMS\Index\Runtime\Cache\Home\84c646aedc90e6e698b68611ac1ef4a7.php 第 48 行.
NOTIC: [8] Undefined variable: pg C:\phpStudy\WWW\MCMS\Index\Runtime\Cache\Home\84c646aedc90e6e698b68611ac1ef4a7.php 第 49 行.
NOTIC: [8] Undefined variable: pg C:\phpStudy\WWW\MCMS\Index\Runtime\Cache\Home\84c646aedc90e6e698b68611ac1ef4a7.php 第 50 行.
NOTIC: [8] Undefined variable: pg C:\phpStudy\WWW\MCMS\Index\Runtime\Cache\Home\84c646aedc90e6e698b68611ac1ef4a7.php 第 51 行.
NOTIC: [8] Undefined variable: pg C:\phpStudy\WWW\MCMS\Index\Runtime\Cache\Home\84c646aedc90e6e698b68611ac1ef4a7.php 第 52 行.
NOTIC: [8] Undefined variable: pg C:\phpStudy\WWW\MCMS\Index\Runtime\Cache\Home\84c646aedc90e6e698b68611ac1ef4a7.php 第 53 行.
NOTIC: [8] Undefined variable: list C:\phpStudy\WWW\MCMS\Index\Runtime\Cache\Home\84c646aedc90e6e698b68611ac1ef4a7.php 第 89 行.
INFO: Run Behavior\ParseTemplateBehavior [ RunTime:0.008749s ]
INFO: [ view_parse ] --END-- [ RunTime:0.008807s ]
INFO: [ view_filter ] --START--
INFO: Run Behavior\WriteHtmlCacheBehavior [ RunTime:0.000482s ]
INFO: [ view_filter ] --END-- [ RunTime:0.000526s ]
INFO: [ app_end ] --START--
INFO: Run Behavior\ShowPageTraceBehavior [ RunTime:0.000859s ]
INFO: [ app_end ] --END-- [ RunTime:0.000923s ]

[ 2016-04-21T12:19:55+08:00 ] ::1 /MCMS/index.php/Home/Task/mytask
INFO: [ app_init ] --START--
INFO: Run Behavior\BuildLiteBehavior [ RunTime:0.000020s ]
INFO: [ app_init ] --END-- [ RunTime:0.000489s ]
INFO: [ app_begin ] --START--
INFO: Run Behavior\ReadHtmlCacheBehavior [ RunTime:0.000712s ]
INFO: [ app_begin ] --END-- [ RunTime:0.000773s ]
INFO: [ view_parse ] --START--
INFO: [ template_filter ] --START--
INFO: Run Behavior\ContentReplaceBehavior [ RunTime:0.000109s ]
INFO: [ template_filter ] --END-- [ RunTime:0.000176s ]
NOTIC: [8] Undefined variable: pg C:\phpStudy\WWW\MCMS\Index\Runtime\Cache\Home\84c646aedc90e6e698b68611ac1ef4a7.php 第 47 行.
NOTIC: [8] Undefined variable: pg C:\phpStudy\WWW\MCMS\Index\Runtime\Cache\Home\84c646aedc90e6e698b68611ac1ef4a7.php 第 48 行.
NOTIC: [8] Undefined variable: pg C:\phpStudy\WWW\MCMS\Index\Runtime\Cache\Home\84c646aedc90e6e698b68611ac1ef4a7.php 第 49 行.
NOTIC: [8] Undefined variable: pg C:\phpStudy\WWW\MCMS\Index\Runtime\Cache\Home\84c646aedc90e6e698b68611ac1ef4a7.php 第 50 行.
NOTIC: [8] Undefined variable: pg C:\phpStudy\WWW\MCMS\Index\Runtime\Cache\Home\84c646aedc90e6e698b68611ac1ef4a7.php 第 51 行.
NOTIC: [8] Undefined variable: pg C:\phpStudy\WWW\MCMS\Index\Runtime\Cache\Home\84c646aedc90e6e698b68611ac1ef4a7.php 第 52 行.
NOTIC: [8] Undefined variable: pg C:\phpStudy\WWW\MCMS\Index\Runtime\Cache\Home\84c646aedc90e6e698b68611ac1ef4a7.php 第 53 行.
NOTIC: [8] Undefined variable: list C:\phpStudy\WWW\MCMS\Index\Runtime\Cache\Home\84c646aedc90e6e698b68611ac1ef4a7.php 第 89 行.
INFO: Run Behavior\ParseTemplateBehavior [ RunTime:0.009870s ]
INFO: [ view_parse ] --END-- [ RunTime:0.009927s ]
INFO: [ view_filter ] --START--
INFO: Run Behavior\WriteHtmlCacheBehavior [ RunTime:0.000527s ]
INFO: [ view_filter ] --END-- [ RunTime:0.000577s ]
INFO: [ app_end ] --START--
INFO: Run Behavior\ShowPageTraceBehavior [ RunTime:0.000941s ]
INFO: [ app_end ] --END-- [ RunTime:0.001163s ]

[ 2016-04-21T12:19:57+08:00 ] ::1 /MCMS/index.php/Home/Task/mytask
INFO: [ app_init ] --START--
INFO: Run Behavior\BuildLiteBehavior [ RunTime:0.000012s ]
INFO: [ app_init ] --END-- [ RunTime:0.000298s ]
INFO: [ app_begin ] --START--
INFO: Run Behavior\ReadHtmlCacheBehavior [ RunTime:0.000535s ]
INFO: [ app_begin ] --END-- [ RunTime:0.000590s ]
INFO: [ view_parse ] --START--
INFO: [ template_filter ] --START--
INFO: Run Behavior\ContentReplaceBehavior [ RunTime:0.000091s ]
INFO: [ template_filter ] --END-- [ RunTime:0.000143s ]
NOTIC: [8] Undefined variable: pg C:\phpStudy\WWW\MCMS\Index\Runtime\Cache\Home\84c646aedc90e6e698b68611ac1ef4a7.php 第 47 行.
NOTIC: [8] Undefined variable: pg C:\phpStudy\WWW\MCMS\Index\Runtime\Cache\Home\84c646aedc90e6e698b68611ac1ef4a7.php 第 48 行.
NOTIC: [8] Undefined variable: pg C:\phpStudy\WWW\MCMS\Index\Runtime\Cache\Home\84c646aedc90e6e698b68611ac1ef4a7.php 第 49 行.
NOTIC: [8] Undefined variable: pg C:\phpStudy\WWW\MCMS\Index\Runtime\Cache\Home\84c646aedc90e6e698b68611ac1ef4a7.php 第 50 行.
NOTIC: [8] Undefined variable: pg C:\phpStudy\WWW\MCMS\Index\Runtime\Cache\Home\84c646aedc90e6e698b68611ac1ef4a7.php 第 51 行.
NOTIC: [8] Undefined variable: pg C:\phpStudy\WWW\MCMS\Index\Runtime\Cache\Home\84c646aedc90e6e698b68611ac1ef4a7.php 第 52 行.
NOTIC: [8] Undefined variable: pg C:\phpStudy\WWW\MCMS\Index\Runtime\Cache\Home\84c646aedc90e6e698b68611ac1ef4a7.php 第 53 行.
NOTIC: [8] Undefined variable: list C:\phpStudy\WWW\MCMS\Index\Runtime\Cache\Home\84c646aedc90e6e698b68611ac1ef4a7.php 第 89 行.
INFO: Run Behavior\ParseTemplateBehavior [ RunTime:0.008364s ]
INFO: [ view_parse ] --END-- [ RunTime:0.008417s ]
INFO: [ view_filter ] --START--
INFO: Run Behavior\WriteHtmlCacheBehavior [ RunTime:0.000425s ]
INFO: [ view_filter ] --END-- [ RunTime:0.000466s ]
INFO: [ app_end ] --START--
INFO: Run Behavior\ShowPageTraceBehavior [ RunTime:0.000904s ]
INFO: [ app_end ] --END-- [ RunTime:0.000988s ]

[ 2016-04-21T12:20:05+08:00 ] ::1 /MCMS/index.php/Home/Task/index
INFO: [ app_init ] --START--
INFO: Run Behavior\BuildLiteBehavior [ RunTime:0.000013s ]
INFO: [ app_init ] --END-- [ RunTime:0.000298s ]
INFO: [ app_begin ] --START--
INFO: Run Behavior\ReadHtmlCacheBehavior [ RunTime:0.000522s ]
INFO: [ app_begin ] --END-- [ RunTime:0.000569s ]
SQL: SHOW COLUMNS FROM `task` [ RunTime:0.0042s ]
SQL: SHOW COLUMNS FROM `client` [ RunTime:0.0051s ]
SQL: SELECT * FROM `task`  [ RunTime:0.0004s ]
INFO: [ view_parse ] --START--
INFO: [ template_filter ] --START--
INFO: Run Behavior\ContentReplaceBehavior [ RunTime:0.000448s ]
INFO: [ template_filter ] --END-- [ RunTime:0.000538s ]
INFO: Run Behavior\ParseTemplateBehavior [ RunTime:0.012793s ]
INFO: [ view_parse ] --END-- [ RunTime:0.012885s ]
INFO: [ view_filter ] --START--
INFO: Run Behavior\WriteHtmlCacheBehavior [ RunTime:0.000593s ]
INFO: [ view_filter ] --END-- [ RunTime:0.000657s ]
INFO: [ app_end ] --START--
INFO: Run Behavior\ShowPageTraceBehavior [ RunTime:0.001177s ]
INFO: [ app_end ] --END-- [ RunTime:0.001298s ]

[ 2016-04-21T12:20:10+08:00 ] ::1 /MCMS/index.php/Home/Task/view
INFO: [ app_init ] --START--
INFO: Run Behavior\BuildLiteBehavior [ RunTime:0.000024s ]
INFO: [ app_init ] --END-- [ RunTime:0.000602s ]
INFO: [ app_begin ] --START--
INFO: Run Behavior\ReadHtmlCacheBehavior [ RunTime:0.001168s ]
INFO: [ app_begin ] --END-- [ RunTime:0.001286s ]
SQL: SHOW COLUMNS FROM `task` [ RunTime:0.0116s ]
SQL: SELECT * FROM `task` WHERE ( id = '12' )  [ RunTime:0.0012s ]

[ 2016-04-21T12:20:13+08:00 ] ::1 /MCMS/index.php/Home/Task/accept
INFO: [ app_init ] --START--
INFO: Run Behavior\BuildLiteBehavior [ RunTime:0.000053s ]
INFO: [ app_init ] --END-- [ RunTime:0.000608s ]
INFO: [ app_begin ] --START--
INFO: Run Behavior\ReadHtmlCacheBehavior [ RunTime:0.000929s ]
INFO: [ app_begin ] --END-- [ RunTime:0.001020s ]
SQL: SHOW COLUMNS FROM `task` [ RunTime:0.0056s ]
SQL: UPDATE `task` SET `accepter`='1',`accept_time`='2016-04-21 12:20:12' WHERE `id` = 12 [ RunTime:0.0008s ]
INFO: [ app_end ] --START--
INFO: Run Behavior\ShowPageTraceBehavior [ RunTime:0.001317s ]
INFO: [ app_end ] --END-- [ RunTime:0.001430s ]

[ 2016-04-21T12:20:14+08:00 ] ::1 /MCMS/index.php/Home/Task/mytask
INFO: [ app_init ] --START--
INFO: Run Behavior\BuildLiteBehavior [ RunTime:0.000018s ]
INFO: [ app_init ] --END-- [ RunTime:0.000580s ]
INFO: [ app_begin ] --START--
INFO: Run Behavior\ReadHtmlCacheBehavior [ RunTime:0.001024s ]
INFO: [ app_begin ] --END-- [ RunTime:0.001149s ]
INFO: [ view_parse ] --START--
INFO: [ template_filter ] --START--
INFO: Run Behavior\ContentReplaceBehavior [ RunTime:0.000096s ]
INFO: [ template_filter ] --END-- [ RunTime:0.000158s ]
NOTIC: [8] Undefined variable: pg C:\phpStudy\WWW\MCMS\Index\Runtime\Cache\Home\84c646aedc90e6e698b68611ac1ef4a7.php 第 47 行.
NOTIC: [8] Undefined variable: pg C:\phpStudy\WWW\MCMS\Index\Runtime\Cache\Home\84c646aedc90e6e698b68611ac1ef4a7.php 第 48 行.
NOTIC: [8] Undefined variable: pg C:\phpStudy\WWW\MCMS\Index\Runtime\Cache\Home\84c646aedc90e6e698b68611ac1ef4a7.php 第 49 行.
NOTIC: [8] Undefined variable: pg C:\phpStudy\WWW\MCMS\Index\Runtime\Cache\Home\84c646aedc90e6e698b68611ac1ef4a7.php 第 50 行.
NOTIC: [8] Undefined variable: pg C:\phpStudy\WWW\MCMS\Index\Runtime\Cache\Home\84c646aedc90e6e698b68611ac1ef4a7.php 第 51 行.
NOTIC: [8] Undefined variable: pg C:\phpStudy\WWW\MCMS\Index\Runtime\Cache\Home\84c646aedc90e6e698b68611ac1ef4a7.php 第 52 行.
NOTIC: [8] Undefined variable: pg C:\phpStudy\WWW\MCMS\Index\Runtime\Cache\Home\84c646aedc90e6e698b68611ac1ef4a7.php 第 53 行.
NOTIC: [8] Undefined variable: list C:\phpStudy\WWW\MCMS\Index\Runtime\Cache\Home\84c646aedc90e6e698b68611ac1ef4a7.php 第 89 行.
INFO: Run Behavior\ParseTemplateBehavior [ RunTime:0.011131s ]
INFO: [ view_parse ] --END-- [ RunTime:0.011202s ]
INFO: [ view_filter ] --START--
INFO: Run Behavior\WriteHtmlCacheBehavior [ RunTime:0.000405s ]
INFO: [ view_filter ] --END-- [ RunTime:0.000446s ]
INFO: [ app_end ] --START--
INFO: Run Behavior\ShowPageTraceBehavior [ RunTime:0.001790s ]
INFO: [ app_end ] --END-- [ RunTime:0.001881s ]

[ 2016-04-21T12:20:26+08:00 ] ::1 /MCMS/index.php/Home/Task/mytask
INFO: [ app_init ] --START--
INFO: Run Behavior\BuildLiteBehavior [ RunTime:0.000016s ]
INFO: [ app_init ] --END-- [ RunTime:0.000480s ]
INFO: [ app_begin ] --START--
INFO: Run Behavior\ReadHtmlCacheBehavior [ RunTime:0.000591s ]
INFO: [ app_begin ] --END-- [ RunTime:0.000657s ]
SQL: SHOW COLUMNS FROM `task` [ RunTime:0.0069s ]
SQL: SHOW COLUMNS FROM `client` [ RunTime:0.0057s ]
SQL: SELECT * FROM `task` WHERE ( accepter = '1'  ) ORDER BY step asc  [ RunTime:0.0006s ]
INFO: [ view_parse ] --START--
INFO: [ template_filter ] --START--
INFO: Run Behavior\ContentReplaceBehavior [ RunTime:0.000207s ]
INFO: [ template_filter ] --END-- [ RunTime:0.000323s ]
INFO: Run Behavior\ParseTemplateBehavior [ RunTime:0.020481s ]
INFO: [ view_parse ] --END-- [ RunTime:0.020628s ]
INFO: [ view_filter ] --START--
INFO: Run Behavior\WriteHtmlCacheBehavior [ RunTime:0.001307s ]
INFO: [ view_filter ] --END-- [ RunTime:0.001419s ]
INFO: [ app_end ] --START--
INFO: Run Behavior\ShowPageTraceBehavior [ RunTime:0.001690s ]
INFO: [ app_end ] --END-- [ RunTime:0.001811s ]

[ 2016-04-21T12:20:48+08:00 ] ::1 /MCMS/index.php/Home/Task/mytask
INFO: [ app_init ] --START--
INFO: Run Behavior\BuildLiteBehavior [ RunTime:0.000017s ]
INFO: [ app_init ] --END-- [ RunTime:0.000455s ]
INFO: [ app_begin ] --START--
INFO: Run Behavior\ReadHtmlCacheBehavior [ RunTime:0.000750s ]
INFO: [ app_begin ] --END-- [ RunTime:0.000824s ]
SQL: SHOW COLUMNS FROM `task` [ RunTime:0.0069s ]
SQL: SHOW COLUMNS FROM `client` [ RunTime:0.0060s ]
SQL: SELECT * FROM `task` WHERE ( accepter = '1'  ) ORDER BY step asc  [ RunTime:0.0008s ]
ERR: 模板不存在:./Index/Home/View/Task/111mytask.html

[ 2016-04-21T12:20:57+08:00 ] ::1 /MCMS/index.php/Home/Task/mytask
INFO: [ app_init ] --START--
INFO: Run Behavior\BuildLiteBehavior [ RunTime:0.000012s ]
INFO: [ app_init ] --END-- [ RunTime:0.000299s ]
INFO: [ app_begin ] --START--
INFO: Run Behavior\ReadHtmlCacheBehavior [ RunTime:0.000521s ]
INFO: [ app_begin ] --END-- [ RunTime:0.000570s ]
SQL: SHOW COLUMNS FROM `task` [ RunTime:0.0088s ]
SQL: SHOW COLUMNS FROM `client` [ RunTime:0.0088s ]
SQL: SELECT * FROM `task` WHERE ( accepter = '1'  ) ORDER BY step asc  [ RunTime:0.0009s ]
INFO: [ view_parse ] --START--
INFO: [ template_filter ] --START--
INFO: Run Behavior\ContentReplaceBehavior [ RunTime:0.000192s ]
INFO: [ template_filter ] --END-- [ RunTime:0.000306s ]
INFO: Run Behavior\ParseTemplateBehavior [ RunTime:0.023835s ]
INFO: [ view_parse ] --END-- [ RunTime:0.023965s ]
INFO: [ view_filter ] --START--
INFO: Run Behavior\WriteHtmlCacheBehavior [ RunTime:0.000590s ]
INFO: [ view_filter ] --END-- [ RunTime:0.000656s ]
INFO: [ app_end ] --START--
INFO: Run Behavior\ShowPageTraceBehavior [ RunTime:0.001126s ]
INFO: [ app_end ] --END-- [ RunTime:0.001219s ]

[ 2016-04-21T12:25:14+08:00 ] ::1 /MCMS/index.php/Home/Task/mytask
INFO: [ app_init ] --START--
INFO: Run Behavior\BuildLiteBehavior [ RunTime:0.000020s ]
INFO: [ app_init ] --END-- [ RunTime:0.000713s ]
INFO: [ app_begin ] --START--
INFO: Run Behavior\ReadHtmlCacheBehavior [ RunTime:0.000745s ]
INFO: [ app_begin ] --END-- [ RunTime:0.000829s ]
SQL: SHOW COLUMNS FROM `task` [ RunTime:0.0077s ]
SQL: SHOW COLUMNS FROM `client` [ RunTime:0.0055s ]
SQL: SELECT * FROM `task` WHERE ( accepter = '1'  ) ORDER BY step asc  [ RunTime:0.0007s ]
ERR: 模板不存在:./Index/Home/View/Task/mytask1.html

[ 2016-04-21T12:25:27+08:00 ] ::1 /MCMS/index.php/Home/Task/mytask
INFO: [ app_init ] --START--
INFO: Run Behavior\BuildLiteBehavior [ RunTime:0.000015s ]
INFO: [ app_init ] --END-- [ RunTime:0.000340s ]
INFO: [ app_begin ] --START--
INFO: Run Behavior\ReadHtmlCacheBehavior [ RunTime:0.000659s ]
INFO: [ app_begin ] --END-- [ RunTime:0.000775s ]
INFO: [ view_parse ] --START--
INFO: [ template_filter ] --START--
INFO: Run Behavior\ContentReplaceBehavior [ RunTime:0.000091s ]
INFO: [ template_filter ] --END-- [ RunTime:0.000148s ]
NOTIC: [8] Undefined variable: pg C:\phpStudy\WWW\MCMS\Index\Runtime\Cache\Home\84c646aedc90e6e698b68611ac1ef4a7.php 第 47 行.
NOTIC: [8] Undefined variable: pg C:\phpStudy\WWW\MCMS\Index\Runtime\Cache\Home\84c646aedc90e6e698b68611ac1ef4a7.php 第 48 行.
NOTIC: [8] Undefined variable: pg C:\phpStudy\WWW\MCMS\Index\Runtime\Cache\Home\84c646aedc90e6e698b68611ac1ef4a7.php 第 49 行.
NOTIC: [8] Undefined variable: pg C:\phpStudy\WWW\MCMS\Index\Runtime\Cache\Home\84c646aedc90e6e698b68611ac1ef4a7.php 第 50 行.
NOTIC: [8] Undefined variable: pg C:\phpStudy\WWW\MCMS\Index\Runtime\Cache\Home\84c646aedc90e6e698b68611ac1ef4a7.php 第 51 行.
NOTIC: [8] Undefined variable: pg C:\phpStudy\WWW\MCMS\Index\Runtime\Cache\Home\84c646aedc90e6e698b68611ac1ef4a7.php 第 52 行.
NOTIC: [8] Undefined variable: pg C:\phpStudy\WWW\MCMS\Index\Runtime\Cache\Home\84c646aedc90e6e698b68611ac1ef4a7.php 第 53 行.
NOTIC: [8] Undefined variable: list C:\phpStudy\WWW\MCMS\Index\Runtime\Cache\Home\84c646aedc90e6e698b68611ac1ef4a7.php 第 89 行.
INFO: Run Behavior\ParseTemplateBehavior [ RunTime:0.009157s ]
INFO: [ view_parse ] --END-- [ RunTime:0.009214s ]
INFO: [ view_filter ] --START--
INFO: Run Behavior\WriteHtmlCacheBehavior [ RunTime:0.000721s ]
INFO: [ view_filter ] --END-- [ RunTime:0.000777s ]
INFO: [ app_end ] --START--
INFO: Run Behavior\ShowPageTraceBehavior [ RunTime:0.000993s ]
INFO: [ app_end ] --END-- [ RunTime:0.001070s ]

[ 2016-04-21T12:25:29+08:00 ] ::1 /MCMS/index.php/Home/Task/mytask
INFO: [ app_init ] --START--
INFO: Run Behavior\BuildLiteBehavior [ RunTime:0.000015s ]
INFO: [ app_init ] --END-- [ RunTime:0.000361s ]
INFO: [ app_begin ] --START--
INFO: Run Behavior\ReadHtmlCacheBehavior [ RunTime:0.000668s ]
INFO: [ app_begin ] --END-- [ RunTime:0.000743s ]
INFO: [ view_parse ] --START--
INFO: [ template_filter ] --START--
INFO: Run Behavior\ContentReplaceBehavior [ RunTime:0.000098s ]
INFO: [ template_filter ] --END-- [ RunTime:0.000161s ]
NOTIC: [8] Undefined variable: pg C:\phpStudy\WWW\MCMS\Index\Runtime\Cache\Home\84c646aedc90e6e698b68611ac1ef4a7.php 第 47 行.
NOTIC: [8] Undefined variable: pg C:\phpStudy\WWW\MCMS\Index\Runtime\Cache\Home\84c646aedc90e6e698b68611ac1ef4a7.php 第 48 行.
NOTIC: [8] Undefined variable: pg C:\phpStudy\WWW\MCMS\Index\Runtime\Cache\Home\84c646aedc90e6e698b68611ac1ef4a7.php 第 49 行.
NOTIC: [8] Undefined variable: pg C:\phpStudy\WWW\MCMS\Index\Runtime\Cache\Home\84c646aedc90e6e698b68611ac1ef4a7.php 第 50 行.
NOTIC: [8] Undefined variable: pg C:\phpStudy\WWW\MCMS\Index\Runtime\Cache\Home\84c646aedc90e6e698b68611ac1ef4a7.php 第 51 行.
NOTIC: [8] Undefined variable: pg C:\phpStudy\WWW\MCMS\Index\Runtime\Cache\Home\84c646aedc90e6e698b68611ac1ef4a7.php 第 52 行.
NOTIC: [8] Undefined variable: pg C:\phpStudy\WWW\MCMS\Index\Runtime\Cache\Home\84c646aedc90e6e698b68611ac1ef4a7.php 第 53 行.
NOTIC: [8] Undefined variable: list C:\phpStudy\WWW\MCMS\Index\Runtime\Cache\Home\84c646aedc90e6e698b68611ac1ef4a7.php 第 89 行.
INFO: Run Behavior\ParseTemplateBehavior [ RunTime:0.009632s ]
INFO: [ view_parse ] --END-- [ RunTime:0.009690s ]
INFO: [ view_filter ] --START--
INFO: Run Behavior\WriteHtmlCacheBehavior [ RunTime:0.000443s ]
INFO: [ view_filter ] --END-- [ RunTime:0.000490s ]
INFO: [ app_end ] --START--
INFO: Run Behavior\ShowPageTraceBehavior [ RunTime:0.002820s ]
INFO: [ app_end ] --END-- [ RunTime:0.002945s ]

[ 2016-04-21T12:25:30+08:00 ] ::1 /MCMS/index.php/Home/Task/mytask
INFO: [ app_init ] --START--
INFO: Run Behavior\BuildLiteBehavior [ RunTime:0.000013s ]
INFO: [ app_init ] --END-- [ RunTime:0.000321s ]
INFO: [ app_begin ] --START--
INFO: Run Behavior\ReadHtmlCacheBehavior [ RunTime:0.000551s ]
INFO: [ app_begin ] --END-- [ RunTime:0.000602s ]
INFO: [ view_parse ] --START--
INFO: [ template_filter ] --START--
INFO: Run Behavior\ContentReplaceBehavior [ RunTime:0.000101s ]
INFO: [ template_filter ] --END-- [ RunTime:0.000171s ]
NOTIC: [8] Undefined variable: pg C:\phpStudy\WWW\MCMS\Index\Runtime\Cache\Home\84c646aedc90e6e698b68611ac1ef4a7.php 第 47 行.
NOTIC: [8] Undefined variable: pg C:\phpStudy\WWW\MCMS\Index\Runtime\Cache\Home\84c646aedc90e6e698b68611ac1ef4a7.php 第 48 行.
NOTIC: [8] Undefined variable: pg C:\phpStudy\WWW\MCMS\Index\Runtime\Cache\Home\84c646aedc90e6e698b68611ac1ef4a7.php 第 49 行.
NOTIC: [8] Undefined variable: pg C:\phpStudy\WWW\MCMS\Index\Runtime\Cache\Home\84c646aedc90e6e698b68611ac1ef4a7.php 第 50 行.
NOTIC: [8] Undefined variable: pg C:\phpStudy\WWW\MCMS\Index\Runtime\Cache\Home\84c646aedc90e6e698b68611ac1ef4a7.php 第 51 行.
NOTIC: [8] Undefined variable: pg C:\phpStudy\WWW\MCMS\Index\Runtime\Cache\Home\84c646aedc90e6e698b68611ac1ef4a7.php 第 52 行.
NOTIC: [8] Undefined variable: pg C:\phpStudy\WWW\MCMS\Index\Runtime\Cache\Home\84c646aedc90e6e698b68611ac1ef4a7.php 第 53 行.
NOTIC: [8] Undefined variable: list C:\phpStudy\WWW\MCMS\Index\Runtime\Cache\Home\84c646aedc90e6e698b68611ac1ef4a7.php 第 89 行.
INFO: Run Behavior\ParseTemplateBehavior [ RunTime:0.009398s ]
INFO: [ view_parse ] --END-- [ RunTime:0.009454s ]
INFO: [ view_filter ] --START--
INFO: Run Behavior\WriteHtmlCacheBehavior [ RunTime:0.000432s ]
INFO: [ view_filter ] --END-- [ RunTime:0.000504s ]
INFO: [ app_end ] --START--
INFO: Run Behavior\ShowPageTraceBehavior [ RunTime:0.001967s ]
INFO: [ app_end ] --END-- [ RunTime:0.002049s ]

[ 2016-04-21T12:25:31+08:00 ] ::1 /MCMS/index.php/Home/Task/mytask
INFO: [ app_init ] --START--
INFO: Run Behavior\BuildLiteBehavior [ RunTime:0.000013s ]
INFO: [ app_init ] --END-- [ RunTime:0.000324s ]
INFO: [ app_begin ] --START--
INFO: Run Behavior\ReadHtmlCacheBehavior [ RunTime:0.000612s ]
INFO: [ app_begin ] --END-- [ RunTime:0.000668s ]
INFO: [ view_parse ] --START--
INFO: [ template_filter ] --START--
INFO: Run Behavior\ContentReplaceBehavior [ RunTime:0.000109s ]
INFO: [ template_filter ] --END-- [ RunTime:0.000196s ]
NOTIC: [8] Undefined variable: pg C:\phpStudy\WWW\MCMS\Index\Runtime\Cache\Home\84c646aedc90e6e698b68611ac1ef4a7.php 第 47 行.
NOTIC: [8] Undefined variable: pg C:\phpStudy\WWW\MCMS\Index\Runtime\Cache\Home\84c646aedc90e6e698b68611ac1ef4a7.php 第 48 行.
NOTIC: [8] Undefined variable: pg C:\phpStudy\WWW\MCMS\Index\Runtime\Cache\Home\84c646aedc90e6e698b68611ac1ef4a7.php 第 49 行.
NOTIC: [8] Undefined variable: pg C:\phpStudy\WWW\MCMS\Index\Runtime\Cache\Home\84c646aedc90e6e698b68611ac1ef4a7.php 第 50 行.
NOTIC: [8] Undefined variable: pg C:\phpStudy\WWW\MCMS\Index\Runtime\Cache\Home\84c646aedc90e6e698b68611ac1ef4a7.php 第 51 行.
NOTIC: [8] Undefined variable: pg C:\phpStudy\WWW\MCMS\Index\Runtime\Cache\Home\84c646aedc90e6e698b68611ac1ef4a7.php 第 52 行.
NOTIC: [8] Undefined variable: pg C:\phpStudy\WWW\MCMS\Index\Runtime\Cache\Home\84c646aedc90e6e698b68611ac1ef4a7.php 第 53 行.
NOTIC: [8] Undefined variable: list C:\phpStudy\WWW\MCMS\Index\Runtime\Cache\Home\84c646aedc90e6e698b68611ac1ef4a7.php 第 89 行.
INFO: Run Behavior\ParseTemplateBehavior [ RunTime:0.010418s ]
INFO: [ view_parse ] --END-- [ RunTime:0.010491s ]
INFO: [ view_filter ] --START--
INFO: Run Behavior\WriteHtmlCacheBehavior [ RunTime:0.000474s ]
INFO: [ view_filter ] --END-- [ RunTime:0.000522s ]
INFO: [ app_end ] --START--
INFO: Run Behavior\ShowPageTraceBehavior [ RunTime:0.000865s ]
INFO: [ app_end ] --END-- [ RunTime:0.000927s ]

[ 2016-04-21T12:25:31+08:00 ] ::1 /MCMS/index.php/Home/Task/mytask
INFO: [ app_init ] --START--
INFO: Run Behavior\BuildLiteBehavior [ RunTime:0.000012s ]
INFO: [ app_init ] --END-- [ RunTime:0.000316s ]
INFO: [ app_begin ] --START--
INFO: Run Behavior\ReadHtmlCacheBehavior [ RunTime:0.000523s ]
INFO: [ app_begin ] --END-- [ RunTime:0.000572s ]
INFO: [ view_parse ] --START--
INFO: [ template_filter ] --START--
INFO: Run Behavior\ContentReplaceBehavior [ RunTime:0.000100s ]
INFO: [ template_filter ] --END-- [ RunTime:0.000170s ]
NOTIC: [8] Undefined variable: pg C:\phpStudy\WWW\MCMS\Index\Runtime\Cache\Home\84c646aedc90e6e698b68611ac1ef4a7.php 第 47 行.
NOTIC: [8] Undefined variable: pg C:\phpStudy\WWW\MCMS\Index\Runtime\Cache\Home\84c646aedc90e6e698b68611ac1ef4a7.php 第 48 行.
NOTIC: [8] Undefined variable: pg C:\phpStudy\WWW\MCMS\Index\Runtime\Cache\Home\84c646aedc90e6e698b68611ac1ef4a7.php 第 49 行.
NOTIC: [8] Undefined variable: pg C:\phpStudy\WWW\MCMS\Index\Runtime\Cache\Home\84c646aedc90e6e698b68611ac1ef4a7.php 第 50 行.
NOTIC: [8] Undefined variable: pg C:\phpStudy\WWW\MCMS\Index\Runtime\Cache\Home\84c646aedc90e6e698b68611ac1ef4a7.php 第 51 行.
NOTIC: [8] Undefined variable: pg C:\phpStudy\WWW\MCMS\Index\Runtime\Cache\Home\84c646aedc90e6e698b68611ac1ef4a7.php 第 52 行.
NOTIC: [8] Undefined variable: pg C:\phpStudy\WWW\MCMS\Index\Runtime\Cache\Home\84c646aedc90e6e698b68611ac1ef4a7.php 第 53 行.
NOTIC: [8] Undefined variable: list C:\phpStudy\WWW\MCMS\Index\Runtime\Cache\Home\84c646aedc90e6e698b68611ac1ef4a7.php 第 89 行.
INFO: Run Behavior\ParseTemplateBehavior [ RunTime:0.010500s ]
INFO: [ view_parse ] --END-- [ RunTime:0.010560s ]
INFO: [ view_filter ] --START--
INFO: Run Behavior\WriteHtmlCacheBehavior [ RunTime:0.000469s ]
INFO: [ view_filter ] --END-- [ RunTime:0.000511s ]
INFO: [ app_end ] --START--
INFO: Run Behavior\ShowPageTraceBehavior [ RunTime:0.001829s ]
INFO: [ app_end ] --END-- [ RunTime:0.001899s ]

[ 2016-04-21T12:25:32+08:00 ] ::1 /MCMS/index.php/Home/Task/mytask
INFO: [ app_init ] --START--
INFO: Run Behavior\BuildLiteBehavior [ RunTime:0.000016s ]
INFO: [ app_init ] --END-- [ RunTime:0.000352s ]
INFO: [ app_begin ] --START--
INFO: Run Behavior\ReadHtmlCacheBehavior [ RunTime:0.000541s ]
INFO: [ app_begin ] --END-- [ RunTime:0.000589s ]
INFO: [ view_parse ] --START--
INFO: [ template_filter ] --START--
INFO: Run Behavior\ContentReplaceBehavior [ RunTime:0.000091s ]
INFO: [ template_filter ] --END-- [ RunTime:0.000149s ]
NOTIC: [8] Undefined variable: pg C:\phpStudy\WWW\MCMS\Index\Runtime\Cache\Home\84c646aedc90e6e698b68611ac1ef4a7.php 第 47 行.
NOTIC: [8] Undefined variable: pg C:\phpStudy\WWW\MCMS\Index\Runtime\Cache\Home\84c646aedc90e6e698b68611ac1ef4a7.php 第 48 行.
NOTIC: [8] Undefined variable: pg C:\phpStudy\WWW\MCMS\Index\Runtime\Cache\Home\84c646aedc90e6e698b68611ac1ef4a7.php 第 49 行.
NOTIC: [8] Undefined variable: pg C:\phpStudy\WWW\MCMS\Index\Runtime\Cache\Home\84c646aedc90e6e698b68611ac1ef4a7.php 第 50 行.
NOTIC: [8] Undefined variable: pg C:\phpStudy\WWW\MCMS\Index\Runtime\Cache\Home\84c646aedc90e6e698b68611ac1ef4a7.php 第 51 行.
NOTIC: [8] Undefined variable: pg C:\phpStudy\WWW\MCMS\Index\Runtime\Cache\Home\84c646aedc90e6e698b68611ac1ef4a7.php 第 52 行.
NOTIC: [8] Undefined variable: pg C:\phpStudy\WWW\MCMS\Index\Runtime\Cache\Home\84c646aedc90e6e698b68611ac1ef4a7.php 第 53 行.
NOTIC: [8] Undefined variable: list C:\phpStudy\WWW\MCMS\Index\Runtime\Cache\Home\84c646aedc90e6e698b68611ac1ef4a7.php 第 89 行.
INFO: Run Behavior\ParseTemplateBehavior [ RunTime:0.010192s ]
INFO: [ view_parse ] --END-- [ RunTime:0.010264s ]
INFO: [ view_filter ] --START--
INFO: Run Behavior\WriteHtmlCacheBehavior [ RunTime:0.000483s ]
INFO: [ view_filter ] --END-- [ RunTime:0.000533s ]
INFO: [ app_end ] --START--
INFO: Run Behavior\ShowPageTraceBehavior [ RunTime:0.001017s ]
INFO: [ app_end ] --END-- [ RunTime:0.001100s ]

[ 2016-04-21T12:25:32+08:00 ] ::1 /MCMS/index.php/Home/Task/mytask
INFO: [ app_init ] --START--
INFO: Run Behavior\BuildLiteBehavior [ RunTime:0.000013s ]
INFO: [ app_init ] --END-- [ RunTime:0.000306s ]
INFO: [ app_begin ] --START--
INFO: Run Behavior\ReadHtmlCacheBehavior [ RunTime:0.000572s ]
INFO: [ app_begin ] --END-- [ RunTime:0.000622s ]
INFO: [ view_parse ] --START--
INFO: [ template_filter ] --START--
INFO: Run Behavior\ContentReplaceBehavior [ RunTime:0.000094s ]
INFO: [ template_filter ] --END-- [ RunTime:0.000160s ]
NOTIC: [8] Undefined variable: pg C:\phpStudy\WWW\MCMS\Index\Runtime\Cache\Home\84c646aedc90e6e698b68611ac1ef4a7.php 第 47 行.
NOTIC: [8] Undefined variable: pg C:\phpStudy\WWW\MCMS\Index\Runtime\Cache\Home\84c646aedc90e6e698b68611ac1ef4a7.php 第 48 行.
NOTIC: [8] Undefined variable: pg C:\phpStudy\WWW\MCMS\Index\Runtime\Cache\Home\84c646aedc90e6e698b68611ac1ef4a7.php 第 49 行.
NOTIC: [8] Undefined variable: pg C:\phpStudy\WWW\MCMS\Index\Runtime\Cache\Home\84c646aedc90e6e698b68611ac1ef4a7.php 第 50 行.
NOTIC: [8] Undefined variable: pg C:\phpStudy\WWW\MCMS\Index\Runtime\Cache\Home\84c646aedc90e6e698b68611ac1ef4a7.php 第 51 行.
NOTIC: [8] Undefined variable: pg C:\phpStudy\WWW\MCMS\Index\Runtime\Cache\Home\84c646aedc90e6e698b68611ac1ef4a7.php 第 52 行.
NOTIC: [8] Undefined variable: pg C:\phpStudy\WWW\MCMS\Index\Runtime\Cache\Home\84c646aedc90e6e698b68611ac1ef4a7.php 第 53 行.
NOTIC: [8] Undefined variable: list C:\phpStudy\WWW\MCMS\Index\Runtime\Cache\Home\84c646aedc90e6e698b68611ac1ef4a7.php 第 89 行.
INFO: Run Behavior\ParseTemplateBehavior [ RunTime:0.008980s ]
INFO: [ view_parse ] --END-- [ RunTime:0.009028s ]
INFO: [ view_filter ] --START--
INFO: Run Behavior\WriteHtmlCacheBehavior [ RunTime:0.000390s ]
INFO: [ view_filter ] --END-- [ RunTime:0.000431s ]
INFO: [ app_end ] --START--
INFO: Run Behavior\ShowPageTraceBehavior [ RunTime:0.000727s ]
INFO: [ app_end ] --END-- [ RunTime:0.000784s ]

[ 2016-04-21T12:25:40+08:00 ] ::1 /MCMS/index.php/Home/Task/mytask
INFO: [ app_init ] --START--
INFO: Run Behavior\BuildLiteBehavior [ RunTime:0.000019s ]
INFO: [ app_init ] --END-- [ RunTime:0.000541s ]
INFO: [ app_begin ] --START--
INFO: Run Behavior\ReadHtmlCacheBehavior [ RunTime:0.000881s ]
INFO: [ app_begin ] --END-- [ RunTime:0.000963s ]
SQL: SHOW COLUMNS FROM `task` [ RunTime:0.0045s ]
SQL: SHOW COLUMNS FROM `client` [ RunTime:0.0035s ]
SQL: SELECT * FROM `task` WHERE ( accepter = '1'  ) ORDER BY step asc  [ RunTime:0.0004s ]
INFO: [ view_parse ] --START--
INFO: [ template_filter ] --START--
INFO: Run Behavior\ContentReplaceBehavior [ RunTime:0.000446s ]
INFO: [ template_filter ] --END-- [ RunTime:0.000534s ]
INFO: Run Behavior\ParseTemplateBehavior [ RunTime:0.011857s ]
INFO: [ view_parse ] --END-- [ RunTime:0.011949s ]
INFO: [ view_filter ] --START--
INFO: Run Behavior\WriteHtmlCacheBehavior [ RunTime:0.000580s ]
INFO: [ view_filter ] --END-- [ RunTime:0.000639s ]
INFO: [ app_end ] --START--
INFO: Run Behavior\ShowPageTraceBehavior [ RunTime:0.001076s ]
INFO: [ app_end ] --END-- [ RunTime:0.001174s ]

