[ 2016-04-05T11:08:33+08:00 ] ::1 /index.php
INFO: [ app_init ] --START--
INFO: Run Behavior\BuildLiteBehavior [ RunTime:0.000015s ]
INFO: [ app_init ] --END-- [ RunTime:0.001006s ]
INFO: [ app_begin ] --START--
INFO: Run Behavior\ReadHtmlCacheBehavior [ RunTime:0.000561s ]
INFO: [ app_begin ] --END-- [ RunTime:0.000606s ]

[ 2016-04-05T11:08:33+08:00 ] ::1 /index.php/Home/Login/index
INFO: [ app_init ] --START--
INFO: Run Behavior\BuildLiteBehavior [ RunTime:0.000012s ]
INFO: [ app_init ] --END-- [ RunTime:0.000300s ]
INFO: [ app_begin ] --START--
INFO: Run Behavior\ReadHtmlCacheBehavior [ RunTime:0.000381s ]
INFO: [ app_begin ] --END-- [ RunTime:0.000430s ]
NOTIC: [2] Missing argument 1 for Think\Controller::show(), called in C:\Users\Administrator\Desktop\MCMS\Index\Home\Controller\LoginController.class.php on line 6 and defined C:\Users\Administrator\Desktop\MCMS\ThinkPHP\Library\Think\Controller.class.php 第 68 行.
NOTIC: [8] Undefined variable: content C:\Users\Administrator\Desktop\MCMS\ThinkPHP\Library\Think\Controller.class.php 第 69 行.
INFO: [ view_parse ] --START--
INFO: [ template_filter ] --START--
INFO: Run Behavior\ContentReplaceBehavior [ RunTime:0.000046s ]
INFO: [ template_filter ] --END-- [ RunTime:0.000102s ]
NOTIC: [8] Undefined variable: login C:\Users\Administrator\Desktop\MCMS\Index\Runtime\Cache\Home\8568c9968b5b48cb7715112de401a702.php 第 14 行.
INFO: Run Behavior\ParseTemplateBehavior [ RunTime:0.014845s ]
INFO: [ view_parse ] --END-- [ RunTime:0.014890s ]
INFO: [ view_filter ] --START--
INFO: Run Behavior\WriteHtmlCacheBehavior [ RunTime:0.001501s ]
INFO: [ view_filter ] --END-- [ RunTime:0.001540s ]
INFO: [ app_end ] --START--
INFO: Run Behavior\ShowPageTraceBehavior [ RunTime:0.000735s ]
INFO: [ app_end ] --END-- [ RunTime:0.000776s ]

[ 2016-04-05T11:08:35+08:00 ] ::1 /index.php/Home/Login/login
INFO: [ app_init ] --START--
INFO: Run Behavior\BuildLiteBehavior [ RunTime:0.000014s ]
INFO: [ app_init ] --END-- [ RunTime:0.000325s ]
INFO: [ app_begin ] --START--
INFO: Run Behavior\ReadHtmlCacheBehavior [ RunTime:0.000360s ]
INFO: [ app_begin ] --END-- [ RunTime:0.000406s ]
SQL: SHOW COLUMNS FROM `user` [ RunTime:0.0068s ]
SQL: SELECT * FROM `user` WHERE ( username='user' and password='ee11cbb19052e40b07aac0ca060c23ee' ) LIMIT 1   [ RunTime:0.0008s ]
INFO: [ view_parse ] --START--
INFO: [ template_filter ] --START--
INFO: Run Behavior\ContentReplaceBehavior [ RunTime:0.000046s ]
INFO: [ template_filter ] --END-- [ RunTime:0.000109s ]
INFO: Run Behavior\ParseTemplateBehavior [ RunTime:0.006048s ]
INFO: [ view_parse ] --END-- [ RunTime:0.006127s ]
INFO: [ view_filter ] --START--
INFO: Run Behavior\WriteHtmlCacheBehavior [ RunTime:0.000524s ]
INFO: [ view_filter ] --END-- [ RunTime:0.000580s ]

[ 2016-04-05T11:08:38+08:00 ] ::1 /index.php/Home/Login/index
INFO: [ app_init ] --START--
INFO: Run Behavior\BuildLiteBehavior [ RunTime:0.000020s ]
INFO: [ app_init ] --END-- [ RunTime:0.000490s ]
INFO: [ app_begin ] --START--
INFO: Run Behavior\ReadHtmlCacheBehavior [ RunTime:0.000634s ]
INFO: [ app_begin ] --END-- [ RunTime:0.000711s ]
NOTIC: [2] Missing argument 1 for Think\Controller::show(), called in C:\Users\Administrator\Desktop\MCMS\Index\Home\Controller\LoginController.class.php on line 6 and defined C:\Users\Administrator\Desktop\MCMS\ThinkPHP\Library\Think\Controller.class.php 第 68 行.
NOTIC: [8] Undefined variable: content C:\Users\Administrator\Desktop\MCMS\ThinkPHP\Library\Think\Controller.class.php 第 69 行.
INFO: [ view_parse ] --START--
INFO: [ template_filter ] --START--
INFO: Run Behavior\ContentReplaceBehavior [ RunTime:0.000072s ]
INFO: [ template_filter ] --END-- [ RunTime:0.000151s ]
NOTIC: [8] Undefined variable: login C:\Users\Administrator\Desktop\MCMS\Index\Runtime\Cache\Home\8568c9968b5b48cb7715112de401a702.php 第 14 行.
INFO: Run Behavior\ParseTemplateBehavior [ RunTime:0.008200s ]
INFO: [ view_parse ] --END-- [ RunTime:0.008269s ]
INFO: [ view_filter ] --START--
INFO: Run Behavior\WriteHtmlCacheBehavior [ RunTime:0.000380s ]
INFO: [ view_filter ] --END-- [ RunTime:0.000438s ]
INFO: [ app_end ] --START--
INFO: Run Behavior\ShowPageTraceBehavior [ RunTime:0.000599s ]
INFO: [ app_end ] --END-- [ RunTime:0.000660s ]

[ 2016-04-05T11:08:42+08:00 ] ::1 /index.php/Home/Login/login
INFO: [ app_init ] --START--
INFO: Run Behavior\BuildLiteBehavior [ RunTime:0.000012s ]
INFO: [ app_init ] --END-- [ RunTime:0.000286s ]
INFO: [ app_begin ] --START--
INFO: Run Behavior\ReadHtmlCacheBehavior [ RunTime:0.000342s ]
INFO: [ app_begin ] --END-- [ RunTime:0.000384s ]
SQL: SHOW COLUMNS FROM `user` [ RunTime:0.0085s ]
SQL: SELECT * FROM `user` WHERE ( username='user' and password='ee11cbb19052e40b07aac0ca060c23ee' ) LIMIT 1   [ RunTime:0.0015s ]
INFO: [ view_parse ] --START--
INFO: [ template_filter ] --START--
INFO: Run Behavior\ContentReplaceBehavior [ RunTime:0.000065s ]
INFO: [ template_filter ] --END-- [ RunTime:0.000165s ]
INFO: Run Behavior\ParseTemplateBehavior [ RunTime:0.012546s ]
INFO: [ view_parse ] --END-- [ RunTime:0.012680s ]
INFO: [ view_filter ] --START--
INFO: Run Behavior\WriteHtmlCacheBehavior [ RunTime:0.000494s ]
INFO: [ view_filter ] --END-- [ RunTime:0.000570s ]

[ 2016-04-05T11:08:45+08:00 ] ::1 /index.php/Home/Login/index
INFO: [ app_init ] --START--
INFO: Run Behavior\BuildLiteBehavior [ RunTime:0.000013s ]
INFO: [ app_init ] --END-- [ RunTime:0.000304s ]
INFO: [ app_begin ] --START--
INFO: Run Behavior\ReadHtmlCacheBehavior [ RunTime:0.000357s ]
INFO: [ app_begin ] --END-- [ RunTime:0.000399s ]
NOTIC: [2] Missing argument 1 for Think\Controller::show(), called in C:\Users\Administrator\Desktop\MCMS\Index\Home\Controller\LoginController.class.php on line 6 and defined C:\Users\Administrator\Desktop\MCMS\ThinkPHP\Library\Think\Controller.class.php 第 68 行.
NOTIC: [8] Undefined variable: content C:\Users\Administrator\Desktop\MCMS\ThinkPHP\Library\Think\Controller.class.php 第 69 行.
INFO: [ view_parse ] --START--
INFO: [ template_filter ] --START--
INFO: Run Behavior\ContentReplaceBehavior [ RunTime:0.000044s ]
INFO: [ template_filter ] --END-- [ RunTime:0.000092s ]
NOTIC: [8] Undefined variable: login C:\Users\Administrator\Desktop\MCMS\Index\Runtime\Cache\Home\8568c9968b5b48cb7715112de401a702.php 第 14 行.
INFO: Run Behavior\ParseTemplateBehavior [ RunTime:0.004770s ]
INFO: [ view_parse ] --END-- [ RunTime:0.004817s ]
INFO: [ view_filter ] --START--
INFO: Run Behavior\WriteHtmlCacheBehavior [ RunTime:0.000245s ]
INFO: [ view_filter ] --END-- [ RunTime:0.000281s ]
INFO: [ app_end ] --START--
INFO: Run Behavior\ShowPageTraceBehavior [ RunTime:0.000382s ]
INFO: [ app_end ] --END-- [ RunTime:0.000431s ]

[ 2016-04-05T11:08:51+08:00 ] ::1 /index.php/Home/Login/login
INFO: [ app_init ] --START--
INFO: Run Behavior\BuildLiteBehavior [ RunTime:0.000013s ]
INFO: [ app_init ] --END-- [ RunTime:0.000286s ]
INFO: [ app_begin ] --START--
INFO: Run Behavior\ReadHtmlCacheBehavior [ RunTime:0.000347s ]
INFO: [ app_begin ] --END-- [ RunTime:0.000389s ]
SQL: SHOW COLUMNS FROM `user` [ RunTime:0.0089s ]
SQL: SELECT * FROM `user` WHERE ( username='admin' and password='21232f297a57a5a743894a0e4a801fc3' ) LIMIT 1   [ RunTime:0.0009s ]

[ 2016-04-05T11:08:52+08:00 ] ::1 /index.php/Home/Index/index
INFO: [ app_init ] --START--
INFO: Run Behavior\BuildLiteBehavior [ RunTime:0.000014s ]
INFO: [ app_init ] --END-- [ RunTime:0.000314s ]
INFO: [ app_begin ] --START--
INFO: Run Behavior\ReadHtmlCacheBehavior [ RunTime:0.000380s ]
INFO: [ app_begin ] --END-- [ RunTime:0.000427s ]
SQL: SHOW COLUMNS FROM `task` [ RunTime:0.0123s ]
SQL: SHOW COLUMNS FROM `client` [ RunTime:0.0134s ]
SQL: SELECT * FROM `task` WHERE ( accepter = '1' )  [ RunTime:0.0010s ]
SQL: SELECT * FROM `client` WHERE ( id = '2' )  [ RunTime:0.0009s ]
SQL: SELECT * FROM `client` WHERE ( id = '1' )  [ RunTime:0.0007s ]
INFO: [ view_parse ] --START--
INFO: [ template_filter ] --START--
INFO: Run Behavior\ContentReplaceBehavior [ RunTime:0.000092s ]
INFO: [ template_filter ] --END-- [ RunTime:0.000187s ]
NOTIC: [8] Undefined variable: listtask C:\Users\Administrator\Desktop\MCMS\Index\Runtime\Cache\Home\f8cf203eb98c60ed9cec339b90173a5c.php 第 118 行.
INFO: Run Behavior\ParseTemplateBehavior [ RunTime:0.024865s ]
INFO: [ view_parse ] --END-- [ RunTime:0.025006s ]
INFO: [ view_filter ] --START--
INFO: Run Behavior\WriteHtmlCacheBehavior [ RunTime:0.000496s ]
INFO: [ view_filter ] --END-- [ RunTime:0.000575s ]
INFO: [ app_end ] --START--
INFO: Run Behavior\ShowPageTraceBehavior [ RunTime:0.000770s ]
INFO: [ app_end ] --END-- [ RunTime:0.000843s ]

[ 2016-04-05T11:08:58+08:00 ] ::1 /index.php/Home/Task/mytask
INFO: [ app_init ] --START--
INFO: Run Behavior\BuildLiteBehavior [ RunTime:0.000012s ]
INFO: [ app_init ] --END-- [ RunTime:0.000288s ]
INFO: [ app_begin ] --START--
INFO: Run Behavior\ReadHtmlCacheBehavior [ RunTime:0.000356s ]
INFO: [ app_begin ] --END-- [ RunTime:0.000399s ]
SQL: SHOW COLUMNS FROM `task` [ RunTime:0.0087s ]
SQL: SHOW COLUMNS FROM `client` [ RunTime:0.0092s ]
SQL: SELECT * FROM `task`  [ RunTime:0.0008s ]
SQL: SELECT * FROM `client` WHERE ( id = '2' )  [ RunTime:0.0008s ]
SQL: SELECT * FROM `client` WHERE ( id = '1' )  [ RunTime:0.0007s ]
SQL: SELECT * FROM `client` WHERE ( id = '7' )  [ RunTime:0.0007s ]
SQL: SELECT * FROM `client` WHERE ( id = '2' )  [ RunTime:0.0006s ]
INFO: [ view_parse ] --START--
INFO: [ template_filter ] --START--
INFO: Run Behavior\ContentReplaceBehavior [ RunTime:0.000179s ]
INFO: [ template_filter ] --END-- [ RunTime:0.000299s ]
INFO: Run Behavior\ParseTemplateBehavior [ RunTime:0.018681s ]
INFO: [ view_parse ] --END-- [ RunTime:0.018842s ]
INFO: [ view_filter ] --START--
INFO: Run Behavior\WriteHtmlCacheBehavior [ RunTime:0.000573s ]
INFO: [ view_filter ] --END-- [ RunTime:0.000661s ]
INFO: [ app_end ] --START--
INFO: Run Behavior\ShowPageTraceBehavior [ RunTime:0.001332s ]
INFO: [ app_end ] --END-- [ RunTime:0.001437s ]

[ 2016-04-05T11:09:15+08:00 ] ::1 /index.php/Home/Task/index
INFO: [ app_init ] --START--
INFO: Run Behavior\BuildLiteBehavior [ RunTime:0.000013s ]
INFO: [ app_init ] --END-- [ RunTime:0.000364s ]
INFO: [ app_begin ] --START--
INFO: Run Behavior\ReadHtmlCacheBehavior [ RunTime:0.000372s ]
INFO: [ app_begin ] --END-- [ RunTime:0.000417s ]
SQL: SHOW COLUMNS FROM `task` [ RunTime:0.0044s ]
SQL: SHOW COLUMNS FROM `client` [ RunTime:0.0048s ]
SQL: SELECT * FROM `task`  [ RunTime:0.0005s ]
SQL: SELECT * FROM `client` WHERE ( id = '2' )  [ RunTime:0.0004s ]
SQL: SELECT * FROM `client` WHERE ( id = '1' )  [ RunTime:0.0004s ]
SQL: SELECT * FROM `client` WHERE ( id = '7' )  [ RunTime:0.0004s ]
SQL: SELECT * FROM `client` WHERE ( id = '2' )  [ RunTime:0.0004s ]
INFO: [ view_parse ] --START--
INFO: [ template_filter ] --START--
INFO: Run Behavior\ContentReplaceBehavior [ RunTime:0.000124s ]
INFO: [ template_filter ] --END-- [ RunTime:0.000221s ]
INFO: Run Behavior\ParseTemplateBehavior [ RunTime:0.013242s ]
INFO: [ view_parse ] --END-- [ RunTime:0.013362s ]
INFO: [ view_filter ] --START--
INFO: Run Behavior\WriteHtmlCacheBehavior [ RunTime:0.000458s ]
INFO: [ view_filter ] --END-- [ RunTime:0.000527s ]
INFO: [ app_end ] --START--
INFO: Run Behavior\ShowPageTraceBehavior [ RunTime:0.001131s ]
INFO: [ app_end ] --END-- [ RunTime:0.001219s ]

[ 2016-04-05T13:57:30+08:00 ] 192.168.0.173 /
INFO: [ app_init ] --START--
INFO: Run Behavior\BuildLiteBehavior [ RunTime:0.000014s ]
INFO: [ app_init ] --END-- [ RunTime:0.000361s ]
INFO: [ app_begin ] --START--
INFO: Run Behavior\ReadHtmlCacheBehavior [ RunTime:0.000403s ]
INFO: [ app_begin ] --END-- [ RunTime:0.000450s ]

[ 2016-04-05T13:57:30+08:00 ] 192.168.0.173 /index.php/Home/Login/index
INFO: [ app_init ] --START--
INFO: Run Behavior\BuildLiteBehavior [ RunTime:0.000015s ]
INFO: [ app_init ] --END-- [ RunTime:0.000351s ]
INFO: [ app_begin ] --START--
INFO: Run Behavior\ReadHtmlCacheBehavior [ RunTime:0.000417s ]
INFO: [ app_begin ] --END-- [ RunTime:0.000471s ]
NOTIC: [2] Missing argument 1 for Think\Controller::show(), called in C:\Users\Administrator\Desktop\MCMS\Index\Home\Controller\LoginController.class.php on line 6 and defined C:\Users\Administrator\Desktop\MCMS\ThinkPHP\Library\Think\Controller.class.php 第 68 行.
NOTIC: [8] Undefined variable: content C:\Users\Administrator\Desktop\MCMS\ThinkPHP\Library\Think\Controller.class.php 第 69 行.
INFO: [ view_parse ] --START--
INFO: [ template_filter ] --START--
INFO: Run Behavior\ContentReplaceBehavior [ RunTime:0.000052s ]
INFO: [ template_filter ] --END-- [ RunTime:0.000117s ]
NOTIC: [8] Undefined variable: login C:\Users\Administrator\Desktop\MCMS\Index\Runtime\Cache\Home\8568c9968b5b48cb7715112de401a702.php 第 14 行.
INFO: Run Behavior\ParseTemplateBehavior [ RunTime:0.013065s ]
INFO: [ view_parse ] --END-- [ RunTime:0.013124s ]
INFO: [ view_filter ] --START--
INFO: Run Behavior\WriteHtmlCacheBehavior [ RunTime:0.000372s ]
INFO: [ view_filter ] --END-- [ RunTime:0.000424s ]
INFO: [ app_end ] --START--
INFO: Run Behavior\ShowPageTraceBehavior [ RunTime:0.000497s ]
INFO: [ app_end ] --END-- [ RunTime:0.000540s ]

[ 2016-04-05T13:57:41+08:00 ] 192.168.0.173 /index.php/Home/Login/login
INFO: [ app_init ] --START--
INFO: Run Behavior\BuildLiteBehavior [ RunTime:0.000032s ]
INFO: [ app_init ] --END-- [ RunTime:0.000772s ]
INFO: [ app_begin ] --START--
INFO: Run Behavior\ReadHtmlCacheBehavior [ RunTime:0.000926s ]
INFO: [ app_begin ] --END-- [ RunTime:0.001042s ]
SQL: SHOW COLUMNS FROM `user` [ RunTime:0.0097s ]
SQL: SELECT * FROM `user` WHERE ( username='admin' and password='21232f297a57a5a743894a0e4a801fc3' ) LIMIT 1   [ RunTime:0.0006s ]

[ 2016-04-05T13:57:42+08:00 ] 192.168.0.173 /index.php/Home/Index/index
INFO: [ app_init ] --START--
INFO: Run Behavior\BuildLiteBehavior [ RunTime:0.000013s ]
INFO: [ app_init ] --END-- [ RunTime:0.000305s ]
INFO: [ app_begin ] --START--
INFO: Run Behavior\ReadHtmlCacheBehavior [ RunTime:0.000362s ]
INFO: [ app_begin ] --END-- [ RunTime:0.000406s ]
SQL: SHOW COLUMNS FROM `task` [ RunTime:0.0042s ]
SQL: SHOW COLUMNS FROM `client` [ RunTime:0.0040s ]
SQL: SELECT * FROM `task` WHERE ( accepter = '1' )  [ RunTime:0.0004s ]
SQL: SELECT * FROM `client` WHERE ( id = '2' )  [ RunTime:0.0003s ]
SQL: SELECT * FROM `client` WHERE ( id = '1' )  [ RunTime:0.0002s ]
INFO: [ view_parse ] --START--
INFO: [ template_filter ] --START--
INFO: Run Behavior\ContentReplaceBehavior [ RunTime:0.000058s ]
INFO: [ template_filter ] --END-- [ RunTime:0.000117s ]
NOTIC: [8] Undefined variable: listtask C:\Users\Administrator\Desktop\MCMS\Index\Runtime\Cache\Home\f8cf203eb98c60ed9cec339b90173a5c.php 第 118 行.
INFO: Run Behavior\ParseTemplateBehavior [ RunTime:0.008751s ]
INFO: [ view_parse ] --END-- [ RunTime:0.008808s ]
INFO: [ view_filter ] --START--
INFO: Run Behavior\WriteHtmlCacheBehavior [ RunTime:0.000375s ]
INFO: [ view_filter ] --END-- [ RunTime:0.000421s ]
INFO: [ app_end ] --START--
INFO: Run Behavior\ShowPageTraceBehavior [ RunTime:0.000503s ]
INFO: [ app_end ] --END-- [ RunTime:0.000552s ]

[ 2016-04-05T13:57:43+08:00 ] 192.168.0.173 /index.php/Home/Index/
INFO: [ app_init ] --START--
INFO: Run Behavior\BuildLiteBehavior [ RunTime:0.000014s ]
INFO: [ app_init ] --END-- [ RunTime:0.000349s ]
INFO: [ app_begin ] --START--
INFO: Run Behavior\ReadHtmlCacheBehavior [ RunTime:0.000382s ]
INFO: [ app_begin ] --END-- [ RunTime:0.000427s ]
SQL: SHOW COLUMNS FROM `task` [ RunTime:0.1028s ]
SQL: SHOW COLUMNS FROM `client` [ RunTime:0.0094s ]
SQL: SELECT * FROM `task` WHERE ( accepter = '1' )  [ RunTime:0.0008s ]
SQL: SELECT * FROM `client` WHERE ( id = '2' )  [ RunTime:0.0004s ]
SQL: SELECT * FROM `client` WHERE ( id = '1' )  [ RunTime:0.0004s ]
INFO: [ view_parse ] --START--
INFO: [ template_filter ] --START--
INFO: Run Behavior\ContentReplaceBehavior [ RunTime:0.000072s ]
INFO: [ template_filter ] --END-- [ RunTime:0.000146s ]
NOTIC: [8] Undefined variable: listtask C:\Users\Administrator\Desktop\MCMS\Index\Runtime\Cache\Home\f8cf203eb98c60ed9cec339b90173a5c.php 第 118 行.
INFO: Run Behavior\ParseTemplateBehavior [ RunTime:0.010734s ]
INFO: [ view_parse ] --END-- [ RunTime:0.010809s ]
INFO: [ view_filter ] --START--
INFO: Run Behavior\WriteHtmlCacheBehavior [ RunTime:0.000397s ]
INFO: [ view_filter ] --END-- [ RunTime:0.000451s ]
INFO: [ app_end ] --START--
INFO: Run Behavior\ShowPageTraceBehavior [ RunTime:0.000620s ]
INFO: [ app_end ] --END-- [ RunTime:0.000677s ]

[ 2016-04-05T13:57:49+08:00 ] 192.168.0.173 /index.php/Home/Task/index
INFO: [ app_init ] --START--
INFO: Run Behavior\BuildLiteBehavior [ RunTime:0.000021s ]
INFO: [ app_init ] --END-- [ RunTime:0.000496s ]
INFO: [ app_begin ] --START--
INFO: Run Behavior\ReadHtmlCacheBehavior [ RunTime:0.000552s ]
INFO: [ app_begin ] --END-- [ RunTime:0.000622s ]
SQL: SHOW COLUMNS FROM `task` [ RunTime:0.0082s ]
SQL: SHOW COLUMNS FROM `client` [ RunTime:0.0062s ]
SQL: SELECT * FROM `task`  [ RunTime:0.0005s ]
SQL: SELECT * FROM `client` WHERE ( id = '2' )  [ RunTime:0.0005s ]
SQL: SELECT * FROM `client` WHERE ( id = '1' )  [ RunTime:0.0004s ]
SQL: SELECT * FROM `client` WHERE ( id = '7' )  [ RunTime:0.0004s ]
SQL: SELECT * FROM `client` WHERE ( id = '2' )  [ RunTime:0.0004s ]
INFO: [ view_parse ] --START--
INFO: [ template_filter ] --START--
INFO: Run Behavior\ContentReplaceBehavior [ RunTime:0.000142s ]
INFO: [ template_filter ] --END-- [ RunTime:0.000251s ]
INFO: Run Behavior\ParseTemplateBehavior [ RunTime:0.016507s ]
INFO: [ view_parse ] --END-- [ RunTime:0.016608s ]
INFO: [ view_filter ] --START--
INFO: Run Behavior\WriteHtmlCacheBehavior [ RunTime:0.000258s ]
INFO: [ view_filter ] --END-- [ RunTime:0.000295s ]
INFO: [ app_end ] --START--
INFO: Run Behavior\ShowPageTraceBehavior [ RunTime:0.000391s ]
INFO: [ app_end ] --END-- [ RunTime:0.000430s ]

[ 2016-04-05T13:57:50+08:00 ] 192.168.0.173 /index.php/Home/Task/
INFO: [ app_init ] --START--
INFO: Run Behavior\BuildLiteBehavior [ RunTime:0.000013s ]
INFO: [ app_init ] --END-- [ RunTime:0.000314s ]
INFO: [ app_begin ] --START--
INFO: Run Behavior\ReadHtmlCacheBehavior [ RunTime:0.000367s ]
INFO: [ app_begin ] --END-- [ RunTime:0.000411s ]
SQL: SHOW COLUMNS FROM `task` [ RunTime:0.0099s ]
SQL: SHOW COLUMNS FROM `client` [ RunTime:0.0079s ]
SQL: SELECT * FROM `task`  [ RunTime:0.0004s ]
SQL: SELECT * FROM `client` WHERE ( id = '2' )  [ RunTime:0.0004s ]
SQL: SELECT * FROM `client` WHERE ( id = '1' )  [ RunTime:0.0003s ]
SQL: SELECT * FROM `client` WHERE ( id = '7' )  [ RunTime:0.0003s ]
SQL: SELECT * FROM `client` WHERE ( id = '2' )  [ RunTime:0.0003s ]
INFO: [ view_parse ] --START--
INFO: [ template_filter ] --START--
INFO: Run Behavior\ContentReplaceBehavior [ RunTime:0.000111s ]
INFO: [ template_filter ] --END-- [ RunTime:0.000197s ]
INFO: Run Behavior\ParseTemplateBehavior [ RunTime:0.011394s ]
INFO: [ view_parse ] --END-- [ RunTime:0.011497s ]
INFO: [ view_filter ] --START--
INFO: Run Behavior\WriteHtmlCacheBehavior [ RunTime:0.000418s ]
INFO: [ view_filter ] --END-- [ RunTime:0.000479s ]
INFO: [ app_end ] --START--
INFO: Run Behavior\ShowPageTraceBehavior [ RunTime:0.000707s ]
INFO: [ app_end ] --END-- [ RunTime:0.000778s ]

[ 2016-04-05T13:57:54+08:00 ] 192.168.0.173 /index.php/Home/Task/mytask
INFO: [ app_init ] --START--
INFO: Run Behavior\BuildLiteBehavior [ RunTime:0.000016s ]
INFO: [ app_init ] --END-- [ RunTime:0.000349s ]
INFO: [ app_begin ] --START--
INFO: Run Behavior\ReadHtmlCacheBehavior [ RunTime:0.000399s ]
INFO: [ app_begin ] --END-- [ RunTime:0.000451s ]
SQL: SHOW COLUMNS FROM `task` [ RunTime:0.0035s ]
SQL: SHOW COLUMNS FROM `client` [ RunTime:0.0031s ]
SQL: SELECT * FROM `task`  [ RunTime:0.0003s ]
SQL: SELECT * FROM `client` WHERE ( id = '2' )  [ RunTime:0.0002s ]
SQL: SELECT * FROM `client` WHERE ( id = '1' )  [ RunTime:0.0002s ]
SQL: SELECT * FROM `client` WHERE ( id = '7' )  [ RunTime:0.0002s ]
SQL: SELECT * FROM `client` WHERE ( id = '2' )  [ RunTime:0.0002s ]
INFO: [ view_parse ] --START--
INFO: [ template_filter ] --START--
INFO: Run Behavior\ContentReplaceBehavior [ RunTime:0.000451s ]
INFO: [ template_filter ] --END-- [ RunTime:0.000529s ]
INFO: Run Behavior\ParseTemplateBehavior [ RunTime:0.009377s ]
INFO: [ view_parse ] --END-- [ RunTime:0.009467s ]
INFO: [ view_filter ] --START--
INFO: Run Behavior\WriteHtmlCacheBehavior [ RunTime:0.000338s ]
INFO: [ view_filter ] --END-- [ RunTime:0.000385s ]
INFO: [ app_end ] --START--
INFO: Run Behavior\ShowPageTraceBehavior [ RunTime:0.000451s ]
INFO: [ app_end ] --END-- [ RunTime:0.000497s ]

[ 2016-04-05T13:57:55+08:00 ] 192.168.0.173 /index.php/Home/Task/
INFO: [ app_init ] --START--
INFO: Run Behavior\BuildLiteBehavior [ RunTime:0.000012s ]
INFO: [ app_init ] --END-- [ RunTime:0.000301s ]
INFO: [ app_begin ] --START--
INFO: Run Behavior\ReadHtmlCacheBehavior [ RunTime:0.000378s ]
INFO: [ app_begin ] --END-- [ RunTime:0.000432s ]
SQL: SHOW COLUMNS FROM `task` [ RunTime:0.0049s ]
SQL: SHOW COLUMNS FROM `client` [ RunTime:0.0030s ]
SQL: SELECT * FROM `task`  [ RunTime:0.0002s ]
SQL: SELECT * FROM `client` WHERE ( id = '2' )  [ RunTime:0.0002s ]
SQL: SELECT * FROM `client` WHERE ( id = '1' )  [ RunTime:0.0002s ]
SQL: SELECT * FROM `client` WHERE ( id = '7' )  [ RunTime:0.0002s ]
SQL: SELECT * FROM `client` WHERE ( id = '2' )  [ RunTime:0.0002s ]
INFO: [ view_parse ] --START--
INFO: [ template_filter ] --START--
INFO: Run Behavior\ContentReplaceBehavior [ RunTime:0.000068s ]
INFO: [ template_filter ] --END-- [ RunTime:0.000125s ]
INFO: Run Behavior\ParseTemplateBehavior [ RunTime:0.006906s ]
INFO: [ view_parse ] --END-- [ RunTime:0.006974s ]
INFO: [ view_filter ] --START--
INFO: Run Behavior\WriteHtmlCacheBehavior [ RunTime:0.000276s ]
INFO: [ view_filter ] --END-- [ RunTime:0.000315s ]
INFO: [ app_end ] --START--
INFO: Run Behavior\ShowPageTraceBehavior [ RunTime:0.000434s ]
INFO: [ app_end ] --END-- [ RunTime:0.000475s ]

[ 2016-04-05T13:58:06+08:00 ] 192.168.0.173 /index.php/Home/Client/index
INFO: [ app_init ] --START--
INFO: Run Behavior\BuildLiteBehavior [ RunTime:0.000027s ]
INFO: [ app_init ] --END-- [ RunTime:0.000671s ]
INFO: [ app_begin ] --START--
INFO: Run Behavior\ReadHtmlCacheBehavior [ RunTime:0.000797s ]
INFO: [ app_begin ] --END-- [ RunTime:0.000895s ]
SQL: SHOW COLUMNS FROM `client` [ RunTime:0.0066s ]
SQL: SELECT * FROM `client`  [ RunTime:0.0004s ]
INFO: [ view_parse ] --START--
INFO: [ template_filter ] --START--
INFO: Run Behavior\ContentReplaceBehavior [ RunTime:0.000194s ]
INFO: [ template_filter ] --END-- [ RunTime:0.000317s ]
INFO: Run Behavior\ParseTemplateBehavior [ RunTime:0.014819s ]
INFO: [ view_parse ] --END-- [ RunTime:0.014943s ]
INFO: [ view_filter ] --START--
INFO: Run Behavior\WriteHtmlCacheBehavior [ RunTime:0.000442s ]
INFO: [ view_filter ] --END-- [ RunTime:0.000499s ]
INFO: [ app_end ] --START--
INFO: Run Behavior\ShowPageTraceBehavior [ RunTime:0.000435s ]
INFO: [ app_end ] --END-- [ RunTime:0.000478s ]

[ 2016-04-05T13:58:07+08:00 ] 192.168.0.173 /index.php/Home/Client/
INFO: [ app_init ] --START--
INFO: Run Behavior\BuildLiteBehavior [ RunTime:0.000018s ]
INFO: [ app_init ] --END-- [ RunTime:0.000347s ]
INFO: [ app_begin ] --START--
INFO: Run Behavior\ReadHtmlCacheBehavior [ RunTime:0.000430s ]
INFO: [ app_begin ] --END-- [ RunTime:0.000487s ]
SQL: SHOW COLUMNS FROM `client` [ RunTime:0.0047s ]
SQL: SELECT * FROM `client`  [ RunTime:0.0002s ]
INFO: [ view_parse ] --START--
INFO: [ template_filter ] --START--
INFO: Run Behavior\ContentReplaceBehavior [ RunTime:0.000067s ]
INFO: [ template_filter ] --END-- [ RunTime:0.000121s ]
INFO: Run Behavior\ParseTemplateBehavior [ RunTime:0.006651s ]
INFO: [ view_parse ] --END-- [ RunTime:0.006708s ]
INFO: [ view_filter ] --START--
INFO: Run Behavior\WriteHtmlCacheBehavior [ RunTime:0.000264s ]
INFO: [ view_filter ] --END-- [ RunTime:0.000302s ]
INFO: [ app_end ] --START--
INFO: Run Behavior\ShowPageTraceBehavior [ RunTime:0.000459s ]
INFO: [ app_end ] --END-- [ RunTime:0.000502s ]

[ 2016-04-05T13:58:09+08:00 ] 192.168.0.173 /index.php/Home/Index/index
INFO: [ app_init ] --START--
INFO: Run Behavior\BuildLiteBehavior [ RunTime:0.000013s ]
INFO: [ app_init ] --END-- [ RunTime:0.000311s ]
INFO: [ app_begin ] --START--
INFO: Run Behavior\ReadHtmlCacheBehavior [ RunTime:0.000358s ]
INFO: [ app_begin ] --END-- [ RunTime:0.000403s ]
SQL: SHOW COLUMNS FROM `task` [ RunTime:0.0103s ]
SQL: SHOW COLUMNS FROM `client` [ RunTime:0.0041s ]
SQL: SELECT * FROM `task` WHERE ( accepter = '1' )  [ RunTime:0.0004s ]
SQL: SELECT * FROM `client` WHERE ( id = '2' )  [ RunTime:0.0003s ]
SQL: SELECT * FROM `client` WHERE ( id = '1' )  [ RunTime:0.0003s ]
INFO: [ view_parse ] --START--
INFO: [ template_filter ] --START--
INFO: Run Behavior\ContentReplaceBehavior [ RunTime:0.000067s ]
INFO: [ template_filter ] --END-- [ RunTime:0.000141s ]
NOTIC: [8] Undefined variable: listtask C:\Users\Administrator\Desktop\MCMS\Index\Runtime\Cache\Home\f8cf203eb98c60ed9cec339b90173a5c.php 第 118 行.
INFO: Run Behavior\ParseTemplateBehavior [ RunTime:0.009905s ]
INFO: [ view_parse ] --END-- [ RunTime:0.009976s ]
INFO: [ view_filter ] --START--
INFO: Run Behavior\WriteHtmlCacheBehavior [ RunTime:0.000362s ]
INFO: [ view_filter ] --END-- [ RunTime:0.000416s ]
INFO: [ app_end ] --START--
INFO: Run Behavior\ShowPageTraceBehavior [ RunTime:0.000544s ]
INFO: [ app_end ] --END-- [ RunTime:0.000599s ]

[ 2016-04-05T13:58:10+08:00 ] 192.168.0.173 /index.php/Home/Index/
INFO: [ app_init ] --START--
INFO: Run Behavior\BuildLiteBehavior [ RunTime:0.000012s ]
INFO: [ app_init ] --END-- [ RunTime:0.000294s ]
INFO: [ app_begin ] --START--
INFO: Run Behavior\ReadHtmlCacheBehavior [ RunTime:0.000356s ]
INFO: [ app_begin ] --END-- [ RunTime:0.000399s ]
SQL: SHOW COLUMNS FROM `task` [ RunTime:0.0065s ]
SQL: SHOW COLUMNS FROM `client` [ RunTime:0.0047s ]
SQL: SELECT * FROM `task` WHERE ( accepter = '1' )  [ RunTime:0.0006s ]
SQL: SELECT * FROM `client` WHERE ( id = '2' )  [ RunTime:0.0004s ]
SQL: SELECT * FROM `client` WHERE ( id = '1' )  [ RunTime:0.0003s ]
INFO: [ view_parse ] --START--
INFO: [ template_filter ] --START--
INFO: Run Behavior\ContentReplaceBehavior [ RunTime:0.000080s ]
INFO: [ template_filter ] --END-- [ RunTime:0.000159s ]
NOTIC: [8] Undefined variable: listtask C:\Users\Administrator\Desktop\MCMS\Index\Runtime\Cache\Home\f8cf203eb98c60ed9cec339b90173a5c.php 第 118 行.
INFO: Run Behavior\ParseTemplateBehavior [ RunTime:0.011063s ]
INFO: [ view_parse ] --END-- [ RunTime:0.011139s ]
INFO: [ view_filter ] --START--
INFO: Run Behavior\WriteHtmlCacheBehavior [ RunTime:0.000425s ]
INFO: [ view_filter ] --END-- [ RunTime:0.000487s ]
INFO: [ app_end ] --START--
INFO: Run Behavior\ShowPageTraceBehavior [ RunTime:0.000837s ]
INFO: [ app_end ] --END-- [ RunTime:0.000904s ]

[ 2016-04-05T13:58:16+08:00 ] 192.168.0.173 /index.php/Home/Task/index
INFO: [ app_init ] --START--
INFO: Run Behavior\BuildLiteBehavior [ RunTime:0.000014s ]
INFO: [ app_init ] --END-- [ RunTime:0.000363s ]
INFO: [ app_begin ] --START--
INFO: Run Behavior\ReadHtmlCacheBehavior [ RunTime:0.000469s ]
INFO: [ app_begin ] --END-- [ RunTime:0.000522s ]
SQL: SHOW COLUMNS FROM `task` [ RunTime:0.0041s ]
SQL: SHOW COLUMNS FROM `client` [ RunTime:0.0030s ]
SQL: SELECT * FROM `task`  [ RunTime:0.0002s ]
SQL: SELECT * FROM `client` WHERE ( id = '2' )  [ RunTime:0.0002s ]
SQL: SELECT * FROM `client` WHERE ( id = '1' )  [ RunTime:0.0002s ]
SQL: SELECT * FROM `client` WHERE ( id = '7' )  [ RunTime:0.0002s ]
SQL: SELECT * FROM `client` WHERE ( id = '2' )  [ RunTime:0.0002s ]
INFO: [ view_parse ] --START--
INFO: [ template_filter ] --START--
INFO: Run Behavior\ContentReplaceBehavior [ RunTime:0.000066s ]
INFO: [ template_filter ] --END-- [ RunTime:0.000119s ]
INFO: Run Behavior\ParseTemplateBehavior [ RunTime:0.006876s ]
INFO: [ view_parse ] --END-- [ RunTime:0.006938s ]
INFO: [ view_filter ] --START--
INFO: Run Behavior\WriteHtmlCacheBehavior [ RunTime:0.000271s ]
INFO: [ view_filter ] --END-- [ RunTime:0.000309s ]
INFO: [ app_end ] --START--
INFO: Run Behavior\ShowPageTraceBehavior [ RunTime:0.000427s ]
INFO: [ app_end ] --END-- [ RunTime:0.000471s ]

[ 2016-04-05T13:58:17+08:00 ] 192.168.0.173 /index.php/Home/Task/
INFO: [ app_init ] --START--
INFO: Run Behavior\BuildLiteBehavior [ RunTime:0.000014s ]
INFO: [ app_init ] --END-- [ RunTime:0.000300s ]
INFO: [ app_begin ] --START--
INFO: Run Behavior\ReadHtmlCacheBehavior [ RunTime:0.000359s ]
INFO: [ app_begin ] --END-- [ RunTime:0.000402s ]
SQL: SHOW COLUMNS FROM `task` [ RunTime:0.0039s ]
SQL: SHOW COLUMNS FROM `client` [ RunTime:0.0030s ]
SQL: SELECT * FROM `task`  [ RunTime:0.0002s ]
SQL: SELECT * FROM `client` WHERE ( id = '2' )  [ RunTime:0.0002s ]
SQL: SELECT * FROM `client` WHERE ( id = '1' )  [ RunTime:0.0002s ]
SQL: SELECT * FROM `client` WHERE ( id = '7' )  [ RunTime:0.0002s ]
SQL: SELECT * FROM `client` WHERE ( id = '2' )  [ RunTime:0.0002s ]
INFO: [ view_parse ] --START--
INFO: [ template_filter ] --START--
INFO: Run Behavior\ContentReplaceBehavior [ RunTime:0.000063s ]
INFO: [ template_filter ] --END-- [ RunTime:0.000110s ]
INFO: Run Behavior\ParseTemplateBehavior [ RunTime:0.006361s ]
INFO: [ view_parse ] --END-- [ RunTime:0.006424s ]
INFO: [ view_filter ] --START--
INFO: Run Behavior\WriteHtmlCacheBehavior [ RunTime:0.000250s ]
INFO: [ view_filter ] --END-- [ RunTime:0.000286s ]
INFO: [ app_end ] --START--
INFO: Run Behavior\ShowPageTraceBehavior [ RunTime:0.000407s ]
INFO: [ app_end ] --END-- [ RunTime:0.000448s ]

[ 2016-04-05T13:58:34+08:00 ] 192.168.0.173 /index.php/Home/Index/index
INFO: [ app_init ] --START--
INFO: Run Behavior\BuildLiteBehavior [ RunTime:0.000016s ]
INFO: [ app_init ] --END-- [ RunTime:0.000407s ]
INFO: [ app_begin ] --START--
INFO: Run Behavior\ReadHtmlCacheBehavior [ RunTime:0.000501s ]
INFO: [ app_begin ] --END-- [ RunTime:0.000565s ]
SQL: SHOW COLUMNS FROM `task` [ RunTime:0.0047s ]
SQL: SHOW COLUMNS FROM `client` [ RunTime:0.0031s ]
SQL: SELECT * FROM `task` WHERE ( accepter = '1' )  [ RunTime:0.0003s ]
SQL: SELECT * FROM `client` WHERE ( id = '2' )  [ RunTime:0.0002s ]
SQL: SELECT * FROM `client` WHERE ( id = '1' )  [ RunTime:0.0002s ]
INFO: [ view_parse ] --START--
INFO: [ template_filter ] --START--
INFO: Run Behavior\ContentReplaceBehavior [ RunTime:0.000058s ]
INFO: [ template_filter ] --END-- [ RunTime:0.000131s ]
NOTIC: [8] Undefined variable: listtask C:\Users\Administrator\Desktop\MCMS\Index\Runtime\Cache\Home\f8cf203eb98c60ed9cec339b90173a5c.php 第 118 行.
INFO: Run Behavior\ParseTemplateBehavior [ RunTime:0.008162s ]
INFO: [ view_parse ] --END-- [ RunTime:0.008222s ]
INFO: [ view_filter ] --START--
INFO: Run Behavior\WriteHtmlCacheBehavior [ RunTime:0.000305s ]
INFO: [ view_filter ] --END-- [ RunTime:0.000347s ]
INFO: [ app_end ] --START--
INFO: Run Behavior\ShowPageTraceBehavior [ RunTime:0.000442s ]
INFO: [ app_end ] --END-- [ RunTime:0.000488s ]

[ 2016-04-05T13:58:35+08:00 ] 192.168.0.173 /index.php/Home/Index/
INFO: [ app_init ] --START--
INFO: Run Behavior\BuildLiteBehavior [ RunTime:0.000011s ]
INFO: [ app_init ] --END-- [ RunTime:0.000294s ]
INFO: [ app_begin ] --START--
INFO: Run Behavior\ReadHtmlCacheBehavior [ RunTime:0.000355s ]
INFO: [ app_begin ] --END-- [ RunTime:0.000398s ]
SQL: SHOW COLUMNS FROM `task` [ RunTime:0.0048s ]
SQL: SHOW COLUMNS FROM `client` [ RunTime:0.0031s ]
SQL: SELECT * FROM `task` WHERE ( accepter = '1' )  [ RunTime:0.0003s ]
SQL: SELECT * FROM `client` WHERE ( id = '2' )  [ RunTime:0.0002s ]
SQL: SELECT * FROM `client` WHERE ( id = '1' )  [ RunTime:0.0002s ]
INFO: [ view_parse ] --START--
INFO: [ template_filter ] --START--
INFO: Run Behavior\ContentReplaceBehavior [ RunTime:0.000055s ]
INFO: [ template_filter ] --END-- [ RunTime:0.000121s ]
NOTIC: [8] Undefined variable: listtask C:\Users\Administrator\Desktop\MCMS\Index\Runtime\Cache\Home\f8cf203eb98c60ed9cec339b90173a5c.php 第 118 行.
INFO: Run Behavior\ParseTemplateBehavior [ RunTime:0.007222s ]
INFO: [ view_parse ] --END-- [ RunTime:0.007281s ]
INFO: [ view_filter ] --START--
INFO: Run Behavior\WriteHtmlCacheBehavior [ RunTime:0.000310s ]
INFO: [ view_filter ] --END-- [ RunTime:0.000350s ]
INFO: [ app_end ] --START--
INFO: Run Behavior\ShowPageTraceBehavior [ RunTime:0.000526s ]
INFO: [ app_end ] --END-- [ RunTime:0.000596s ]

[ 2016-04-05T13:58:38+08:00 ] 192.168.0.173 /index.php/Home/Task/mytask
INFO: [ app_init ] --START--
INFO: Run Behavior\BuildLiteBehavior [ RunTime:0.000016s ]
INFO: [ app_init ] --END-- [ RunTime:0.000379s ]
INFO: [ app_begin ] --START--
INFO: Run Behavior\ReadHtmlCacheBehavior [ RunTime:0.000375s ]
INFO: [ app_begin ] --END-- [ RunTime:0.000422s ]
SQL: SHOW COLUMNS FROM `task` [ RunTime:0.0046s ]
SQL: SHOW COLUMNS FROM `client` [ RunTime:0.0035s ]
SQL: SELECT * FROM `task`  [ RunTime:0.0003s ]
SQL: SELECT * FROM `client` WHERE ( id = '2' )  [ RunTime:0.0002s ]
SQL: SELECT * FROM `client` WHERE ( id = '1' )  [ RunTime:0.0002s ]
SQL: SELECT * FROM `client` WHERE ( id = '7' )  [ RunTime:0.0001s ]
SQL: SELECT * FROM `client` WHERE ( id = '2' )  [ RunTime:0.0002s ]
INFO: [ view_parse ] --START--
INFO: [ template_filter ] --START--
INFO: Run Behavior\ContentReplaceBehavior [ RunTime:0.000070s ]
INFO: [ template_filter ] --END-- [ RunTime:0.000130s ]
INFO: Run Behavior\ParseTemplateBehavior [ RunTime:0.007611s ]
INFO: [ view_parse ] --END-- [ RunTime:0.007693s ]
INFO: [ view_filter ] --START--
INFO: Run Behavior\WriteHtmlCacheBehavior [ RunTime:0.000277s ]
INFO: [ view_filter ] --END-- [ RunTime:0.000319s ]
INFO: [ app_end ] --START--
INFO: Run Behavior\ShowPageTraceBehavior [ RunTime:0.000540s ]
INFO: [ app_end ] --END-- [ RunTime:0.000596s ]

[ 2016-04-05T13:58:39+08:00 ] 192.168.0.173 /index.php/Home/Task/
INFO: [ app_init ] --START--
INFO: Run Behavior\BuildLiteBehavior [ RunTime:0.000013s ]
INFO: [ app_init ] --END-- [ RunTime:0.000307s ]
INFO: [ app_begin ] --START--
INFO: Run Behavior\ReadHtmlCacheBehavior [ RunTime:0.000373s ]
INFO: [ app_begin ] --END-- [ RunTime:0.000419s ]
SQL: SHOW COLUMNS FROM `task` [ RunTime:0.0034s ]
SQL: SHOW COLUMNS FROM `client` [ RunTime:0.0031s ]
SQL: SELECT * FROM `task`  [ RunTime:0.0003s ]
SQL: SELECT * FROM `client` WHERE ( id = '2' )  [ RunTime:0.0002s ]
SQL: SELECT * FROM `client` WHERE ( id = '1' )  [ RunTime:0.0002s ]
SQL: SELECT * FROM `client` WHERE ( id = '7' )  [ RunTime:0.0002s ]
SQL: SELECT * FROM `client` WHERE ( id = '2' )  [ RunTime:0.0002s ]
INFO: [ view_parse ] --START--
INFO: [ template_filter ] --START--
INFO: Run Behavior\ContentReplaceBehavior [ RunTime:0.000068s ]
INFO: [ template_filter ] --END-- [ RunTime:0.000125s ]
INFO: Run Behavior\ParseTemplateBehavior [ RunTime:0.007161s ]
INFO: [ view_parse ] --END-- [ RunTime:0.007237s ]
INFO: [ view_filter ] --START--
INFO: Run Behavior\WriteHtmlCacheBehavior [ RunTime:0.000389s ]
INFO: [ view_filter ] --END-- [ RunTime:0.000429s ]
INFO: [ app_end ] --START--
INFO: Run Behavior\ShowPageTraceBehavior [ RunTime:0.000435s ]
INFO: [ app_end ] --END-- [ RunTime:0.000485s ]

[ 2016-04-05T13:58:47+08:00 ] 192.168.0.173 /index.php/Home/Task/index
INFO: [ app_init ] --START--
INFO: Run Behavior\BuildLiteBehavior [ RunTime:0.000021s ]
INFO: [ app_init ] --END-- [ RunTime:0.000654s ]
INFO: [ app_begin ] --START--
INFO: Run Behavior\ReadHtmlCacheBehavior [ RunTime:0.000694s ]
INFO: [ app_begin ] --END-- [ RunTime:0.000773s ]
SQL: SHOW COLUMNS FROM `task` [ RunTime:0.0044s ]
SQL: SHOW COLUMNS FROM `client` [ RunTime:0.0046s ]
SQL: SELECT * FROM `task`  [ RunTime:0.0004s ]
SQL: SELECT * FROM `client` WHERE ( id = '2' )  [ RunTime:0.0003s ]
SQL: SELECT * FROM `client` WHERE ( id = '1' )  [ RunTime:0.0002s ]
SQL: SELECT * FROM `client` WHERE ( id = '7' )  [ RunTime:0.0002s ]
SQL: SELECT * FROM `client` WHERE ( id = '2' )  [ RunTime:0.0002s ]
INFO: [ view_parse ] --START--
INFO: [ template_filter ] --START--
INFO: Run Behavior\ContentReplaceBehavior [ RunTime:0.000094s ]
INFO: [ template_filter ] --END-- [ RunTime:0.000171s ]
INFO: Run Behavior\ParseTemplateBehavior [ RunTime:0.009984s ]
INFO: [ view_parse ] --END-- [ RunTime:0.010139s ]
INFO: [ view_filter ] --START--
INFO: Run Behavior\WriteHtmlCacheBehavior [ RunTime:0.000412s ]
INFO: [ view_filter ] --END-- [ RunTime:0.000472s ]
INFO: [ app_end ] --START--
INFO: Run Behavior\ShowPageTraceBehavior [ RunTime:0.000604s ]
INFO: [ app_end ] --END-- [ RunTime:0.000664s ]

[ 2016-04-05T13:58:48+08:00 ] 192.168.0.173 /index.php/Home/Task/
INFO: [ app_init ] --START--
INFO: Run Behavior\BuildLiteBehavior [ RunTime:0.000014s ]
INFO: [ app_init ] --END-- [ RunTime:0.000337s ]
INFO: [ app_begin ] --START--
INFO: Run Behavior\ReadHtmlCacheBehavior [ RunTime:0.000366s ]
INFO: [ app_begin ] --END-- [ RunTime:0.000410s ]
SQL: SHOW COLUMNS FROM `task` [ RunTime:0.0050s ]
SQL: SHOW COLUMNS FROM `client` [ RunTime:0.0043s ]
SQL: SELECT * FROM `task`  [ RunTime:0.0003s ]
SQL: SELECT * FROM `client` WHERE ( id = '2' )  [ RunTime:0.0003s ]
SQL: SELECT * FROM `client` WHERE ( id = '1' )  [ RunTime:0.0003s ]
SQL: SELECT * FROM `client` WHERE ( id = '7' )  [ RunTime:0.0003s ]
SQL: SELECT * FROM `client` WHERE ( id = '2' )  [ RunTime:0.0003s ]
INFO: [ view_parse ] --START--
INFO: [ template_filter ] --START--
INFO: Run Behavior\ContentReplaceBehavior [ RunTime:0.000098s ]
INFO: [ template_filter ] --END-- [ RunTime:0.000180s ]
INFO: Run Behavior\ParseTemplateBehavior [ RunTime:0.009453s ]
INFO: [ view_parse ] --END-- [ RunTime:0.009543s ]
INFO: [ view_filter ] --START--
INFO: Run Behavior\WriteHtmlCacheBehavior [ RunTime:0.000360s ]
INFO: [ view_filter ] --END-- [ RunTime:0.000416s ]
INFO: [ app_end ] --START--
INFO: Run Behavior\ShowPageTraceBehavior [ RunTime:0.000563s ]
INFO: [ app_end ] --END-- [ RunTime:0.000622s ]

[ 2016-04-05T13:59:02+08:00 ] 192.168.0.173 /index.php/Home/Task/mytask
INFO: [ app_init ] --START--
INFO: Run Behavior\BuildLiteBehavior [ RunTime:0.000013s ]
INFO: [ app_init ] --END-- [ RunTime:0.000341s ]
INFO: [ app_begin ] --START--
INFO: Run Behavior\ReadHtmlCacheBehavior [ RunTime:0.000566s ]
INFO: [ app_begin ] --END-- [ RunTime:0.000639s ]
SQL: SHOW COLUMNS FROM `task` [ RunTime:0.0032s ]
SQL: SHOW COLUMNS FROM `client` [ RunTime:0.0035s ]
SQL: SELECT * FROM `task`  [ RunTime:0.0003s ]
SQL: SELECT * FROM `client` WHERE ( id = '2' )  [ RunTime:0.0002s ]
SQL: SELECT * FROM `client` WHERE ( id = '1' )  [ RunTime:0.0002s ]
SQL: SELECT * FROM `client` WHERE ( id = '7' )  [ RunTime:0.0002s ]
SQL: SELECT * FROM `client` WHERE ( id = '2' )  [ RunTime:0.0002s ]
INFO: [ view_parse ] --START--
INFO: [ template_filter ] --START--
INFO: Run Behavior\ContentReplaceBehavior [ RunTime:0.000069s ]
INFO: [ template_filter ] --END-- [ RunTime:0.000121s ]
INFO: Run Behavior\ParseTemplateBehavior [ RunTime:0.007218s ]
INFO: [ view_parse ] --END-- [ RunTime:0.007280s ]
INFO: [ view_filter ] --START--
INFO: Run Behavior\WriteHtmlCacheBehavior [ RunTime:0.000264s ]
INFO: [ view_filter ] --END-- [ RunTime:0.000302s ]
INFO: [ app_end ] --START--
INFO: Run Behavior\ShowPageTraceBehavior [ RunTime:0.000413s ]
INFO: [ app_end ] --END-- [ RunTime:0.000475s ]

[ 2016-04-05T13:59:03+08:00 ] 192.168.0.173 /index.php/Home/Task/
INFO: [ app_init ] --START--
INFO: Run Behavior\BuildLiteBehavior [ RunTime:0.000013s ]
INFO: [ app_init ] --END-- [ RunTime:0.000310s ]
INFO: [ app_begin ] --START--
INFO: Run Behavior\ReadHtmlCacheBehavior [ RunTime:0.000365s ]
INFO: [ app_begin ] --END-- [ RunTime:0.000409s ]
SQL: SHOW COLUMNS FROM `task` [ RunTime:0.0033s ]
SQL: SHOW COLUMNS FROM `client` [ RunTime:0.0030s ]
SQL: SELECT * FROM `task`  [ RunTime:0.0002s ]
SQL: SELECT * FROM `client` WHERE ( id = '2' )  [ RunTime:0.0002s ]
SQL: SELECT * FROM `client` WHERE ( id = '1' )  [ RunTime:0.0002s ]
SQL: SELECT * FROM `client` WHERE ( id = '7' )  [ RunTime:0.0002s ]
SQL: SELECT * FROM `client` WHERE ( id = '2' )  [ RunTime:0.0002s ]
INFO: [ view_parse ] --START--
INFO: [ template_filter ] --START--
INFO: Run Behavior\ContentReplaceBehavior [ RunTime:0.000069s ]
INFO: [ template_filter ] --END-- [ RunTime:0.000127s ]
INFO: Run Behavior\ParseTemplateBehavior [ RunTime:0.006929s ]
INFO: [ view_parse ] --END-- [ RunTime:0.006999s ]
INFO: [ view_filter ] --START--
INFO: Run Behavior\WriteHtmlCacheBehavior [ RunTime:0.000419s ]
INFO: [ view_filter ] --END-- [ RunTime:0.000466s ]
INFO: [ app_end ] --START--
INFO: Run Behavior\ShowPageTraceBehavior [ RunTime:0.000509s ]
INFO: [ app_end ] --END-- [ RunTime:0.000557s ]

[ 2016-04-05T13:59:06+08:00 ] 192.168.0.173 /index.php/Home/Client/index
INFO: [ app_init ] --START--
INFO: Run Behavior\BuildLiteBehavior [ RunTime:0.000013s ]
INFO: [ app_init ] --END-- [ RunTime:0.000295s ]
INFO: [ app_begin ] --START--
INFO: Run Behavior\ReadHtmlCacheBehavior [ RunTime:0.000354s ]
INFO: [ app_begin ] --END-- [ RunTime:0.000398s ]
SQL: SHOW COLUMNS FROM `client` [ RunTime:0.0047s ]
SQL: SELECT * FROM `client`  [ RunTime:0.0003s ]
INFO: [ view_parse ] --START--
INFO: [ template_filter ] --START--
INFO: Run Behavior\ContentReplaceBehavior [ RunTime:0.000065s ]
INFO: [ template_filter ] --END-- [ RunTime:0.000116s ]
INFO: Run Behavior\ParseTemplateBehavior [ RunTime:0.006677s ]
INFO: [ view_parse ] --END-- [ RunTime:0.006805s ]
INFO: [ view_filter ] --START--
INFO: Run Behavior\WriteHtmlCacheBehavior [ RunTime:0.000268s ]
INFO: [ view_filter ] --END-- [ RunTime:0.000308s ]
INFO: [ app_end ] --START--
INFO: Run Behavior\ShowPageTraceBehavior [ RunTime:0.000424s ]
INFO: [ app_end ] --END-- [ RunTime:0.000468s ]

[ 2016-04-05T13:59:07+08:00 ] 192.168.0.173 /index.php/Home/Client/
INFO: [ app_init ] --START--
INFO: Run Behavior\BuildLiteBehavior [ RunTime:0.000011s ]
INFO: [ app_init ] --END-- [ RunTime:0.000292s ]
INFO: [ app_begin ] --START--
INFO: Run Behavior\ReadHtmlCacheBehavior [ RunTime:0.000378s ]
INFO: [ app_begin ] --END-- [ RunTime:0.000428s ]
SQL: SHOW COLUMNS FROM `client` [ RunTime:0.0045s ]
SQL: SELECT * FROM `client`  [ RunTime:0.0002s ]
INFO: [ view_parse ] --START--
INFO: [ template_filter ] --START--
INFO: Run Behavior\ContentReplaceBehavior [ RunTime:0.000073s ]
INFO: [ template_filter ] --END-- [ RunTime:0.000140s ]
INFO: Run Behavior\ParseTemplateBehavior [ RunTime:0.007505s ]
INFO: [ view_parse ] --END-- [ RunTime:0.007582s ]
INFO: [ view_filter ] --START--
INFO: Run Behavior\WriteHtmlCacheBehavior [ RunTime:0.000300s ]
INFO: [ view_filter ] --END-- [ RunTime:0.000352s ]
INFO: [ app_end ] --START--
INFO: Run Behavior\ShowPageTraceBehavior [ RunTime:0.000571s ]
INFO: [ app_end ] --END-- [ RunTime:0.000665s ]

[ 2016-04-05T13:59:10+08:00 ] 192.168.0.173 /index.php/Home/Tool/index
INFO: [ app_init ] --START--
INFO: Run Behavior\BuildLiteBehavior [ RunTime:0.000024s ]
INFO: [ app_init ] --END-- [ RunTime:0.000587s ]
INFO: [ app_begin ] --START--
INFO: Run Behavior\ReadHtmlCacheBehavior [ RunTime:0.000698s ]
INFO: [ app_begin ] --END-- [ RunTime:0.000783s ]
SQL: SHOW COLUMNS FROM `tool` [ RunTime:0.0141s ]
SQL: SELECT * FROM `tool`  [ RunTime:0.0008s ]
INFO: [ view_parse ] --START--
INFO: [ template_filter ] --START--
INFO: Run Behavior\ContentReplaceBehavior [ RunTime:0.000112s ]
INFO: [ template_filter ] --END-- [ RunTime:0.000213s ]
INFO: Run Behavior\ParseTemplateBehavior [ RunTime:0.012105s ]
INFO: [ view_parse ] --END-- [ RunTime:0.012222s ]
INFO: [ view_filter ] --START--
INFO: Run Behavior\WriteHtmlCacheBehavior [ RunTime:0.000526s ]
INFO: [ view_filter ] --END-- [ RunTime:0.000601s ]
INFO: [ app_end ] --START--
INFO: Run Behavior\ShowPageTraceBehavior [ RunTime:0.000716s ]
INFO: [ app_end ] --END-- [ RunTime:0.000788s ]

[ 2016-04-05T13:59:11+08:00 ] 192.168.0.173 /index.php/Home/Tool/
INFO: [ app_init ] --START--
INFO: Run Behavior\BuildLiteBehavior [ RunTime:0.000011s ]
INFO: [ app_init ] --END-- [ RunTime:0.000295s ]
INFO: [ app_begin ] --START--
INFO: Run Behavior\ReadHtmlCacheBehavior [ RunTime:0.000365s ]
INFO: [ app_begin ] --END-- [ RunTime:0.000410s ]
SQL: SHOW COLUMNS FROM `tool` [ RunTime:0.0050s ]
SQL: SELECT * FROM `tool`  [ RunTime:0.0003s ]
INFO: [ view_parse ] --START--
INFO: [ template_filter ] --START--
INFO: Run Behavior\ContentReplaceBehavior [ RunTime:0.000088s ]
INFO: [ template_filter ] --END-- [ RunTime:0.000162s ]
INFO: Run Behavior\ParseTemplateBehavior [ RunTime:0.009411s ]
INFO: [ view_parse ] --END-- [ RunTime:0.009527s ]
INFO: [ view_filter ] --START--
INFO: Run Behavior\WriteHtmlCacheBehavior [ RunTime:0.000386s ]
INFO: [ view_filter ] --END-- [ RunTime:0.000493s ]
INFO: [ app_end ] --START--
INFO: Run Behavior\ShowPageTraceBehavior [ RunTime:0.000624s ]
INFO: [ app_end ] --END-- [ RunTime:0.000685s ]

[ 2016-04-05T13:59:12+08:00 ] 192.168.0.173 /index.php/Home/User/index
INFO: [ app_init ] --START--
INFO: Run Behavior\BuildLiteBehavior [ RunTime:0.000012s ]
INFO: [ app_init ] --END-- [ RunTime:0.000313s ]
INFO: [ app_begin ] --START--
INFO: Run Behavior\ReadHtmlCacheBehavior [ RunTime:0.000363s ]
INFO: [ app_begin ] --END-- [ RunTime:0.000407s ]
SQL: SHOW COLUMNS FROM `user` [ RunTime:0.0079s ]
SQL: SELECT * FROM `user`  [ RunTime:0.0005s ]
INFO: [ view_parse ] --START--
INFO: [ template_filter ] --START--
INFO: Run Behavior\ContentReplaceBehavior [ RunTime:0.000141s ]
INFO: [ template_filter ] --END-- [ RunTime:0.000256s ]
INFO: Run Behavior\ParseTemplateBehavior [ RunTime:0.015244s ]
INFO: [ view_parse ] --END-- [ RunTime:0.015372s ]
INFO: [ view_filter ] --START--
INFO: Run Behavior\WriteHtmlCacheBehavior [ RunTime:0.000549s ]
INFO: [ view_filter ] --END-- [ RunTime:0.000633s ]
INFO: [ app_end ] --START--
INFO: Run Behavior\ShowPageTraceBehavior [ RunTime:0.000872s ]
INFO: [ app_end ] --END-- [ RunTime:0.000963s ]

[ 2016-04-05T13:59:13+08:00 ] 192.168.0.173 /index.php/Home/User/
INFO: [ app_init ] --START--
INFO: Run Behavior\BuildLiteBehavior [ RunTime:0.000012s ]
INFO: [ app_init ] --END-- [ RunTime:0.000314s ]
INFO: [ app_begin ] --START--
INFO: Run Behavior\ReadHtmlCacheBehavior [ RunTime:0.000525s ]
INFO: [ app_begin ] --END-- [ RunTime:0.000585s ]
SQL: SHOW COLUMNS FROM `user` [ RunTime:0.0049s ]
SQL: SELECT * FROM `user`  [ RunTime:0.0003s ]
INFO: [ view_parse ] --START--
INFO: [ template_filter ] --START--
INFO: Run Behavior\ContentReplaceBehavior [ RunTime:0.000070s ]
INFO: [ template_filter ] --END-- [ RunTime:0.000129s ]
INFO: Run Behavior\ParseTemplateBehavior [ RunTime:0.007257s ]
INFO: [ view_parse ] --END-- [ RunTime:0.007323s ]
INFO: [ view_filter ] --START--
INFO: Run Behavior\WriteHtmlCacheBehavior [ RunTime:0.000303s ]
INFO: [ view_filter ] --END-- [ RunTime:0.000346s ]
INFO: [ app_end ] --START--
INFO: Run Behavior\ShowPageTraceBehavior [ RunTime:0.000551s ]
INFO: [ app_end ] --END-- [ RunTime:0.000599s ]

[ 2016-04-05T13:59:14+08:00 ] 192.168.0.173 /index.php/Home/Task/index
INFO: [ app_init ] --START--
INFO: Run Behavior\BuildLiteBehavior [ RunTime:0.000013s ]
INFO: [ app_init ] --END-- [ RunTime:0.000322s ]
INFO: [ app_begin ] --START--
INFO: Run Behavior\ReadHtmlCacheBehavior [ RunTime:0.000447s ]
INFO: [ app_begin ] --END-- [ RunTime:0.000500s ]
SQL: SHOW COLUMNS FROM `task` [ RunTime:0.0066s ]
SQL: SHOW COLUMNS FROM `client` [ RunTime:0.0047s ]
SQL: SELECT * FROM `task`  [ RunTime:0.0004s ]
SQL: SELECT * FROM `client` WHERE ( id = '2' )  [ RunTime:0.0003s ]
SQL: SELECT * FROM `client` WHERE ( id = '1' )  [ RunTime:0.0003s ]
SQL: SELECT * FROM `client` WHERE ( id = '7' )  [ RunTime:0.0003s ]
SQL: SELECT * FROM `client` WHERE ( id = '2' )  [ RunTime:0.0004s ]
INFO: [ view_parse ] --START--
INFO: [ template_filter ] --START--
INFO: Run Behavior\ContentReplaceBehavior [ RunTime:0.000107s ]
INFO: [ template_filter ] --END-- [ RunTime:0.000187s ]
INFO: Run Behavior\ParseTemplateBehavior [ RunTime:0.011054s ]
INFO: [ view_parse ] --END-- [ RunTime:0.011166s ]
INFO: [ view_filter ] --START--
INFO: Run Behavior\WriteHtmlCacheBehavior [ RunTime:0.000499s ]
INFO: [ view_filter ] --END-- [ RunTime:0.000565s ]
INFO: [ app_end ] --START--
INFO: Run Behavior\ShowPageTraceBehavior [ RunTime:0.000685s ]
INFO: [ app_end ] --END-- [ RunTime:0.000755s ]

[ 2016-04-05T13:59:16+08:00 ] 192.168.0.173 /index.php/Home/Tool/index
INFO: [ app_init ] --START--
INFO: Run Behavior\BuildLiteBehavior [ RunTime:0.000012s ]
INFO: [ app_init ] --END-- [ RunTime:0.000293s ]
INFO: [ app_begin ] --START--
INFO: Run Behavior\ReadHtmlCacheBehavior [ RunTime:0.000350s ]
INFO: [ app_begin ] --END-- [ RunTime:0.000394s ]
SQL: SHOW COLUMNS FROM `tool` [ RunTime:0.0046s ]
SQL: SELECT * FROM `tool`  [ RunTime:0.0003s ]
INFO: [ view_parse ] --START--
INFO: [ template_filter ] --START--
INFO: Run Behavior\ContentReplaceBehavior [ RunTime:0.000083s ]
INFO: [ template_filter ] --END-- [ RunTime:0.000157s ]
INFO: Run Behavior\ParseTemplateBehavior [ RunTime:0.008491s ]
INFO: [ view_parse ] --END-- [ RunTime:0.008580s ]
INFO: [ view_filter ] --START--
INFO: Run Behavior\WriteHtmlCacheBehavior [ RunTime:0.000332s ]
INFO: [ view_filter ] --END-- [ RunTime:0.000384s ]
INFO: [ app_end ] --START--
INFO: Run Behavior\ShowPageTraceBehavior [ RunTime:0.000552s ]
INFO: [ app_end ] --END-- [ RunTime:0.000606s ]

[ 2016-04-05T13:59:17+08:00 ] 192.168.0.173 /index.php/Home/Tool/
INFO: [ app_init ] --START--
INFO: Run Behavior\BuildLiteBehavior [ RunTime:0.000014s ]
INFO: [ app_init ] --END-- [ RunTime:0.000367s ]
INFO: [ app_begin ] --START--
INFO: Run Behavior\ReadHtmlCacheBehavior [ RunTime:0.000444s ]
INFO: [ app_begin ] --END-- [ RunTime:0.000499s ]
SQL: SHOW COLUMNS FROM `tool` [ RunTime:0.0397s ]
SQL: SELECT * FROM `tool`  [ RunTime:0.0003s ]
INFO: [ view_parse ] --START--
INFO: [ template_filter ] --START--
INFO: Run Behavior\ContentReplaceBehavior [ RunTime:0.000089s ]
INFO: [ template_filter ] --END-- [ RunTime:0.000160s ]
INFO: Run Behavior\ParseTemplateBehavior [ RunTime:0.009065s ]
INFO: [ view_parse ] --END-- [ RunTime:0.009142s ]
INFO: [ view_filter ] --START--
INFO: Run Behavior\WriteHtmlCacheBehavior [ RunTime:0.000355s ]
INFO: [ view_filter ] --END-- [ RunTime:0.000404s ]
INFO: [ app_end ] --START--
INFO: Run Behavior\ShowPageTraceBehavior [ RunTime:0.000455s ]
INFO: [ app_end ] --END-- [ RunTime:0.000503s ]

[ 2016-04-05T13:59:21+08:00 ] 192.168.0.173 /index.php/Home/Index/index
INFO: [ app_init ] --START--
INFO: Run Behavior\BuildLiteBehavior [ RunTime:0.000017s ]
INFO: [ app_init ] --END-- [ RunTime:0.000411s ]
INFO: [ app_begin ] --START--
INFO: Run Behavior\ReadHtmlCacheBehavior [ RunTime:0.000501s ]
INFO: [ app_begin ] --END-- [ RunTime:0.000563s ]
SQL: SHOW COLUMNS FROM `task` [ RunTime:0.0058s ]
SQL: SHOW COLUMNS FROM `client` [ RunTime:0.0043s ]
SQL: SELECT * FROM `task` WHERE ( accepter = '1' )  [ RunTime:0.0004s ]
SQL: SELECT * FROM `client` WHERE ( id = '2' )  [ RunTime:0.0003s ]
SQL: SELECT * FROM `client` WHERE ( id = '1' )  [ RunTime:0.0002s ]
INFO: [ view_parse ] --START--
INFO: [ template_filter ] --START--
INFO: Run Behavior\ContentReplaceBehavior [ RunTime:0.000051s ]
INFO: [ template_filter ] --END-- [ RunTime:0.000106s ]
NOTIC: [8] Undefined variable: listtask C:\Users\Administrator\Desktop\MCMS\Index\Runtime\Cache\Home\f8cf203eb98c60ed9cec339b90173a5c.php 第 118 行.
INFO: Run Behavior\ParseTemplateBehavior [ RunTime:0.008700s ]
INFO: [ view_parse ] --END-- [ RunTime:0.008762s ]
INFO: [ view_filter ] --START--
INFO: Run Behavior\WriteHtmlCacheBehavior [ RunTime:0.000299s ]
INFO: [ view_filter ] --END-- [ RunTime:0.000340s ]
INFO: [ app_end ] --START--
INFO: Run Behavior\ShowPageTraceBehavior [ RunTime:0.000427s ]
INFO: [ app_end ] --END-- [ RunTime:0.000469s ]

[ 2016-04-05T13:59:22+08:00 ] 192.168.0.173 /index.php/Home/Index/
INFO: [ app_init ] --START--
INFO: Run Behavior\BuildLiteBehavior [ RunTime:0.000012s ]
INFO: [ app_init ] --END-- [ RunTime:0.000294s ]
INFO: [ app_begin ] --START--
INFO: Run Behavior\ReadHtmlCacheBehavior [ RunTime:0.000354s ]
INFO: [ app_begin ] --END-- [ RunTime:0.000400s ]
SQL: SHOW COLUMNS FROM `task` [ RunTime:0.0065s ]
SQL: SHOW COLUMNS FROM `client` [ RunTime:0.0058s ]
SQL: SELECT * FROM `task` WHERE ( accepter = '1' )  [ RunTime:0.0005s ]
SQL: SELECT * FROM `client` WHERE ( id = '2' )  [ RunTime:0.0003s ]
SQL: SELECT * FROM `client` WHERE ( id = '1' )  [ RunTime:0.0002s ]
INFO: [ view_parse ] --START--
INFO: [ template_filter ] --START--
INFO: Run Behavior\ContentReplaceBehavior [ RunTime:0.000066s ]
INFO: [ template_filter ] --END-- [ RunTime:0.000134s ]
NOTIC: [8] Undefined variable: listtask C:\Users\Administrator\Desktop\MCMS\Index\Runtime\Cache\Home\f8cf203eb98c60ed9cec339b90173a5c.php 第 118 行.
INFO: Run Behavior\ParseTemplateBehavior [ RunTime:0.009720s ]
INFO: [ view_parse ] --END-- [ RunTime:0.009786s ]
INFO: [ view_filter ] --START--
INFO: Run Behavior\WriteHtmlCacheBehavior [ RunTime:0.000357s ]
INFO: [ view_filter ] --END-- [ RunTime:0.000408s ]
INFO: [ app_end ] --START--
INFO: Run Behavior\ShowPageTraceBehavior [ RunTime:0.000576s ]
INFO: [ app_end ] --END-- [ RunTime:0.000633s ]

[ 2016-04-05T13:59:39+08:00 ] 192.168.0.173 /index.php/Home/Task/index
INFO: [ app_init ] --START--
INFO: Run Behavior\BuildLiteBehavior [ RunTime:0.000035s ]
INFO: [ app_init ] --END-- [ RunTime:0.000751s ]
INFO: [ app_begin ] --START--
INFO: Run Behavior\ReadHtmlCacheBehavior [ RunTime:0.000944s ]
INFO: [ app_begin ] --END-- [ RunTime:0.001050s ]
SQL: SHOW COLUMNS FROM `task` [ RunTime:0.0115s ]
SQL: SHOW COLUMNS FROM `client` [ RunTime:0.0095s ]
SQL: SELECT * FROM `task`  [ RunTime:0.0009s ]
SQL: SELECT * FROM `client` WHERE ( id = '2' )  [ RunTime:0.0006s ]
SQL: SELECT * FROM `client` WHERE ( id = '1' )  [ RunTime:0.0005s ]
SQL: SELECT * FROM `client` WHERE ( id = '7' )  [ RunTime:0.0005s ]
SQL: SELECT * FROM `client` WHERE ( id = '2' )  [ RunTime:0.0007s ]
INFO: [ view_parse ] --START--
INFO: [ template_filter ] --START--
INFO: Run Behavior\ContentReplaceBehavior [ RunTime:0.000094s ]
INFO: [ template_filter ] --END-- [ RunTime:0.000177s ]
INFO: Run Behavior\ParseTemplateBehavior [ RunTime:0.018917s ]
INFO: [ view_parse ] --END-- [ RunTime:0.019057s ]
INFO: [ view_filter ] --START--
INFO: Run Behavior\WriteHtmlCacheBehavior [ RunTime:0.000432s ]
INFO: [ view_filter ] --END-- [ RunTime:0.000494s ]
INFO: [ app_end ] --START--
INFO: Run Behavior\ShowPageTraceBehavior [ RunTime:0.000720s ]
INFO: [ app_end ] --END-- [ RunTime:0.000782s ]

[ 2016-04-05T13:59:40+08:00 ] 192.168.0.173 /index.php/Home/Task/
INFO: [ app_init ] --START--
INFO: Run Behavior\BuildLiteBehavior [ RunTime:0.000014s ]
INFO: [ app_init ] --END-- [ RunTime:0.000312s ]
INFO: [ app_begin ] --START--
INFO: Run Behavior\ReadHtmlCacheBehavior [ RunTime:0.000362s ]
INFO: [ app_begin ] --END-- [ RunTime:0.000406s ]
SQL: SHOW COLUMNS FROM `task` [ RunTime:0.0045s ]
SQL: SHOW COLUMNS FROM `client` [ RunTime:0.0048s ]
SQL: SELECT * FROM `task`  [ RunTime:0.0005s ]
SQL: SELECT * FROM `client` WHERE ( id = '2' )  [ RunTime:0.0003s ]
SQL: SELECT * FROM `client` WHERE ( id = '1' )  [ RunTime:0.0003s ]
SQL: SELECT * FROM `client` WHERE ( id = '7' )  [ RunTime:0.0003s ]
SQL: SELECT * FROM `client` WHERE ( id = '2' )  [ RunTime:0.0003s ]
INFO: [ view_parse ] --START--
INFO: [ template_filter ] --START--
INFO: Run Behavior\ContentReplaceBehavior [ RunTime:0.000092s ]
INFO: [ template_filter ] --END-- [ RunTime:0.000164s ]
INFO: Run Behavior\ParseTemplateBehavior [ RunTime:0.009502s ]
INFO: [ view_parse ] --END-- [ RunTime:0.009589s ]
INFO: [ view_filter ] --START--
INFO: Run Behavior\WriteHtmlCacheBehavior [ RunTime:0.000360s ]
INFO: [ view_filter ] --END-- [ RunTime:0.000412s ]
INFO: [ app_end ] --START--
INFO: Run Behavior\ShowPageTraceBehavior [ RunTime:0.000598s ]
INFO: [ app_end ] --END-- [ RunTime:0.000653s ]

[ 2016-04-05T14:16:48+08:00 ] 192.168.0.173 /
INFO: [ app_init ] --START--
INFO: Run Behavior\BuildLiteBehavior [ RunTime:0.000015s ]
INFO: [ app_init ] --END-- [ RunTime:0.000344s ]
INFO: [ app_begin ] --START--
INFO: Run Behavior\ReadHtmlCacheBehavior [ RunTime:0.000388s ]
INFO: [ app_begin ] --END-- [ RunTime:0.000434s ]

[ 2016-04-05T14:16:48+08:00 ] 192.168.0.173 /index.php/Home/Login/index
INFO: [ app_init ] --START--
INFO: Run Behavior\BuildLiteBehavior [ RunTime:0.000012s ]
INFO: [ app_init ] --END-- [ RunTime:0.000297s ]
INFO: [ app_begin ] --START--
INFO: Run Behavior\ReadHtmlCacheBehavior [ RunTime:0.000359s ]
INFO: [ app_begin ] --END-- [ RunTime:0.000402s ]
NOTIC: [2] Missing argument 1 for Think\Controller::show(), called in C:\Users\Administrator\Desktop\MCMS\Index\Home\Controller\LoginController.class.php on line 6 and defined C:\Users\Administrator\Desktop\MCMS\ThinkPHP\Library\Think\Controller.class.php 第 68 行.
NOTIC: [8] Undefined variable: content C:\Users\Administrator\Desktop\MCMS\ThinkPHP\Library\Think\Controller.class.php 第 69 行.
INFO: [ view_parse ] --START--
INFO: [ template_filter ] --START--
INFO: Run Behavior\ContentReplaceBehavior [ RunTime:0.000044s ]
INFO: [ template_filter ] --END-- [ RunTime:0.000092s ]
NOTIC: [8] Undefined variable: login C:\Users\Administrator\Desktop\MCMS\Index\Runtime\Cache\Home\8568c9968b5b48cb7715112de401a702.php 第 14 行.
INFO: Run Behavior\ParseTemplateBehavior [ RunTime:0.011585s ]
INFO: [ view_parse ] --END-- [ RunTime:0.011632s ]
INFO: [ view_filter ] --START--
INFO: Run Behavior\WriteHtmlCacheBehavior [ RunTime:0.000287s ]
INFO: [ view_filter ] --END-- [ RunTime:0.000327s ]
INFO: [ app_end ] --START--
INFO: Run Behavior\ShowPageTraceBehavior [ RunTime:0.000430s ]
INFO: [ app_end ] --END-- [ RunTime:0.000472s ]

[ 2016-04-05T14:16:56+08:00 ] 192.168.0.173 /index.php/Home/Login/login
INFO: [ app_init ] --START--
INFO: Run Behavior\BuildLiteBehavior [ RunTime:0.000026s ]
INFO: [ app_init ] --END-- [ RunTime:0.000649s ]
INFO: [ app_begin ] --START--
INFO: Run Behavior\ReadHtmlCacheBehavior [ RunTime:0.000777s ]
INFO: [ app_begin ] --END-- [ RunTime:0.000876s ]
SQL: SHOW COLUMNS FROM `user` [ RunTime:0.0129s ]
SQL: SELECT * FROM `user` WHERE ( username='admin' and password='21232f297a57a5a743894a0e4a801fc3' ) LIMIT 1   [ RunTime:0.0005s ]

[ 2016-04-05T14:16:57+08:00 ] 192.168.0.173 /index.php/Home/Index/index
INFO: [ app_init ] --START--
INFO: Run Behavior\BuildLiteBehavior [ RunTime:0.000025s ]
INFO: [ app_init ] --END-- [ RunTime:0.000655s ]
INFO: [ app_begin ] --START--
INFO: Run Behavior\ReadHtmlCacheBehavior [ RunTime:0.000416s ]
INFO: [ app_begin ] --END-- [ RunTime:0.000467s ]
SQL: SHOW COLUMNS FROM `task` [ RunTime:0.0082s ]
SQL: SHOW COLUMNS FROM `client` [ RunTime:0.0074s ]
SQL: SELECT * FROM `task` WHERE ( accepter = '1' )  [ RunTime:0.0006s ]
SQL: SELECT * FROM `client` WHERE ( id = '2' )  [ RunTime:0.0005s ]
SQL: SELECT * FROM `client` WHERE ( id = '1' )  [ RunTime:0.0005s ]
INFO: [ view_parse ] --START--
INFO: [ template_filter ] --START--
INFO: Run Behavior\ContentReplaceBehavior [ RunTime:0.000053s ]
INFO: [ template_filter ] --END-- [ RunTime:0.000107s ]
NOTIC: [8] Undefined variable: listtask C:\Users\Administrator\Desktop\MCMS\Index\Runtime\Cache\Home\f8cf203eb98c60ed9cec339b90173a5c.php 第 118 行.
INFO: Run Behavior\ParseTemplateBehavior [ RunTime:0.015045s ]
INFO: [ view_parse ] --END-- [ RunTime:0.015206s ]
INFO: [ view_filter ] --START--
INFO: Run Behavior\WriteHtmlCacheBehavior [ RunTime:0.000272s ]
INFO: [ view_filter ] --END-- [ RunTime:0.000309s ]
INFO: [ app_end ] --START--
INFO: Run Behavior\ShowPageTraceBehavior [ RunTime:0.000426s ]
INFO: [ app_end ] --END-- [ RunTime:0.000467s ]

[ 2016-04-05T14:16:58+08:00 ] 192.168.0.173 /index.php/Home/Index/
INFO: [ app_init ] --START--
INFO: Run Behavior\BuildLiteBehavior [ RunTime:0.000013s ]
INFO: [ app_init ] --END-- [ RunTime:0.000320s ]
INFO: [ app_begin ] --START--
INFO: Run Behavior\ReadHtmlCacheBehavior [ RunTime:0.000384s ]
INFO: [ app_begin ] --END-- [ RunTime:0.000430s ]
SQL: SHOW COLUMNS FROM `task` [ RunTime:0.0113s ]
SQL: SHOW COLUMNS FROM `client` [ RunTime:0.0113s ]
SQL: SELECT * FROM `task` WHERE ( accepter = '1' )  [ RunTime:0.0018s ]
SQL: SELECT * FROM `client` WHERE ( id = '2' )  [ RunTime:0.0009s ]
SQL: SELECT * FROM `client` WHERE ( id = '1' )  [ RunTime:0.0008s ]
INFO: [ view_parse ] --START--
INFO: [ template_filter ] --START--
INFO: Run Behavior\ContentReplaceBehavior [ RunTime:0.000104s ]
INFO: [ template_filter ] --END-- [ RunTime:0.000206s ]
NOTIC: [8] Undefined variable: listtask C:\Users\Administrator\Desktop\MCMS\Index\Runtime\Cache\Home\f8cf203eb98c60ed9cec339b90173a5c.php 第 118 行.
INFO: Run Behavior\ParseTemplateBehavior [ RunTime:0.018033s ]
INFO: [ view_parse ] --END-- [ RunTime:0.018172s ]
INFO: [ view_filter ] --START--
INFO: Run Behavior\WriteHtmlCacheBehavior [ RunTime:0.000545s ]
INFO: [ view_filter ] --END-- [ RunTime:0.000626s ]
INFO: [ app_end ] --START--
INFO: Run Behavior\ShowPageTraceBehavior [ RunTime:0.000864s ]
INFO: [ app_end ] --END-- [ RunTime:0.000949s ]

[ 2016-04-05T14:20:29+08:00 ] 192.168.3.253 /
INFO: [ app_init ] --START--
INFO: Run Behavior\BuildLiteBehavior [ RunTime:0.000013s ]
INFO: [ app_init ] --END-- [ RunTime:0.000329s ]
INFO: [ app_begin ] --START--
INFO: Run Behavior\ReadHtmlCacheBehavior [ RunTime:0.000380s ]
INFO: [ app_begin ] --END-- [ RunTime:0.000425s ]

[ 2016-04-05T14:20:29+08:00 ] 192.168.3.253 /index.php/Home/Login/index
INFO: [ app_init ] --START--
INFO: Run Behavior\BuildLiteBehavior [ RunTime:0.000012s ]
INFO: [ app_init ] --END-- [ RunTime:0.000298s ]
INFO: [ app_begin ] --START--
INFO: Run Behavior\ReadHtmlCacheBehavior [ RunTime:0.001528s ]
INFO: [ app_begin ] --END-- [ RunTime:0.001590s ]
NOTIC: [2] Missing argument 1 for Think\Controller::show(), called in C:\Users\Administrator\Desktop\MCMS\Index\Home\Controller\LoginController.class.php on line 6 and defined C:\Users\Administrator\Desktop\MCMS\ThinkPHP\Library\Think\Controller.class.php 第 68 行.
NOTIC: [8] Undefined variable: content C:\Users\Administrator\Desktop\MCMS\ThinkPHP\Library\Think\Controller.class.php 第 69 行.
INFO: [ view_parse ] --START--
INFO: [ template_filter ] --START--
INFO: Run Behavior\ContentReplaceBehavior [ RunTime:0.000046s ]
INFO: [ template_filter ] --END-- [ RunTime:0.000098s ]
NOTIC: [8] Undefined variable: login C:\Users\Administrator\Desktop\MCMS\Index\Runtime\Cache\Home\8568c9968b5b48cb7715112de401a702.php 第 14 行.
INFO: Run Behavior\ParseTemplateBehavior [ RunTime:0.005819s ]
INFO: [ view_parse ] --END-- [ RunTime:0.005870s ]
INFO: [ view_filter ] --START--
INFO: Run Behavior\WriteHtmlCacheBehavior [ RunTime:0.000318s ]
INFO: [ view_filter ] --END-- [ RunTime:0.000357s ]
INFO: [ app_end ] --START--
INFO: Run Behavior\ShowPageTraceBehavior [ RunTime:0.000442s ]
INFO: [ app_end ] --END-- [ RunTime:0.000481s ]

[ 2016-04-05T14:20:48+08:00 ] 192.168.3.253 /index.php/Home/Login/login
INFO: [ app_init ] --START--
INFO: Run Behavior\BuildLiteBehavior [ RunTime:0.000012s ]
INFO: [ app_init ] --END-- [ RunTime:0.000291s ]
INFO: [ app_begin ] --START--
INFO: Run Behavior\ReadHtmlCacheBehavior [ RunTime:0.000375s ]
INFO: [ app_begin ] --END-- [ RunTime:0.000420s ]
SQL: SHOW COLUMNS FROM `user` [ RunTime:0.0119s ]
SQL: SELECT * FROM `user` WHERE ( username='admin' and password='21232f297a57a5a743894a0e4a801fc3' ) LIMIT 1   [ RunTime:0.0009s ]

[ 2016-04-05T14:20:49+08:00 ] 192.168.3.253 /index.php/Home/Index/index
INFO: [ app_init ] --START--
INFO: Run Behavior\BuildLiteBehavior [ RunTime:0.000019s ]
INFO: [ app_init ] --END-- [ RunTime:0.000489s ]
INFO: [ app_begin ] --START--
INFO: Run Behavior\ReadHtmlCacheBehavior [ RunTime:0.000598s ]
INFO: [ app_begin ] --END-- [ RunTime:0.000670s ]
SQL: SHOW COLUMNS FROM `task` [ RunTime:0.0118s ]
SQL: SHOW COLUMNS FROM `client` [ RunTime:0.0088s ]
SQL: SELECT * FROM `task` WHERE ( accepter = '1' )  [ RunTime:0.0006s ]
SQL: SELECT * FROM `client` WHERE ( id = '2' )  [ RunTime:0.0005s ]
SQL: SELECT * FROM `client` WHERE ( id = '1' )  [ RunTime:0.0008s ]
INFO: [ view_parse ] --START--
INFO: [ template_filter ] --START--
INFO: Run Behavior\ContentReplaceBehavior [ RunTime:0.000119s ]
INFO: [ template_filter ] --END-- [ RunTime:0.000229s ]
NOTIC: [8] Undefined variable: listtask C:\Users\Administrator\Desktop\MCMS\Index\Runtime\Cache\Home\f8cf203eb98c60ed9cec339b90173a5c.php 第 118 行.
INFO: Run Behavior\ParseTemplateBehavior [ RunTime:0.017205s ]
INFO: [ view_parse ] --END-- [ RunTime:0.017368s ]
INFO: [ view_filter ] --START--
INFO: Run Behavior\WriteHtmlCacheBehavior [ RunTime:0.000683s ]
INFO: [ view_filter ] --END-- [ RunTime:0.001088s ]
INFO: [ app_end ] --START--
INFO: Run Behavior\ShowPageTraceBehavior [ RunTime:0.000999s ]
INFO: [ app_end ] --END-- [ RunTime:0.001099s ]

[ 2016-04-05T14:21:40+08:00 ] 192.168.3.253 /index.php/Home/Task/mytask
INFO: [ app_init ] --START--
INFO: Run Behavior\BuildLiteBehavior [ RunTime:0.000011s ]
INFO: [ app_init ] --END-- [ RunTime:0.000285s ]
INFO: [ app_begin ] --START--
INFO: Run Behavior\ReadHtmlCacheBehavior [ RunTime:0.000347s ]
INFO: [ app_begin ] --END-- [ RunTime:0.000388s ]
SQL: SHOW COLUMNS FROM `task` [ RunTime:0.0142s ]
SQL: SHOW COLUMNS FROM `client` [ RunTime:0.0114s ]
SQL: SELECT * FROM `task`  [ RunTime:0.0008s ]
SQL: SELECT * FROM `client` WHERE ( id = '2' )  [ RunTime:0.0008s ]
SQL: SELECT * FROM `client` WHERE ( id = '1' )  [ RunTime:0.0008s ]
SQL: SELECT * FROM `client` WHERE ( id = '7' )  [ RunTime:0.0004s ]
SQL: SELECT * FROM `client` WHERE ( id = '2' )  [ RunTime:0.0004s ]
INFO: [ view_parse ] --START--
INFO: [ template_filter ] --START--
INFO: Run Behavior\ContentReplaceBehavior [ RunTime:0.000130s ]
INFO: [ template_filter ] --END-- [ RunTime:0.000220s ]
INFO: Run Behavior\ParseTemplateBehavior [ RunTime:0.014214s ]
INFO: [ view_parse ] --END-- [ RunTime:0.014339s ]
INFO: [ view_filter ] --START--
INFO: Run Behavior\WriteHtmlCacheBehavior [ RunTime:0.000493s ]
INFO: [ view_filter ] --END-- [ RunTime:0.000566s ]
INFO: [ app_end ] --START--
INFO: Run Behavior\ShowPageTraceBehavior [ RunTime:0.001021s ]
INFO: [ app_end ] --END-- [ RunTime:0.001103s ]

[ 2016-04-05T14:21:53+08:00 ] 192.168.3.253 /index.php/Home/Task/index
INFO: [ app_init ] --START--
INFO: Run Behavior\BuildLiteBehavior [ RunTime:0.000013s ]
INFO: [ app_init ] --END-- [ RunTime:0.000366s ]
INFO: [ app_begin ] --START--
INFO: Run Behavior\ReadHtmlCacheBehavior [ RunTime:0.000358s ]
INFO: [ app_begin ] --END-- [ RunTime:0.000400s ]
SQL: SHOW COLUMNS FROM `task` [ RunTime:0.0049s ]
SQL: SHOW COLUMNS FROM `client` [ RunTime:0.0033s ]
SQL: SELECT * FROM `task`  [ RunTime:0.0003s ]
SQL: SELECT * FROM `client` WHERE ( id = '2' )  [ RunTime:0.0002s ]
SQL: SELECT * FROM `client` WHERE ( id = '1' )  [ RunTime:0.0002s ]
SQL: SELECT * FROM `client` WHERE ( id = '7' )  [ RunTime:0.0002s ]
SQL: SELECT * FROM `client` WHERE ( id = '2' )  [ RunTime:0.0002s ]
INFO: [ view_parse ] --START--
INFO: [ template_filter ] --START--
INFO: Run Behavior\ContentReplaceBehavior [ RunTime:0.000070s ]
INFO: [ template_filter ] --END-- [ RunTime:0.000123s ]
INFO: Run Behavior\ParseTemplateBehavior [ RunTime:0.007181s ]
INFO: [ view_parse ] --END-- [ RunTime:0.007249s ]
INFO: [ view_filter ] --START--
INFO: Run Behavior\WriteHtmlCacheBehavior [ RunTime:0.000292s ]
INFO: [ view_filter ] --END-- [ RunTime:0.000333s ]
INFO: [ app_end ] --START--
INFO: Run Behavior\ShowPageTraceBehavior [ RunTime:0.000600s ]
INFO: [ app_end ] --END-- [ RunTime:0.000675s ]

[ 2016-04-05T14:21:59+08:00 ] 192.168.3.253 /index.php/Home/Task/mytask
INFO: [ app_init ] --START--
INFO: Run Behavior\BuildLiteBehavior [ RunTime:0.000012s ]
INFO: [ app_init ] --END-- [ RunTime:0.000315s ]
INFO: [ app_begin ] --START--
INFO: Run Behavior\ReadHtmlCacheBehavior [ RunTime:0.000364s ]
INFO: [ app_begin ] --END-- [ RunTime:0.000406s ]
SQL: SHOW COLUMNS FROM `task` [ RunTime:0.0115s ]
SQL: SHOW COLUMNS FROM `client` [ RunTime:0.0110s ]
SQL: SELECT * FROM `task`  [ RunTime:0.0008s ]
SQL: SELECT * FROM `client` WHERE ( id = '2' )  [ RunTime:0.0008s ]
SQL: SELECT * FROM `client` WHERE ( id = '1' )  [ RunTime:0.0008s ]
SQL: SELECT * FROM `client` WHERE ( id = '7' )  [ RunTime:0.0007s ]
SQL: SELECT * FROM `client` WHERE ( id = '2' )  [ RunTime:0.0009s ]
INFO: [ view_parse ] --START--
INFO: [ template_filter ] --START--
INFO: Run Behavior\ContentReplaceBehavior [ RunTime:0.000148s ]
INFO: [ template_filter ] --END-- [ RunTime:0.000252s ]
INFO: Run Behavior\ParseTemplateBehavior [ RunTime:0.021389s ]
INFO: [ view_parse ] --END-- [ RunTime:0.021599s ]
INFO: [ view_filter ] --START--
INFO: Run Behavior\WriteHtmlCacheBehavior [ RunTime:0.000553s ]
INFO: [ view_filter ] --END-- [ RunTime:0.000634s ]
INFO: [ app_end ] --START--
INFO: Run Behavior\ShowPageTraceBehavior [ RunTime:0.001144s ]
INFO: [ app_end ] --END-- [ RunTime:0.001240s ]

[ 2016-04-05T14:22:04+08:00 ] 192.168.3.253 /index.php/Home/Task/modify
INFO: [ app_init ] --START--
INFO: Run Behavior\BuildLiteBehavior [ RunTime:0.000012s ]
INFO: [ app_init ] --END-- [ RunTime:0.000293s ]
INFO: [ app_begin ] --START--
INFO: Run Behavior\ReadHtmlCacheBehavior [ RunTime:0.000367s ]
INFO: [ app_begin ] --END-- [ RunTime:0.000408s ]
NOTIC: [8] Undefined index: tid C:\Users\Administrator\Desktop\MCMS\Index\Home\Controller\TaskController.class.php 第 52 行.
SQL: SHOW COLUMNS FROM `task` [ RunTime:0.0108s ]
INFO: [ app_end ] --START--
INFO: Run Behavior\ShowPageTraceBehavior [ RunTime:0.002303s ]
INFO: [ app_end ] --END-- [ RunTime:0.002501s ]

[ 2016-04-05T14:22:14+08:00 ] 192.168.3.253 /index.php/Home/Task/modify
INFO: [ app_init ] --START--
INFO: Run Behavior\BuildLiteBehavior [ RunTime:0.000012s ]
INFO: [ app_init ] --END-- [ RunTime:0.000293s ]
INFO: [ app_begin ] --START--
INFO: Run Behavior\ReadHtmlCacheBehavior [ RunTime:0.000366s ]
INFO: [ app_begin ] --END-- [ RunTime:0.000408s ]
NOTIC: [8] Undefined index: tid C:\Users\Administrator\Desktop\MCMS\Index\Home\Controller\TaskController.class.php 第 52 行.
SQL: SHOW COLUMNS FROM `task` [ RunTime:0.0111s ]
INFO: [ app_end ] --START--
INFO: Run Behavior\ShowPageTraceBehavior [ RunTime:0.001679s ]
INFO: [ app_end ] --END-- [ RunTime:0.001865s ]

[ 2016-04-05T14:22:30+08:00 ] 192.168.3.253 /index.php/Home/Client/index
INFO: [ app_init ] --START--
INFO: Run Behavior\BuildLiteBehavior [ RunTime:0.000014s ]
INFO: [ app_init ] --END-- [ RunTime:0.000381s ]
INFO: [ app_begin ] --START--
INFO: Run Behavior\ReadHtmlCacheBehavior [ RunTime:0.000356s ]
INFO: [ app_begin ] --END-- [ RunTime:0.000398s ]
SQL: SHOW COLUMNS FROM `client` [ RunTime:0.0122s ]
SQL: SELECT * FROM `client`  [ RunTime:0.0008s ]
INFO: [ view_parse ] --START--
INFO: [ template_filter ] --START--
INFO: Run Behavior\ContentReplaceBehavior [ RunTime:0.000255s ]
INFO: [ template_filter ] --END-- [ RunTime:0.000444s ]
INFO: Run Behavior\ParseTemplateBehavior [ RunTime:0.029027s ]
INFO: [ view_parse ] --END-- [ RunTime:0.029237s ]
INFO: [ view_filter ] --START--
INFO: Run Behavior\WriteHtmlCacheBehavior [ RunTime:0.001275s ]
INFO: [ view_filter ] --END-- [ RunTime:0.001446s ]
INFO: [ app_end ] --START--
INFO: Run Behavior\ShowPageTraceBehavior [ RunTime:0.002147s ]
INFO: [ app_end ] --END-- [ RunTime:0.002274s ]

[ 2016-04-05T14:22:32+08:00 ] 192.168.3.253 /index.php/Home/Tool/index
INFO: [ app_init ] --START--
INFO: Run Behavior\BuildLiteBehavior [ RunTime:0.000012s ]
INFO: [ app_init ] --END-- [ RunTime:0.000315s ]
INFO: [ app_begin ] --START--
INFO: Run Behavior\ReadHtmlCacheBehavior [ RunTime:0.000376s ]
INFO: [ app_begin ] --END-- [ RunTime:0.000419s ]
SQL: SHOW COLUMNS FROM `tool` [ RunTime:0.0160s ]
SQL: SELECT * FROM `tool`  [ RunTime:0.0008s ]
INFO: [ view_parse ] --START--
INFO: [ template_filter ] --START--
INFO: Run Behavior\ContentReplaceBehavior [ RunTime:0.000244s ]
INFO: [ template_filter ] --END-- [ RunTime:0.000426s ]
INFO: Run Behavior\ParseTemplateBehavior [ RunTime:0.026035s ]
INFO: [ view_parse ] --END-- [ RunTime:0.026266s ]
INFO: [ view_filter ] --START--
INFO: Run Behavior\WriteHtmlCacheBehavior [ RunTime:0.000401s ]
INFO: [ view_filter ] --END-- [ RunTime:0.000459s ]
INFO: [ app_end ] --START--
INFO: Run Behavior\ShowPageTraceBehavior [ RunTime:0.000858s ]
INFO: [ app_end ] --END-- [ RunTime:0.000926s ]

[ 2016-04-05T14:22:36+08:00 ] 192.168.3.253 /index.php/Home/User/index
INFO: [ app_init ] --START--
INFO: Run Behavior\BuildLiteBehavior [ RunTime:0.000013s ]
INFO: [ app_init ] --END-- [ RunTime:0.000299s ]
INFO: [ app_begin ] --START--
INFO: Run Behavior\ReadHtmlCacheBehavior [ RunTime:0.000355s ]
INFO: [ app_begin ] --END-- [ RunTime:0.000398s ]
SQL: SHOW COLUMNS FROM `user` [ RunTime:0.0138s ]
SQL: SELECT * FROM `user`  [ RunTime:0.0008s ]
INFO: [ view_parse ] --START--
INFO: [ template_filter ] --START--
INFO: Run Behavior\ContentReplaceBehavior [ RunTime:0.000249s ]
INFO: [ template_filter ] --END-- [ RunTime:0.000437s ]
INFO: Run Behavior\ParseTemplateBehavior [ RunTime:0.027484s ]
INFO: [ view_parse ] --END-- [ RunTime:0.027692s ]
INFO: [ view_filter ] --START--
INFO: Run Behavior\WriteHtmlCacheBehavior [ RunTime:0.000896s ]
INFO: [ view_filter ] --END-- [ RunTime:0.000994s ]
INFO: [ app_end ] --START--
INFO: Run Behavior\ShowPageTraceBehavior [ RunTime:0.001079s ]
INFO: [ app_end ] --END-- [ RunTime:0.001189s ]

[ 2016-04-05T14:22:40+08:00 ] 192.168.3.253 /index.php/Home/Index/index
INFO: [ app_init ] --START--
INFO: Run Behavior\BuildLiteBehavior [ RunTime:0.000013s ]
INFO: [ app_init ] --END-- [ RunTime:0.000290s ]
INFO: [ app_begin ] --START--
INFO: Run Behavior\ReadHtmlCacheBehavior [ RunTime:0.000352s ]
INFO: [ app_begin ] --END-- [ RunTime:0.000394s ]
SQL: SHOW COLUMNS FROM `task` [ RunTime:0.0117s ]
SQL: SHOW COLUMNS FROM `client` [ RunTime:0.0106s ]
SQL: SELECT * FROM `task` WHERE ( accepter = '1' )  [ RunTime:0.0009s ]
SQL: SELECT * FROM `client` WHERE ( id = '2' )  [ RunTime:0.0004s ]
SQL: SELECT * FROM `client` WHERE ( id = '1' )  [ RunTime:0.0004s ]
INFO: [ view_parse ] --START--
INFO: [ template_filter ] --START--
INFO: Run Behavior\ContentReplaceBehavior [ RunTime:0.000093s ]
INFO: [ template_filter ] --END-- [ RunTime:0.000188s ]
NOTIC: [8] Undefined variable: listtask C:\Users\Administrator\Desktop\MCMS\Index\Runtime\Cache\Home\f8cf203eb98c60ed9cec339b90173a5c.php 第 118 行.
INFO: Run Behavior\ParseTemplateBehavior [ RunTime:0.012908s ]
INFO: [ view_parse ] --END-- [ RunTime:0.012994s ]
INFO: [ view_filter ] --START--
INFO: Run Behavior\WriteHtmlCacheBehavior [ RunTime:0.000544s ]
INFO: [ view_filter ] --END-- [ RunTime:0.000624s ]
INFO: [ app_end ] --START--
INFO: Run Behavior\ShowPageTraceBehavior [ RunTime:0.001022s ]
INFO: [ app_end ] --END-- [ RunTime:0.001143s ]

[ 2016-04-05T14:25:49+08:00 ] 192.168.3.253 /index.php/Home/Task/mytask
INFO: [ app_init ] --START--
INFO: Run Behavior\BuildLiteBehavior [ RunTime:0.000013s ]
INFO: [ app_init ] --END-- [ RunTime:0.000329s ]
INFO: [ app_begin ] --START--
INFO: Run Behavior\ReadHtmlCacheBehavior [ RunTime:0.000384s ]
INFO: [ app_begin ] --END-- [ RunTime:0.000428s ]
SQL: SHOW COLUMNS FROM `task` [ RunTime:0.0060s ]
SQL: SHOW COLUMNS FROM `client` [ RunTime:0.0060s ]
SQL: SELECT * FROM `task`  [ RunTime:0.0005s ]
SQL: SELECT * FROM `client` WHERE ( id = '2' )  [ RunTime:0.0004s ]
SQL: SELECT * FROM `client` WHERE ( id = '1' )  [ RunTime:0.0003s ]
SQL: SELECT * FROM `client` WHERE ( id = '7' )  [ RunTime:0.0005s ]
SQL: SELECT * FROM `client` WHERE ( id = '2' )  [ RunTime:0.0004s ]
INFO: [ view_parse ] --START--
INFO: [ template_filter ] --START--
INFO: Run Behavior\ContentReplaceBehavior [ RunTime:0.000079s ]
INFO: [ template_filter ] --END-- [ RunTime:0.000136s ]
INFO: Run Behavior\ParseTemplateBehavior [ RunTime:0.017874s ]
INFO: [ view_parse ] --END-- [ RunTime:0.017966s ]
INFO: [ view_filter ] --START--
INFO: Run Behavior\WriteHtmlCacheBehavior [ RunTime:0.000345s ]
INFO: [ view_filter ] --END-- [ RunTime:0.000387s ]
INFO: [ app_end ] --START--
INFO: Run Behavior\ShowPageTraceBehavior [ RunTime:0.000678s ]
INFO: [ app_end ] --END-- [ RunTime:0.000731s ]

[ 2016-04-05T14:26:01+08:00 ] 192.168.3.253 /index.php/Home/Task/mytask
INFO: [ app_init ] --START--
INFO: Run Behavior\BuildLiteBehavior [ RunTime:0.000012s ]
INFO: [ app_init ] --END-- [ RunTime:0.000287s ]
INFO: [ app_begin ] --START--
INFO: Run Behavior\ReadHtmlCacheBehavior [ RunTime:0.000349s ]
INFO: [ app_begin ] --END-- [ RunTime:0.000391s ]
SQL: SHOW COLUMNS FROM `task` [ RunTime:0.0116s ]
SQL: SHOW COLUMNS FROM `client` [ RunTime:0.0106s ]
SQL: SELECT * FROM `task`  [ RunTime:0.0015s ]
SQL: SELECT * FROM `client` WHERE ( id = '2' )  [ RunTime:0.0009s ]
SQL: SELECT * FROM `client` WHERE ( id = '1' )  [ RunTime:0.0008s ]
SQL: SELECT * FROM `client` WHERE ( id = '7' )  [ RunTime:0.0007s ]
SQL: SELECT * FROM `client` WHERE ( id = '2' )  [ RunTime:0.0006s ]
INFO: [ view_parse ] --START--
INFO: [ template_filter ] --START--
INFO: Run Behavior\ContentReplaceBehavior [ RunTime:0.000129s ]
INFO: [ template_filter ] --END-- [ RunTime:0.000220s ]
INFO: Run Behavior\ParseTemplateBehavior [ RunTime:0.013576s ]
INFO: [ view_parse ] --END-- [ RunTime:0.013685s ]
INFO: [ view_filter ] --START--
INFO: Run Behavior\WriteHtmlCacheBehavior [ RunTime:0.000453s ]
INFO: [ view_filter ] --END-- [ RunTime:0.000520s ]
INFO: [ app_end ] --START--
INFO: Run Behavior\ShowPageTraceBehavior [ RunTime:0.001007s ]
INFO: [ app_end ] --END-- [ RunTime:0.001097s ]

[ 2016-04-05T14:26:15+08:00 ] 192.168.3.253 /index.php/Home/Client/index
INFO: [ app_init ] --START--
INFO: Run Behavior\BuildLiteBehavior [ RunTime:0.000013s ]
INFO: [ app_init ] --END-- [ RunTime:0.000290s ]
INFO: [ app_begin ] --START--
INFO: Run Behavior\ReadHtmlCacheBehavior [ RunTime:0.000348s ]
INFO: [ app_begin ] --END-- [ RunTime:0.000389s ]
SQL: SHOW COLUMNS FROM `client` [ RunTime:0.0127s ]
SQL: SELECT * FROM `client`  [ RunTime:0.0008s ]
INFO: [ view_parse ] --START--
INFO: [ template_filter ] --START--
INFO: Run Behavior\ContentReplaceBehavior [ RunTime:0.000256s ]
INFO: [ template_filter ] --END-- [ RunTime:0.000440s ]
INFO: Run Behavior\ParseTemplateBehavior [ RunTime:0.027578s ]
INFO: [ view_parse ] --END-- [ RunTime:0.027711s ]
INFO: [ view_filter ] --START--
INFO: Run Behavior\WriteHtmlCacheBehavior [ RunTime:0.000460s ]
INFO: [ view_filter ] --END-- [ RunTime:0.000526s ]
INFO: [ app_end ] --START--
INFO: Run Behavior\ShowPageTraceBehavior [ RunTime:0.001102s ]
INFO: [ app_end ] --END-- [ RunTime:0.001191s ]

[ 2016-04-05T14:26:17+08:00 ] 192.168.3.253 /index.php/Home/Tool/index
INFO: [ app_init ] --START--
INFO: Run Behavior\BuildLiteBehavior [ RunTime:0.000012s ]
INFO: [ app_init ] --END-- [ RunTime:0.000289s ]
INFO: [ app_begin ] --START--
INFO: Run Behavior\ReadHtmlCacheBehavior [ RunTime:0.000350s ]
INFO: [ app_begin ] --END-- [ RunTime:0.000391s ]
SQL: SHOW COLUMNS FROM `tool` [ RunTime:0.0107s ]
SQL: SELECT * FROM `tool`  [ RunTime:0.0009s ]
INFO: [ view_parse ] --START--
INFO: [ template_filter ] --START--
INFO: Run Behavior\ContentReplaceBehavior [ RunTime:0.000195s ]
INFO: [ template_filter ] --END-- [ RunTime:0.000343s ]
INFO: Run Behavior\ParseTemplateBehavior [ RunTime:0.021395s ]
INFO: [ view_parse ] --END-- [ RunTime:0.021558s ]
INFO: [ view_filter ] --START--
INFO: Run Behavior\WriteHtmlCacheBehavior [ RunTime:0.000968s ]
INFO: [ view_filter ] --END-- [ RunTime:0.001093s ]
INFO: [ app_end ] --START--
INFO: Run Behavior\ShowPageTraceBehavior [ RunTime:0.001201s ]
INFO: [ app_end ] --END-- [ RunTime:0.001287s ]

[ 2016-04-05T14:26:48+08:00 ] 192.168.3.253 /index.php/Home/Tool/add
INFO: [ app_init ] --START--
INFO: Run Behavior\BuildLiteBehavior [ RunTime:0.000013s ]
INFO: [ app_init ] --END-- [ RunTime:0.000333s ]
INFO: [ app_begin ] --START--
INFO: Run Behavior\ReadHtmlCacheBehavior [ RunTime:0.000364s ]
INFO: [ app_begin ] --END-- [ RunTime:0.000405s ]
SQL: SHOW COLUMNS FROM `tool` [ RunTime:0.0131s ]
SQL: INSERT INTO `tool` (`toolname`,`keeper`,`position`) VALUES ('流量控制仪','宁海峰','气体实验室') [ RunTime:0.0031s ]
INFO: [ app_end ] --START--
INFO: Run Behavior\ShowPageTraceBehavior [ RunTime:0.001932s ]
INFO: [ app_end ] --END-- [ RunTime:0.002640s ]

[ 2016-04-05T14:26:50+08:00 ] 192.168.3.253 /index.php/Home/Tool/index
INFO: [ app_init ] --START--
INFO: Run Behavior\BuildLiteBehavior [ RunTime:0.000016s ]
INFO: [ app_init ] --END-- [ RunTime:0.000401s ]
INFO: [ app_begin ] --START--
INFO: Run Behavior\ReadHtmlCacheBehavior [ RunTime:0.000509s ]
INFO: [ app_begin ] --END-- [ RunTime:0.000570s ]
SQL: SHOW COLUMNS FROM `tool` [ RunTime:0.0129s ]
SQL: SELECT * FROM `tool`  [ RunTime:0.0008s ]
INFO: [ view_parse ] --START--
INFO: [ template_filter ] --START--
INFO: Run Behavior\ContentReplaceBehavior [ RunTime:0.000151s ]
INFO: [ template_filter ] --END-- [ RunTime:0.000270s ]
INFO: Run Behavior\ParseTemplateBehavior [ RunTime:0.020848s ]
INFO: [ view_parse ] --END-- [ RunTime:0.021001s ]
INFO: [ view_filter ] --START--
INFO: Run Behavior\WriteHtmlCacheBehavior [ RunTime:0.001054s ]
INFO: [ view_filter ] --END-- [ RunTime:0.001161s ]
INFO: [ app_end ] --START--
INFO: Run Behavior\ShowPageTraceBehavior [ RunTime:0.001594s ]
INFO: [ app_end ] --END-- [ RunTime:0.001700s ]

[ 2016-04-05T14:27:00+08:00 ] 192.168.3.253 /index.php/Home/Tool/log.html
INFO: [ app_init ] --START--
INFO: Run Behavior\BuildLiteBehavior [ RunTime:0.000012s ]
INFO: [ app_init ] --END-- [ RunTime:0.000284s ]
INFO: [ app_begin ] --START--
INFO: Run Behavior\ReadHtmlCacheBehavior [ RunTime:0.000369s ]
INFO: [ app_begin ] --END-- [ RunTime:0.000410s ]
ERR: 非法操作:log

[ 2016-04-05T14:27:06+08:00 ] 192.168.3.253 /index.php/Home/User/index
INFO: [ app_init ] --START--
INFO: Run Behavior\BuildLiteBehavior [ RunTime:0.000012s ]
INFO: [ app_init ] --END-- [ RunTime:0.000284s ]
INFO: [ app_begin ] --START--
INFO: Run Behavior\ReadHtmlCacheBehavior [ RunTime:0.000351s ]
INFO: [ app_begin ] --END-- [ RunTime:0.000392s ]
SQL: SHOW COLUMNS FROM `user` [ RunTime:0.0130s ]
SQL: SELECT * FROM `user`  [ RunTime:0.0008s ]
INFO: [ view_parse ] --START--
INFO: [ template_filter ] --START--
INFO: Run Behavior\ContentReplaceBehavior [ RunTime:0.000118s ]
INFO: [ template_filter ] --END-- [ RunTime:0.000205s ]
INFO: Run Behavior\ParseTemplateBehavior [ RunTime:0.023026s ]
INFO: [ view_parse ] --END-- [ RunTime:0.023167s ]
INFO: [ view_filter ] --START--
INFO: Run Behavior\WriteHtmlCacheBehavior [ RunTime:0.000451s ]
INFO: [ view_filter ] --END-- [ RunTime:0.000703s ]
INFO: [ app_end ] --START--
INFO: Run Behavior\ShowPageTraceBehavior [ RunTime:0.000791s ]
INFO: [ app_end ] --END-- [ RunTime:0.000866s ]

[ 2016-04-05T14:27:10+08:00 ] 192.168.3.253 /index.php/Home/Index/index
INFO: [ app_init ] --START--
INFO: Run Behavior\BuildLiteBehavior [ RunTime:0.000013s ]
INFO: [ app_init ] --END-- [ RunTime:0.000287s ]
INFO: [ app_begin ] --START--
INFO: Run Behavior\ReadHtmlCacheBehavior [ RunTime:0.000351s ]
INFO: [ app_begin ] --END-- [ RunTime:0.000392s ]
SQL: SHOW COLUMNS FROM `task` [ RunTime:0.0113s ]
SQL: SHOW COLUMNS FROM `client` [ RunTime:0.0112s ]
SQL: SELECT * FROM `task` WHERE ( accepter = '1' )  [ RunTime:0.0009s ]
SQL: SELECT * FROM `client` WHERE ( id = '2' )  [ RunTime:0.0008s ]
SQL: SELECT * FROM `client` WHERE ( id = '1' )  [ RunTime:0.0007s ]
INFO: [ view_parse ] --START--
INFO: [ template_filter ] --START--
INFO: Run Behavior\ContentReplaceBehavior [ RunTime:0.000104s ]
INFO: [ template_filter ] --END-- [ RunTime:0.000200s ]
NOTIC: [8] Undefined variable: listtask C:\Users\Administrator\Desktop\MCMS\Index\Runtime\Cache\Home\f8cf203eb98c60ed9cec339b90173a5c.php 第 118 行.
INFO: Run Behavior\ParseTemplateBehavior [ RunTime:0.016340s ]
INFO: [ view_parse ] --END-- [ RunTime:0.016466s ]
INFO: [ view_filter ] --START--
INFO: Run Behavior\WriteHtmlCacheBehavior [ RunTime:0.000553s ]
INFO: [ view_filter ] --END-- [ RunTime:0.000629s ]
INFO: [ app_end ] --START--
INFO: Run Behavior\ShowPageTraceBehavior [ RunTime:0.000829s ]
INFO: [ app_end ] --END-- [ RunTime:0.000957s ]

